   Compiling shlex v1.3.0
   Compiling find-msvc-tools v0.1.6
    Checking vm-core v0.1.0 (/Users/wangbiao/Desktop/project/vm/vm-core)
   Compiling cfg-if v1.0.4
   Compiling libc v0.2.178
   Compiling synstructure v0.13.2
    Checking ppv-lite86 v0.2.21
   Compiling serde_core v1.0.228
    Checking rand_core v0.9.3
    Checking fnv v1.0.7
   Compiling zerovec-derive v0.11.2
   Compiling zerocopy v0.8.31
   Compiling cc v1.2.51
   Compiling displaydoc v0.2.5
    Checking getrandom v0.2.16
    Checking rand_chacha v0.9.0
    Checking rand_core v0.6.4
    Checking rand v0.9.2
   Compiling rustix v1.1.3
    Checking rand_chacha v0.3.1
    Checking errno v0.3.14
   Compiling zerofrom-derive v0.1.6
   Compiling yoke-derive v0.8.1
    Checking rand v0.8.5
    Checking ahash v0.8.12
    Checking fastrand v2.3.0
    Checking wait-timeout v0.2.1
    Checking quick-error v1.2.3
    Checking rand_xorshift v0.4.0
    Checking lazy_static v1.5.0
    Checking unarray v0.1.4
    Checking hashbrown v0.13.2
   Compiling icu_normalizer_data v2.1.1
   Compiling icu_properties_data v2.1.2
   Compiling serde v1.0.228
   Compiling stable_deref_trait v1.2.1
    Checking regalloc2 v0.9.3
    Checking tempfile v3.24.0
   Compiling objc2-exception-helper v0.1.1
    Checking rusty-fork v0.3.1
   Compiling memchr v2.7.6
    Checking proptest v1.9.0
   Compiling siphasher v1.0.1
   Compiling phf_shared v0.11.3
    Checking vm-mem v0.1.0 (/Users/wangbiao/Desktop/project/vm/vm-mem)
    Checking vm-ir v0.1.0 (/Users/wangbiao/Desktop/project/vm/vm-ir)
    Checking vm-optimizers v0.1.0 (/Users/wangbiao/Desktop/project/vm/vm-optimizers)
    Checking cranelift-codegen v0.110.3
    Checking vm-platform v0.1.0 (/Users/wangbiao/Desktop/project/vm/vm-platform)
   Compiling zerofrom v0.1.6
   Compiling objc2 v0.6.3
   Compiling rustversion v1.0.22
   Compiling smallvec v1.15.1
   Compiling itoa v1.0.17
   Compiling phf_generator v0.11.3
   Compiling siphasher v0.3.11
    Checking vm-smmu v0.1.0 (/Users/wangbiao/Desktop/project/vm/vm-smmu)
    Checking sharded-slab v0.1.7
    Checking tracing-log v0.2.0
    Checking raw-cpuid v11.6.0
    Checking matchers v0.2.0
    Checking thread_local v1.1.9
    Checking nu-ansi-term v0.50.3
   Compiling getrandom v0.1.16
   Compiling alloca v0.4.0
    Checking itertools v0.13.0
    Checking tracing-subscriber v0.3.22
    Checking vm-accel v0.1.0 (/Users/wangbiao/Desktop/project/vm/vm-accel)
   Compiling typeid v1.0.3
    Checking criterion-plot v0.8.1
    Checking page_size v0.6.0
   Compiling litemap v0.8.1
    Checking scoped-tls v1.0.1
   Compiling writeable v0.6.2
   Compiling syn v1.0.109
   Compiling serde_json v1.0.148
   Compiling yoke v0.8.1
   Compiling strsim v0.11.1
   Compiling ident_case v1.0.1
   Compiling darling_core v0.21.3
   Compiling generator v0.8.8
   Compiling rand_core v0.5.1
    Checking cranelift-module v0.110.3
    Checking cranelift-frontend v0.110.3
    Checking cranelift-native v0.110.3
    Checking vm-engine v0.1.0 (/Users/wangbiao/Desktop/project/vm/vm-engine)
   Compiling phf_macros v0.11.3
warning: all variants have the same postfix: `Scheduling`
   --> vm-engine/src/jit/core.rs:105:1
    |
105 | / pub enum InstructionSchedulingStrategy {
106 | |     /// 列表调度
107 | |     ListScheduling,
108 | |     /// 跟踪调度
...   |
113 | |     NoScheduling,
114 | | }
    | |_^
    |
    = help: remove the postfixes and use full paths to the variants instead of glob imports
    = help: for further information visit https://rust-lang.github.io/rust-clippy/master/index.html#enum_variant_names
    = note: `#[warn(clippy::enum_variant_names)]` on by default

warning: all variants have the same postfix: `Scheduling`
   --> vm-engine/src/jit/instruction_scheduler.rs:933:1
    |
933 | / pub enum SchedulingStrategy {
934 | |     /// 列表调度
935 | |     ListScheduling,
936 | |     /// 关键路径调度
...   |
941 | |     DynamicScheduling,
942 | | }
    | |_^
    |
    = help: remove the postfixes and use full paths to the variants instead of glob imports
    = help: for further information visit https://rust-lang.github.io/rust-clippy/master/index.html#enum_variant_names

   Compiling zmij v1.0.3
    Checking criterion v0.8.1
warning: name `LRU` contains a capitalized acronym
  --> vm-engine/src/jit/branch_target_cache.rs:89:5
   |
89 |     LRU,
   |     ^^^ help: consider making the acronym lowercase, except the initial letter: `Lru`
   |
   = help: for further information visit https://rust-lang.github.io/rust-clippy/master/index.html#upper_case_acronyms
   = note: `#[warn(clippy::upper_case_acronyms)]` on by default

warning: name `LFU` contains a capitalized acronym
  --> vm-engine/src/jit/branch_target_cache.rs:91:5
   |
91 |     LFU,
   |     ^^^ help: consider making the acronym lowercase, except the initial letter (notice the capitalization): `Lfu`
   |
   = help: for further information visit https://rust-lang.github.io/rust-clippy/master/index.html#upper_case_acronyms

warning: name `FIFO` contains a capitalized acronym
  --> vm-engine/src/jit/branch_target_cache.rs:93:5
   |
93 |     FIFO,
   |     ^^^^ help: consider making the acronym lowercase, except the initial letter (notice the capitalization): `Fifo`
   |
   = help: for further information visit https://rust-lang.github.io/rust-clippy/master/index.html#upper_case_acronyms

warning: this `else { if .. }` block can be collapsed
   --> vm-engine/src/jit/branch_prediction.rs:249:16
    |
249 |           } else {
    |  ________________^
250 | |             if *counter > 0 {
251 | |                 *counter -= 1;
252 | |             }
253 | |         }
    | |_________^
    |
    = help: for further information visit https://rust-lang.github.io/rust-clippy/master/index.html#collapsible_else_if
    = note: `#[warn(clippy::collapsible_else_if)]` on by default
help: collapse nested if block
    |
249 ~         } else if *counter > 0 {
250 +             *counter -= 1;
251 +         }
    |

   Compiling erased-serde v0.4.9
warning: `vm-engine` (lib) generated 6 warnings (run `cargo clippy --fix --lib -p vm-engine` to apply 1 suggestion)
   Compiling thiserror v1.0.69
   Compiling darling_macro v0.21.3
    Checking objc2-core-foundation v0.3.2
   Compiling rand_pcg v0.2.1
   Compiling rand_chacha v0.2.2
   Compiling phf_shared v0.8.0
   Compiling thiserror-impl v1.0.69
   Compiling proc-macro-hack v0.5.20+deprecated
   Compiling rand v0.7.3
   Compiling darling v0.21.3
   Compiling phf_shared v0.10.0
   Compiling zerovec v0.11.5
   Compiling zerotrie v0.2.3
    Checking vm-passthrough v0.1.0 (/Users/wangbiao/Desktop/project/vm/vm-passthrough)
    Checking vm-osal v0.1.0 (/Users/wangbiao/Desktop/project/vm/vm-osal)
   Compiling new_debug_unreachable v1.0.6
   Compiling scopeguard v1.2.0
   Compiling crc32fast v1.5.0
   Compiling byteorder v1.5.0
   Compiling lock_api v0.4.14
   Compiling getrandom v0.3.4
   Compiling phf_generator v0.10.0
   Compiling phf_generator v0.8.0
    Checking block2 v0.6.2
   Compiling string_cache_codegen v0.5.4
   Compiling phf_codegen v0.11.3
   Compiling parking_lot_core v0.9.12
    Checking http v1.4.0
   Compiling precomputed-hash v0.1.1
   Compiling winnow v0.7.14
   Compiling mac v0.1.1
   Compiling futf v0.1.5
   Compiling parking_lot v0.12.5
   Compiling phf_macros v0.10.0
   Compiling serde_with_macros v3.16.1
   Compiling cssparser v0.29.6
   Compiling toml_parser v1.0.6+spec-1.1.0
   Compiling markup5ever v0.14.1
    Checking objc2-foundation v0.3.2
    Checking tinystr v0.8.2
    Checking potential_utf v0.1.4
   Compiling phf_codegen v0.8.0
    Checking vm-device v0.1.0 (/Users/wangbiao/Desktop/project/vm/vm-device)
   Compiling icu_collections v2.1.1
   Compiling icu_locale_core v2.1.1
   Compiling toml_datetime v0.7.5+spec-1.1.0
   Compiling serde_spanned v1.0.4
   Compiling semver v1.0.27
   Compiling utf-8 v0.7.6
   Compiling dtoa v1.0.11
   Compiling icu_provider v2.1.1
   Compiling bitflags v1.3.2
    Checking percent-encoding v2.3.2
   Compiling log v0.4.29
    Checking loom v0.7.2
   Compiling utf8_iter v1.0.4
   Compiling icu_properties v2.1.2
   Compiling icu_normalizer v2.1.1
   Compiling toml_writer v1.0.6+spec-1.1.0
   Compiling form_urlencoded v1.2.2
   Compiling toml v0.9.10+spec-1.1.0
   Compiling dtoa-short v0.3.5
warning: manual implementation of `.is_multiple_of()`
   --> vm-device/src/block.rs:299:12
    |
299 |         if data.len() % self.sector_size as usize != 0 {
    |            ^^^^^^^^^^^^^^^^^^^^^^^^^^^^^^^^^^^^^^^^^^^ help: replace with: `!data.len().is_multiple_of(self.sector_size as usize)`
    |
    = help: for further information visit https://rust-lang.github.io/rust-clippy/master/index.html#manual_is_multiple_of
    = note: `#[warn(clippy::manual_is_multiple_of)]` on by default

warning: this `impl` can be derived
   --> vm-device/src/block.rs:494:1
    |
494 | / impl Default for VirtioBlockBuilder {
495 | |     fn default() -> Self {
496 | |         Self {
497 | |             capacity: None,
...   |
504 | | }
    | |_^
    |
    = help: for further information visit https://rust-lang.github.io/rust-clippy/master/index.html#derivable_impls
    = note: `#[warn(clippy::derivable_impls)]` on by default
help: replace the manual implementation with a derive attribute
    |
481 + #[derive(Default)]
482 | pub struct VirtioBlockBuilder {
    |

   Compiling tendril v0.4.3
   Compiling selectors v0.24.0
   Compiling idna_adapter v1.2.1
warning: `vm-device` (lib) generated 2 warnings (run `cargo clippy --fix --lib -p vm-device` to apply 2 suggestions)
   Compiling idna v1.1.0
   Compiling string_cache v0.8.9
   Compiling phf v0.11.3
   Compiling aho-corasick v1.1.4
   Compiling indexmap v1.9.3
   Compiling ctor v0.2.9
   Compiling cssparser-macros v0.6.1
   Compiling convert_case v0.4.0
   Compiling hashbrown v0.16.1
   Compiling equivalent v1.0.2
   Compiling alloc-no-stdlib v2.0.4
   Compiling unic-common v0.9.0
   Compiling regex-syntax v0.8.8
   Compiling num-conv v0.1.0
   Compiling nodrop v0.1.14
   Compiling unic-char-range v0.9.0
   Compiling camino v1.2.2
   Compiling matches v0.1.10
   Compiling time-core v0.1.6
   Compiling unic-char-property v0.9.0
   Compiling servo_arc v0.2.0
   Compiling unic-ucd-version v0.9.0
   Compiling indexmap v2.12.1
   Compiling alloc-stdlib v0.2.2
   Compiling regex-automata v0.4.13
   Compiling derive_more v0.99.20
   Compiling url v2.5.7
   Compiling fxhash v0.2.1
   Compiling swift-rs v1.0.7
   Compiling phf v0.8.0
   Compiling match_token v0.1.0
   Compiling serde_derive_internals v0.29.1
   Compiling hashbrown v0.12.3
   Compiling uuid v1.19.0
   Compiling schemars v0.8.22
   Compiling cfb v0.7.3
   Compiling schemars_derive v0.8.22
   Compiling regex v1.12.2
   Compiling phf v0.10.1
   Compiling brotli-decompressor v5.0.0
   Compiling unic-ucd-ident v0.9.0
   Compiling jsonptr v0.6.3
   Compiling cargo-platform v0.1.9
   Compiling thiserror v2.0.17
   Compiling dunce v1.0.5
   Compiling same-file v1.0.6
   Compiling bytes v1.11.0
   Compiling base64 v0.21.7
   Compiling typenum v1.19.0
   Compiling dyn-clone v1.0.20
   Compiling html5ever v0.29.1
   Compiling walkdir v2.5.0
   Compiling urlpattern v0.3.0
   Compiling brotli v8.0.2
   Compiling cargo_metadata v0.19.2
   Compiling serde-untagged v0.1.9
   Compiling infer v0.19.0
    Checking objc2-core-data v0.3.2
    Checking objc2-cloud-kit v0.3.2
    Checking objc2-quartz-core v0.3.2
    Checking objc2-core-image v0.3.2
   Compiling serde_with v3.16.1
    Checking objc2-core-video v0.3.2
    Checking objc2-core-graphics v0.3.2
    Checking objc2-core-text v0.3.2
   Compiling generic-array v0.14.7
   Compiling anyhow v1.0.100
   Compiling glob v0.3.3
    Checking objc2-app-kit v0.3.2
   Compiling rustc_version v0.4.1
    Checking vm-runtime v0.1.0 (/Users/wangbiao/Desktop/project/vm/vm-runtime)
   Compiling equator-macro v0.4.2
   Compiling simd-adler32 v0.3.8
    Checking powerfmt v0.2.0
   Compiling option-ext v0.2.0
   Compiling dirs-sys v0.5.0
    Checking deranged v0.5.5
    Checking equator v0.4.2
   Compiling embed-resource v3.0.6
   Compiling time-macros v0.2.24
    Checking num-integer v0.1.46
   Compiling heck v0.5.0
   Compiling adler2 v2.0.1
   Compiling miniz_oxide v0.8.9
    Checking time v0.3.44
   Compiling json-patch v3.0.1
    Checking num-bigint v0.4.6
    Checking flate2 v1.1.5
   Compiling tauri-winres v0.3.5
   Compiling dirs v6.0.0
   Compiling cargo_toml v0.22.3
   Compiling cookie v0.18.1
   Compiling vm-codegen v0.1.0 (/Users/wangbiao/Desktop/project/vm/vm-codegen)
    Checking num-rational v0.4.2
   Compiling fdeflate v0.3.7
    Checking objc2-security v0.3.2
   Compiling crypto-common v0.1.7
   Compiling block-buffer v0.10.4
    Checking objc2-javascript-core v0.3.2
    Checking vm-frontend v0.1.0 (/Users/wangbiao/Desktop/project/vm/vm-frontend)
    Checking as-slice v0.2.1
warning: unused import: `super::*`
   --> vm-frontend/src/riscv64/mul.rs:242:9
    |
242 |     use super::*;
    |         ^^^^^^^^
    |
    = note: `#[warn(unused_imports)]` (part of `#[warn(unused)]`) on by default

warning: unused import: `super::*`
   --> vm-frontend/src/riscv64/mul.rs:277:9
    |
277 |     use super::*;
    |         ^^^^^^^^

warning: unused import: `super::*`
   --> vm-frontend/src/riscv64/div.rs:522:9
    |
522 |     use super::*;
    |         ^^^^^^^^

warning: unused import: `super::*`
   --> vm-frontend/src/riscv64/div.rs:575:9
    |
575 |     use super::*;
    |         ^^^^^^^^

    Checking mime v0.3.17
   Compiling built v0.8.0
   Compiling av-scenechange v0.14.1
   Compiling rav1e v0.8.1
warning: this operation has no effect
   --> vm-frontend/src/riscv64/mul.rs:247:9
    |
247 |         (0x01 << 25) | (rs2 << 20) | (rs1 << 15) | (0x0 << 12) | (rd << 7) | 0x33
    |         ^^^^^^^^^^^^^^^^^^^^^^^^^^^^^^^^^^^^^^^^^^^^^^^^^^^^^^ help: consider reducing it to: `((0x01 << 25) | (rs2 << 20) | (rs1 << 15))`
    |
    = help: for further information visit https://rust-lang.github.io/rust-clippy/master/index.html#identity_op
    = note: `#[warn(clippy::identity_op)]` on by default

warning: this operation has no effect
   --> vm-frontend/src/riscv64/mul.rs:271:9
    |
271 |         (0x01 << 25) | (rs2 << 20) | (rs1 << 15) | (0x0 << 12) | (rd << 7) | 0x3B
    |         ^^^^^^^^^^^^^^^^^^^^^^^^^^^^^^^^^^^^^^^^^^^^^^^^^^^^^^ help: consider reducing it to: `((0x01 << 25) | (rs2 << 20) | (rs1 << 15))`
    |
    = help: for further information visit https://rust-lang.github.io/rust-clippy/master/index.html#identity_op

warning: `vm-frontend` (lib) generated 6 warnings (run `cargo clippy --fix --lib -p vm-frontend` to apply 6 suggestions)
    Checking objc2-web-kit v0.3.2
    Checking aligned v0.4.3
   Compiling digest v0.10.7
   Compiling png v0.17.16
    Checking aligned-vec v0.6.4
    Checking v_frame v0.3.9
   Compiling quick-xml v0.38.4
   Compiling cpufeatures v0.2.17
   Compiling arg_enum_proc_macro v0.3.4
    Checking nom v8.0.0
    Checking core2 v0.4.0
    Checking y4m v0.8.0
   Compiling pastey v0.1.1
    Checking quick-error v2.0.1
   Compiling base64 v0.22.1
   Compiling tauri-runtime v2.9.2
   Compiling wry v0.53.5
    Checking tauri-utils v2.8.1
   Compiling plist v1.8.0
    Checking av1-grain v0.2.5
    Checking bitstream-io v4.9.0
   Compiling sha2 v0.10.9
   Compiling ico v0.4.0
    Checking vm-service v0.1.0 (/Users/wangbiao/Desktop/project/vm/vm-service)
    Checking http-body v1.0.1
    Checking core-graphics v0.24.0
    Checking vm-interface v0.1.0 (/Users/wangbiao/Desktop/project/vm/vm-interface)
    Checking maybe-rayon v0.1.1
    Checking itertools v0.14.0
   Compiling fax_derive v0.2.0
   Compiling num-derive v0.4.2
   Compiling simd_helpers v0.1.0
warning: vm-codegen@0.1.0: Skip codegen examples (set VM_CODEGEN_GEN=1 to enable)
    Checking unicode-segmentation v1.12.0
   Compiling tauri-runtime-wry v2.9.3
    Checking zune-core v0.4.12
    Checking tower-service v0.3.3
   Compiling httparse v1.10.1
   Compiling noop_proc_macro v0.3.0
    Checking weezl v0.1.12
    Checking imgref v1.12.0
    Checking zune-jpeg v0.4.21
    Checking loop9 v0.1.5
    Checking keyboard-types v0.7.0
    Checking fax v0.2.6
    Checking tao v0.34.5
    Checking avif-serialize v0.8.6
    Checking pxfm v0.1.27
    Checking zune-inflate v0.2.54
   Compiling serialize-to-javascript-impl v0.1.2
    Checking byteorder-lite v0.1.0
    Checking color_quant v1.1.0
    Checking zune-core v0.5.0
    Checking lebe v0.5.3
    Checking tower-layer v0.3.3
    Checking rgb v0.8.52
    Checking bit_field v0.10.3
    Checking exr v1.74.0
    Checking zune-jpeg v0.5.8
    Checking gif v0.14.1
    Checking image-webp v0.2.4
    Checking serialize-to-javascript v0.1.2
    Checking moxcms v0.7.11
    Checking muda v0.17.1
    Checking png v0.18.0
   Compiling kuchikiki v0.8.8-speedreader
    Checking window-vibrancy v0.6.0
    Checking dirs-sys v0.4.1
    Checking qoi v0.4.1
    Checking iana-time-zone v0.1.64
   Compiling serde_repr v0.1.20
    Checking httpdate v1.0.3
    Checking embed_plist v1.2.2
    Checking utf8parse v0.2.2
    Checking sync_wrapper v1.0.2
    Checking atomic-waker v1.1.2
    Checking anstyle-parse v0.2.7
    Checking chrono v0.4.42
    Checking dirs v5.0.1
    Checking http-body-util v0.1.3
    Checking anstyle-query v1.1.5
    Checking ryu v1.0.22
    Checking is_terminal_polyfill v1.70.2
    Checking colorchoice v1.0.4
    Checking serde_urlencoded v0.7.1
    Checking anstream v0.6.21
    Checking axum-core v0.5.6
    Checking tower v0.5.2
    Checking env_filter v0.1.4
    Checking serde_path_to_error v0.1.20
    Checking matchit v0.8.4
    Checking jiff v0.2.17
    Checking tower-http v0.6.8
    Checking tiered-compiler v0.1.0 (/Users/wangbiao/Desktop/project/vm/tiered-compiler)
    Checking metrics v0.24.3
    Checking libloading v0.9.0
    Checking hyper v1.8.1
    Checking vm-cross-arch-support v0.1.0 (/Users/wangbiao/Desktop/project/vm/vm-cross-arch-support)
    Checking vm-simd v0.1.0 (/Users/wangbiao/Desktop/project/vm/vm-simd)
    Checking hyper-util v0.1.19
warning: field assignment outside of initializer for an instance created with Default::default()
   --> vm-cross-arch-support/tests/cross_arch_tests.rs:351:9
    |
351 |         flags.is_volatile = true;
    |         ^^^^^^^^^^^^^^^^^^^^^^^^^
    |
note: consider initializing the variable with `vm_cross_arch_support::EncodingMemoryFlags { is_volatile: true, ..Default::default() }` and removing relevant reassignments
   --> vm-cross-arch-support/tests/cross_arch_tests.rs:350:9
    |
350 |         let mut flags = MemoryFlags::default();
    |         ^^^^^^^^^^^^^^^^^^^^^^^^^^^^^^^^^^^^^^^
    = help: for further information visit https://rust-lang.github.io/rust-clippy/master/index.html#field_reassign_with_default
    = note: `#[warn(clippy::field_reassign_with_default)]` on by default

warning: field assignment outside of initializer for an instance created with Default::default()
   --> vm-cross-arch-support/tests/cross_arch_tests.rs:359:9
    |
359 |         flags.is_atomic = true;
    |         ^^^^^^^^^^^^^^^^^^^^^^^
    |
note: consider initializing the variable with `vm_cross_arch_support::EncodingMemoryFlags { is_atomic: true, ..Default::default() }` and removing relevant reassignments
   --> vm-cross-arch-support/tests/cross_arch_tests.rs:358:9
    |
358 |         let mut flags = MemoryFlags::default();
    |         ^^^^^^^^^^^^^^^^^^^^^^^^^^^^^^^^^^^^^^^
    = help: for further information visit https://rust-lang.github.io/rust-clippy/master/index.html#field_reassign_with_default

warning: field assignment outside of initializer for an instance created with Default::default()
   --> vm-cross-arch-support/tests/cross_arch_tests.rs:367:9
    |
367 |         flags.is_aligned = true;
    |         ^^^^^^^^^^^^^^^^^^^^^^^^
    |
note: consider initializing the variable with `vm_cross_arch_support::EncodingMemoryFlags { is_aligned: true, ..Default::default() }` and removing relevant reassignments
   --> vm-cross-arch-support/tests/cross_arch_tests.rs:366:9
    |
366 |         let mut flags = MemoryFlags::default();
    |         ^^^^^^^^^^^^^^^^^^^^^^^^^^^^^^^^^^^^^^^
    = help: for further information visit https://rust-lang.github.io/rust-clippy/master/index.html#field_reassign_with_default

warning: `vm-cross-arch-support` (test "cross_arch_tests") generated 3 warnings
    Checking vm-plugin v0.1.0 (/Users/wangbiao/Desktop/project/vm/vm-plugin)
    Checking axum v0.8.8
    Checking parallel-jit v0.1.0 (/Users/wangbiao/Desktop/project/vm/parallel-jit)
    Checking vm-gpu v0.1.0 (/Users/wangbiao/Desktop/project/vm/vm-gpu)
error[E0422]: cannot find struct, variant or union type `InstructionSpec` in this scope
   --> vm-codegen/examples/riscv_instructions.rs:12:9
    |
 12 | /         instruction_spec!(
 13 | |             "LUI",
 14 | |             "Load upper immediate",
 15 | |             0x7F,
...   |
 19 | |                 builder.push(IROp::AddImm { dst: rd, src: 0, imm });"#
 20 | |         ),
    | |_________^
    |
   ::: vm-codegen/src/lib.rs:255:1
    |
255 |   pub struct InstructionSet {
    |   ------------------------- similarly named struct `InstructionSet` defined here
    |
    = note: this error originates in the macro `instruction_spec` (in Nightly builds, run with -Z macro-backtrace for more info)
help: a struct with a similar name exists
   --> vm-codegen/src/lib.rs:285:9
    |
285 -         InstructionSpec {
285 +         InstructionSet {
    |
help: consider importing this struct
    |
  5 + use vm_codegen::InstructionSpec;
    |

error[E0422]: cannot find struct, variant or union type `InstructionSpec` in this scope
   --> vm-codegen/examples/riscv_instructions.rs:22:9
    |
 22 | /         instruction_spec!(
 23 | |             "ADDI",
 24 | |             "Add immediate",
 25 | |             0x707F,
...   |
 30 | |                 builder.push(IROp::AddImm { dst: rd, src: rs1, imm });"#
 31 | |         ),
    | |_________^
    |
   ::: vm-codegen/src/lib.rs:255:1
    |
255 |   pub struct InstructionSet {
    |   ------------------------- similarly named struct `InstructionSet` defined here
    |
    = note: this error originates in the macro `instruction_spec` (in Nightly builds, run with -Z macro-backtrace for more info)
help: a struct with a similar name exists
   --> vm-codegen/src/lib.rs:285:9
    |
285 -         InstructionSpec {
285 +         InstructionSet {
    |
help: consider importing this struct
    |
  5 + use vm_codegen::InstructionSpec;
    |

error[E0422]: cannot find struct, variant or union type `InstructionSpec` in this scope
   --> vm-codegen/examples/riscv_instructions.rs:33:9
    |
 33 | /         instruction_spec!(
 34 | |             "R_TYPE_ARITH",
 35 | |             "R-type arithmetic operations",
 36 | |             0x707F,
...   |
 60 | |                 builder.push(irop);"#
 61 | |         ),
    | |_________^
    |
   ::: vm-codegen/src/lib.rs:255:1
    |
255 |   pub struct InstructionSet {
    |   ------------------------- similarly named struct `InstructionSet` defined here
    |
    = note: this error originates in the macro `instruction_spec` (in Nightly builds, run with -Z macro-backtrace for more info)
help: a struct with a similar name exists
   --> vm-codegen/src/lib.rs:285:9
    |
285 -         InstructionSpec {
285 +         InstructionSet {
    |
help: consider importing this struct
    |
  5 + use vm_codegen::InstructionSpec;
    |

error[E0422]: cannot find struct, variant or union type `InstructionSpec` in this scope
   --> vm-codegen/examples/riscv_instructions.rs:63:9
    |
 63 | /         instruction_spec!(
 64 | |             "LOAD",
 65 | |             "Load operations",
 66 | |             0x7F,
...   |
 90 | |                 });"#
 91 | |         ),
    | |_________^
    |
   ::: vm-codegen/src/lib.rs:255:1
    |
255 |   pub struct InstructionSet {
    |   ------------------------- similarly named struct `InstructionSet` defined here
    |
    = note: this error originates in the macro `instruction_spec` (in Nightly builds, run with -Z macro-backtrace for more info)
help: a struct with a similar name exists
   --> vm-codegen/src/lib.rs:285:9
    |
285 -         InstructionSpec {
285 +         InstructionSet {
    |
help: consider importing this struct
    |
  5 + use vm_codegen::InstructionSpec;
    |

error[E0422]: cannot find struct, variant or union type `InstructionSpec` in this scope
   --> vm-codegen/examples/riscv_instructions.rs:93:9
    |
 93 | /         instruction_spec!(
 94 | |             "STORE",
 95 | |             "Store operations",
 96 | |             0x7F,
...   |
118 | |                 });"#
119 | |         ),
    | |_________^
    |
   ::: vm-codegen/src/lib.rs:255:1
    |
255 |   pub struct InstructionSet {
    |   ------------------------- similarly named struct `InstructionSet` defined here
    |
    = note: this error originates in the macro `instruction_spec` (in Nightly builds, run with -Z macro-backtrace for more info)
help: a struct with a similar name exists
   --> vm-codegen/src/lib.rs:285:9
    |
285 -         InstructionSpec {
285 +         InstructionSet {
    |
help: consider importing this struct
    |
  5 + use vm_codegen::InstructionSpec;
    |

error[E0422]: cannot find struct, variant or union type `InstructionSpec` in this scope
   --> vm-codegen/examples/riscv_instructions.rs:121:9
    |
121 | /         instruction_spec!(
122 | |             "BRANCH",
123 | |             "Branch operations",
124 | |             0x7F,
...   |
189 | |                 break;"#
190 | |         ),
    | |_________^
    |
   ::: vm-codegen/src/lib.rs:255:1
    |
255 |   pub struct InstructionSet {
    |   ------------------------- similarly named struct `InstructionSet` defined here
    |
    = note: this error originates in the macro `instruction_spec` (in Nightly builds, run with -Z macro-backtrace for more info)
help: a struct with a similar name exists
   --> vm-codegen/src/lib.rs:285:9
    |
285 -         InstructionSpec {
285 +         InstructionSet {
    |
help: consider importing this struct
    |
  5 + use vm_codegen::InstructionSpec;
    |

error[E0422]: cannot find struct, variant or union type `InstructionSpec` in this scope
   --> vm-codegen/examples/riscv_instructions.rs:192:9
    |
192 | /         instruction_spec!(
193 | |             "JAL",
194 | |             "Jump and link",
195 | |             0x7F,
...   |
208 | |                 break;"#
209 | |         ),
    | |_________^
    |
   ::: vm-codegen/src/lib.rs:255:1
    |
255 |   pub struct InstructionSet {
    |   ------------------------- similarly named struct `InstructionSet` defined here
    |
    = note: this error originates in the macro `instruction_spec` (in Nightly builds, run with -Z macro-backtrace for more info)
help: a struct with a similar name exists
   --> vm-codegen/src/lib.rs:285:9
    |
285 -         InstructionSpec {
285 +         InstructionSet {
    |
help: consider importing this struct
    |
  5 + use vm_codegen::InstructionSpec;
    |

error[E0422]: cannot find struct, variant or union type `InstructionSpec` in this scope
   --> vm-codegen/examples/riscv_instructions.rs:211:9
    |
211 | /         instruction_spec!(
212 | |             "JALR",
213 | |             "Jump and link register",
214 | |             0x707F,
...   |
228 | |                 break;"#
229 | |         ),
    | |_________^
    |
   ::: vm-codegen/src/lib.rs:255:1
    |
255 |   pub struct InstructionSet {
    |   ------------------------- similarly named struct `InstructionSet` defined here
    |
    = note: this error originates in the macro `instruction_spec` (in Nightly builds, run with -Z macro-backtrace for more info)
help: a struct with a similar name exists
   --> vm-codegen/src/lib.rs:285:9
    |
285 -         InstructionSpec {
285 +         InstructionSet {
    |
help: consider importing this struct
    |
  5 + use vm_codegen::InstructionSpec;
    |

error[E0422]: cannot find struct, variant or union type `InstructionSpec` in this scope
   --> vm-codegen/examples/riscv_instructions.rs:231:9
    |
231 | /         instruction_spec!(
232 | |             "SYSTEM",
233 | |             "System calls and breakpoints",
234 | |             0x707F,
...   |
254 | |                 break;"#
255 | |         )
    | |_________^
    |
   ::: vm-codegen/src/lib.rs:255:1
    |
255 |   pub struct InstructionSet {
    |   ------------------------- similarly named struct `InstructionSet` defined here
    |
    = note: this error originates in the macro `instruction_spec` (in Nightly builds, run with -Z macro-backtrace for more info)
help: a struct with a similar name exists
   --> vm-codegen/src/lib.rs:285:9
    |
285 -         InstructionSpec {
285 +         InstructionSet {
    |
help: consider importing this struct
    |
  5 + use vm_codegen::InstructionSpec;
    |

For more information about this error, try `rustc --explain E0422`.
warning: vm-codegen@0.1.0: Skip codegen examples (set VM_CODEGEN_GEN=1 to enable)
error: could not compile `vm-codegen` (example "riscv_instructions") due to 9 previous errors
warning: build failed, waiting for other jobs to finish...
