    Blocking waiting for file lock on artifact directory
   Compiling proc-macro2 v1.0.103
   Compiling serde_core v1.0.228
   Compiling cfg-if v1.0.4
   Compiling serde v1.0.228
   Compiling find-msvc-tools v0.1.5
   Compiling shlex v1.3.0
   Compiling log v0.4.29
   Compiling libc v0.2.178
   Compiling memchr v2.7.6
   Compiling smallvec v1.15.1
   Compiling version_check v0.9.5
   Compiling cc v1.2.49
   Compiling zerocopy v0.8.31
   Compiling libm v0.2.15
   Compiling num-traits v0.2.19
   Compiling getrandom v0.2.16
   Compiling once_cell v1.21.3
   Compiling core-foundation-sys v0.8.7
   Compiling itoa v1.0.15
   Compiling rand_core v0.6.4
   Compiling scopeguard v1.2.0
   Compiling icu_normalizer_data v2.1.1
   Compiling icu_properties_data v2.1.2
   Compiling stable_deref_trait v1.2.1
   Compiling typenum v1.19.0
   Compiling lock_api v0.4.14
   Compiling pin-project-lite v0.2.16
   Compiling bytes v1.11.0
   Compiling generic-array v0.14.7
   Compiling quote v1.0.42
   Compiling syn v2.0.111
   Compiling crossbeam-utils v0.8.21
   Compiling parking_lot_core v0.9.12
   Compiling getrandom v0.3.4
   Compiling parking_lot v0.12.5
   Compiling syn v1.0.109
   Compiling futures-core v0.3.31
   Compiling allocator-api2 v0.2.21
   Compiling thiserror v1.0.69
   Compiling litemap v0.8.1
   Compiling writeable v0.6.2
   Compiling serde_json v1.0.145
   Compiling ryu v1.0.20
   Compiling byteorder v1.5.0
   Compiling bitflags v1.3.2
   Compiling ppv-lite86 v0.2.21
   Compiling ring v0.17.14
   Compiling rand_chacha v0.3.1
   Compiling anyhow v1.0.100
   Compiling synstructure v0.13.2
   Compiling rand v0.8.5
   Compiling socket2 v0.6.1
   Compiling mio v1.1.1
   Compiling either v1.15.0
   Compiling paste v1.0.15
   Compiling percent-encoding v2.3.2
   Compiling utf8_iter v1.0.4
   Compiling form_urlencoded v1.2.2
   Compiling indexmap v1.9.3
   Compiling futures-sink v0.3.31
   Compiling uuid v1.19.0
   Compiling serde_derive v1.0.228
   Compiling zerofrom-derive v0.1.6
   Compiling yoke-derive v0.8.1
   Compiling thiserror-impl v2.0.17
   Compiling zerovec-derive v0.11.2
   Compiling displaydoc v0.2.5
   Compiling zerocopy-derive v0.8.31
   Compiling zerofrom v0.1.6
   Compiling thiserror-impl v1.0.69
   Compiling thiserror v2.0.17
   Compiling tokio-macros v2.6.0
   Compiling yoke v0.8.1
   Compiling tokio v1.48.0
   Compiling zerovec v0.11.5
   Compiling zerotrie v0.2.3
   Compiling ring v0.16.20
   Compiling ahash v0.8.12
   Compiling hashbrown v0.12.3
   Compiling base64 v0.21.7
   Compiling slab v0.4.11
   Compiling crypto-common v0.1.7
   Compiling block-buffer v0.10.4
   Compiling futures-channel v0.3.31
   Compiling iana-time-zone v0.1.64
   Compiling subtle v2.6.1
   Compiling pin-utils v0.1.0
   Compiling digest v0.10.7
   Compiling chrono v0.4.42
   Compiling futures-macro v0.3.31
   Compiling rustls v0.20.9
   Compiling parking_lot_core v0.8.6
   Compiling futures-io v0.3.31
   Compiling futures-task v0.3.31
   Compiling tinystr v0.8.2
   Compiling potential_utf v0.1.4
   Compiling icu_collections v2.1.1
   Compiling icu_locale_core v2.1.1
   Compiling futures-util v0.3.31
   Compiling untrusted v0.9.0
   Compiling bitflags v2.10.0
   Compiling icu_provider v2.1.1
   Compiling icu_normalizer v2.1.1
   Compiling icu_properties v2.1.2
   Compiling vm-common v0.1.0 (/Users/wangbiao/Desktop/project/vm/vm-common)
   Compiling cpufeatures v0.2.17
   Compiling webpki v0.22.4
   Compiling idna_adapter v1.2.1
   Compiling idna v1.1.0
   Compiling ahash v0.7.8
   Compiling untrusted v0.7.1
   Compiling url v2.5.7
   Compiling sct v0.7.1
   Compiling sha2 v0.10.9
   Compiling instant v0.1.13
   Compiling tinyvec_macros v0.1.1
   Compiling tinyvec v1.10.0
   Compiling hashbrown v0.14.5
   Compiling minimal-lexical v0.2.1
   Compiling nom v7.1.3
   Compiling unicode-normalization v0.1.25
   Compiling parking_lot v0.11.2
   Compiling hmac v0.12.1
   Compiling dirs-sys v0.3.7
   Compiling crc-catalog v2.4.0
   Compiling unicode-properties v0.1.4
   Compiling unicode-bidi v0.3.18
   Compiling unicode_categories v0.1.1
   Compiling crc v3.4.0
   Compiling stringprep v0.1.5
   Compiling hashlink v0.8.4
   Compiling crossbeam-queue v0.3.12
   Compiling futures-intrusive v0.4.2
   Compiling dirs v4.0.0
   Compiling hkdf v0.12.4
   Compiling atoi v1.0.0
   Compiling webpki-roots v0.22.6
   Compiling sha1 v0.10.6
   Compiling tokio-stream v0.1.17
   Compiling md-5 v0.10.6
   Compiling rustls-pemfile v1.0.4
   Compiling sqlformat v0.2.6
   Compiling whoami v1.6.1
   Compiling hex v0.4.3
   Compiling unicode-segmentation v1.12.0
   Compiling event-listener v2.5.3
   Compiling base64 v0.13.1
   Compiling dotenvy v0.15.7
   Compiling tokio-rustls v0.23.4
   Compiling sqlx-rt v0.6.3
   Compiling heck v0.4.1
   Compiling async-trait v0.1.89
   Compiling futures-executor v0.3.31
   Compiling adler v1.0.2
   Compiling unty v0.0.4
   Compiling simd-adler32 v0.3.8
   Compiling miniz_oxide v0.7.4
   Compiling futures v0.3.31
   Compiling bincode v2.0.1
   Compiling adler2 v2.0.1
   Compiling miniz_oxide v0.8.9
   Compiling aho-corasick v1.1.4
   Compiling regex-syntax v0.8.8
   Compiling gimli v0.32.3
   Compiling object v0.37.3
   Compiling rustc-demangle v0.1.26
   Compiling core-foundation v0.9.4
   Compiling bytemuck_derive v1.10.2
   Compiling crossbeam-epoch v0.9.18
   Compiling foreign-types-macros v0.2.3
   Compiling crossbeam-deque v0.8.6
   Compiling foreign-types-shared v0.3.1
   Compiling semver v1.0.27
   Compiling crc32fast v1.5.0
   Compiling foreign-types v0.5.0
   Compiling half v2.7.1
   Compiling rustc_version v0.4.1
   Compiling num_cpus v1.17.0
   Compiling foldhash v0.2.0
   Compiling equivalent v1.0.2
   Compiling core-graphics-types v0.1.3
   Compiling regex-automata v0.4.13
   Compiling hashbrown v0.16.1
   Compiling bytemuck v1.24.0
   Compiling sqlx-core v0.6.3
   Compiling addr2line v0.25.1
   Compiling lazy_static v1.5.0
   Compiling heck v0.5.0
   Compiling core-graphics v0.23.2
   Compiling option-ext v0.2.0
   Compiling fdeflate v0.3.7
   Compiling rayon-core v1.13.0
   Compiling same-file v1.0.6
   Compiling walkdir v2.5.0
   Compiling backtrace v0.3.76
   Compiling dirs-sys v0.5.0
   Compiling color_quant v1.1.0
   Compiling weezl v0.1.12
   Compiling darling_core v0.21.3
   Compiling dirs v6.0.0
   Compiling rayon v1.11.0
   Compiling pathfinder_simd v0.5.5
   Compiling flate2 v1.1.5
   Compiling utf8parse v0.2.2
   Compiling anstyle-parse v0.2.7
   Compiling png v0.17.16
   Compiling is_terminal_polyfill v1.70.2
   Compiling colorchoice v1.0.4
   Compiling anstyle v1.0.13
   Compiling regex v1.12.2
   Compiling vm-foundation v0.1.0 (/Users/wangbiao/Desktop/project/vm/vm-foundation)
   Compiling anstyle-query v1.1.5
   Compiling anstream v0.6.21
   Compiling jpeg-decoder v0.3.2
   Compiling font-kit v0.14.3
   Compiling plotters-backend v0.3.7
   Compiling image v0.24.9
   Compiling gif v0.12.0
   Compiling core-text v20.1.0
   Compiling pathfinder_geometry v0.5.1
   Compiling cast v0.3.0
   Compiling clap_lex v0.7.6
   Compiling strsim v0.11.1
   Compiling ciborium-io v0.2.2
   Compiling float-ord v0.3.2
   Compiling clap_builder v4.5.53
   Compiling darling_macro v0.21.3
   Compiling ciborium-ll v0.2.2
   Compiling plotters-svg v0.3.7
   Compiling clap_derive v4.5.49
   Compiling ttf-parser v0.20.0
   Compiling ciborium v0.2.2
   Compiling tinytemplate v1.2.1
   Compiling darling v0.21.3
   Compiling oorandom v11.1.5
   Compiling anes v0.1.6
   Compiling tracing-core v0.1.35
   Compiling serde_with_macros v3.16.1
   Compiling raw-cpuid v11.6.0
   Compiling tracing-attributes v0.1.31
   Compiling plotters-bitmap v0.3.7
   Compiling crossbeam-channel v0.5.15
   Compiling objc2-encode v4.1.0
   Compiling itertools v0.10.5
   Compiling tracing v0.1.43
   Compiling serde_with v3.16.1
   Compiling is-terminal v0.4.17
   Compiling crossbeam v0.8.4
   Compiling lru v0.16.2
   Compiling dashmap v6.1.0
   Compiling memmap2 v0.9.9
   Compiling plotters v0.3.7
   Compiling clap v4.5.53
   Compiling static_assertions v1.1.0
   Compiling indexmap v2.12.1
   Compiling cfg_aliases v0.2.1
   Compiling arrayvec v0.7.6
   Compiling raw-window-handle v0.6.2
   Compiling core-foundation v0.10.1
   Compiling vm-optimizers v0.1.0 (/Users/wangbiao/Desktop/project/vm/vm-optimizers)
   Compiling profiling-procmacros v1.0.17
   Compiling criterion-plot v0.5.0
   Compiling core-graphics-types v0.2.0
   Compiling vm-simd v0.1.0 (/Users/wangbiao/Desktop/project/vm/vm-simd)
   Compiling dpi v0.1.2
   Compiling objc-sys v0.3.5
   Compiling profiling v1.0.17
   Compiling naga v27.0.3
   Compiling malloc_buf v0.0.6
   Compiling dispatch v0.2.0
   Compiling unicode-width v0.2.2
   Compiling bit-vec v0.8.0
   Compiling codespan-reporting v0.12.0
   Compiling criterion v0.5.1
   Compiling objc v0.2.7
   Compiling bit-set v0.8.0
   Compiling wgpu-hal v27.0.4
   Compiling block v0.1.6
   Compiling rustc-hash v1.1.0
   Compiling hexf-parse v0.2.1
   Compiling unicode-ident v1.0.22
   Compiling objc2 v0.5.2
   Compiling metal v0.32.0
   Compiling wgpu-types v27.0.1
   Compiling wgpu-core v27.0.3
   Compiling litrs v1.0.0
   Compiling heapless v0.8.0
   Compiling document-features v0.2.12
   Compiling wgpu v27.0.1
   Compiling block2 v0.5.1
   Compiling winit v0.30.12
   Compiling hash32 v0.3.1
   Compiling objc2-foundation v0.2.2
   Compiling smoltcp v0.12.0
   Compiling managed v0.8.0
   Compiling cursor-icon v1.2.0
   Compiling smol_str v0.2.2
   Compiling pollster v0.4.0
   Compiling async-stream-impl v0.3.6
   Compiling objc2-exception-helper v0.1.1
   Compiling siphasher v1.0.1
   Compiling phf_shared v0.11.3
   Compiling objc2 v0.6.3
   Compiling rustversion v1.0.22
   Compiling phf_generator v0.11.3
   Compiling sqlx-macros v0.6.3
   Compiling siphasher v0.3.11
   Compiling async-stream v0.3.6
   Compiling tracing-log v0.2.0
   Compiling matchers v0.2.0
   Compiling sharded-slab v0.1.7
   Compiling tokio-test v0.4.4
   Compiling http v1.4.0
   Compiling thread_local v1.1.9
   Compiling getrandom v0.1.16
   Compiling nu-ansi-term v0.50.3
   Compiling generator v0.8.8
   Compiling sqlx v0.6.3
   Compiling tracing-subscriber v0.3.22
   Compiling objc2-app-kit v0.2.2
   Compiling vm-core v0.1.0 (/Users/wangbiao/Desktop/project/vm/vm-core)
   Compiling rand_core v0.9.3
   Compiling typeid v1.0.3
   Compiling rand_chacha v0.9.0
   Compiling rand_core v0.5.1
   Compiling objc2-core-foundation v0.3.2
   Compiling scoped-tls v1.0.1
   Compiling fnv v1.0.7
   Compiling loom v0.7.2
   Compiling rand v0.9.2
   Compiling phf_macros v0.11.3
error[E0405]: cannot find trait `EventStore` in this scope
   --> vm-core/src/snapshot/enhanced_snapshot.rs:441:26
    |
441 |     event_store: Arc<dyn EventStore>,
    |                          ^^^^^^^^^^ not found in this scope

error[E0405]: cannot find trait `EventStore` in this scope
   --> vm-core/src/snapshot/enhanced_snapshot.rs:450:30
    |
450 |         event_store: Arc<dyn EventStore>,
    |                              ^^^^^^^^^^ not found in this scope

error[E0425]: cannot find type `VirtualMachineAggregate` in this scope
   --> vm-core/src/snapshot/enhanced_snapshot.rs:463:21
    |
463 |         aggregate: &VirtualMachineAggregate,
    |                     ^^^^^^^^^^^^^^^^^^^^^^^ not found in this scope

error[E0425]: cannot find type `VirtualMachineAggregate` in this scope
   --> vm-core/src/snapshot/enhanced_snapshot.rs:509:19
    |
509 |     ) -> VmResult<VirtualMachineAggregate> {
    |                   ^^^^^^^^^^^^^^^^^^^^^^^ not found in this scope
    |
help: you might be missing a type parameter
    |
446 | impl<VirtualMachineAggregate> SnapshotManager {
    |     +++++++++++++++++++++++++

error[E0425]: cannot find type `VirtualMachineAggregate` in this scope
   --> vm-core/src/snapshot/enhanced_snapshot.rs:528:30
    |
528 | ...   let (aggregate, _): (VirtualMachineAggregate, usize) = decode_from_slice(&snapshot.aggregate_data, bincode::config::standard())
    |                            ^^^^^^^^^^^^^^^^^^^^^^^ not found in this scope

error[E0425]: cannot find type `VirtualMachineAggregate` in this scope
   --> vm-core/src/snapshot/enhanced_snapshot.rs:541:19
    |
541 |     ) -> VmResult<VirtualMachineAggregate> {
    |                   ^^^^^^^^^^^^^^^^^^^^^^^ not found in this scope
    |
help: you might be missing a type parameter
    |
446 | impl<VirtualMachineAggregate> SnapshotManager {
    |     +++++++++++++++++++++++++

error[E0425]: cannot find type `VirtualMachineAggregate` in this scope
   --> vm-core/src/snapshot/enhanced_snapshot.rs:551:34
    |
551 | ...   let (mut aggregate, _): (VirtualMachineAggregate, usize) = decode_from_slice(&snapshot.aggregate_data, bincode::config::stand...
    |                                ^^^^^^^^^^^^^^^^^^^^^^^ not found in this scope

   Compiling erased-serde v0.4.9
   Compiling rand_chacha v0.2.2
   Compiling rand_pcg v0.2.1
Some errors have detailed explanations: E0405, E0425.
For more information about an error, try `rustc --explain E0405`.
   Compiling phf_shared v0.8.0
error: could not compile `vm-core` (lib) due to 7 previous errors
warning: build failed, waiting for other jobs to finish...
