SF:/Users/didi/Desktop/vm/vm-core/src/device_emulation.rs
FN:592,_RNCNvMs7_NtCsbkbnPoCG8ZW_7vm_core16device_emulationNtB7_13DeviceManager19get_devices_by_type0B9_
FNDA:0,_RNCNvMs7_NtCsbkbnPoCG8ZW_7vm_core16device_emulationNtB7_13DeviceManager19get_devices_by_type0B9_
FNF:1
FNH:0
DA:592,0
DA:593,0
DA:594,0
DA:595,0
BRF:0
BRH:0
LF:4
LH:0
end_of_record
SF:/Users/didi/Desktop/vm/vm-core/src/domain_event_bus.rs
FN:45,_RNCNvMNtCsbkbnPoCG8ZW_7vm_core16domain_event_busNtB4_14DomainEventBus9subscribe0B6_
FN:59,_RNvMNtCsbkbnPoCG8ZW_7vm_core16domain_event_busNtB2_14DomainEventBus11unsubscribe
FN:22,_RNvMNtCsbkbnPoCG8ZW_7vm_core16domain_event_busNtB2_14DomainEventBus3new
FN:41,_RNvMNtCsbkbnPoCG8ZW_7vm_core16domain_event_busNtB2_14DomainEventBus9subscribe
FN:66,_RNvXs_NtCsbkbnPoCG8ZW_7vm_core16domain_event_busNtB4_14DomainEventBusNtNtCskzPJi2J8k3N_4core7default7Default7default
FN:30,_RINvMNtCsbkbnPoCG8ZW_7vm_core16domain_event_busNtB3_14DomainEventBus7publishNtNtNtB5_15domain_services6events15DomainEventEnumEB5_
FNDA:0,_RNCNvMNtCsbkbnPoCG8ZW_7vm_core16domain_event_busNtB4_14DomainEventBus9subscribe0B6_
FNDA:0,_RNvMNtCsbkbnPoCG8ZW_7vm_core16domain_event_busNtB2_14DomainEventBus11unsubscribe
FNDA:0,_RNvMNtCsbkbnPoCG8ZW_7vm_core16domain_event_busNtB2_14DomainEventBus3new
FNDA:0,_RNvMNtCsbkbnPoCG8ZW_7vm_core16domain_event_busNtB2_14DomainEventBus9subscribe
FNDA:0,_RNvXs_NtCsbkbnPoCG8ZW_7vm_core16domain_event_busNtB4_14DomainEventBusNtNtCskzPJi2J8k3N_4core7default7Default7default
FNDA:0,_RINvMNtCsbkbnPoCG8ZW_7vm_core16domain_event_busNtB3_14DomainEventBus7publishNtNtNtB5_15domain_services6events15DomainEventEnumEB5_
FNF:6
FNH:0
DA:22,0
DA:23,0
DA:24,0
DA:25,0
DA:26,0
DA:27,0
DA:30,0
DA:31,0
DA:32,0
DA:36,0
DA:37,0
DA:38,0
DA:41,0
DA:42,0
DA:43,0
DA:44,0
DA:45,0
DA:46,0
DA:47,0
DA:48,0
DA:49,0
DA:50,0
DA:51,0
DA:52,0
DA:53,0
DA:54,0
DA:55,0
DA:56,0
DA:59,0
DA:61,0
DA:62,0
DA:66,0
DA:67,0
DA:68,0
BRF:0
BRH:0
LF:36
LH:0
end_of_record
SF:/Users/didi/Desktop/vm/vm-core/src/domain_services/adaptive_optimization_service.rs
FN:416,_RNCNvMs_NtNtCsbkbnPoCG8ZW_7vm_core15domain_services29adaptive_optimization_serviceNtB6_33AdaptiveOptimizationDomainService25analyze_performance_trends0_0Ba_
FN:421,_RNCNvMs_NtNtCsbkbnPoCG8ZW_7vm_core15domain_services29adaptive_optimization_serviceNtB6_33AdaptiveOptimizationDomainService25analyze_performance_trends1_0Ba_
FN:423,_RNCNvMs_NtNtCsbkbnPoCG8ZW_7vm_core15domain_services29adaptive_optimization_serviceNtB6_33AdaptiveOptimizationDomainService25analyze_performance_trends2_0Ba_
FN:413,_RNCNvMs_NtNtCsbkbnPoCG8ZW_7vm_core15domain_services29adaptive_optimization_serviceNtB6_33AdaptiveOptimizationDomainService25analyze_performance_trends_0Ba_
FN:402,_RNCNvMs_NtNtCsbkbnPoCG8ZW_7vm_core15domain_services29adaptive_optimization_serviceNtB6_33AdaptiveOptimizationDomainService25analyze_performance_trend0Ba_
FN:337,_RNCNvMs_NtNtCsbkbnPoCG8ZW_7vm_core15domain_services29adaptive_optimization_serviceNtB6_33AdaptiveOptimizationDomainService15detect_hotspotss0_0Ba_
FNDA:0,_RNCNvMs_NtNtCsbkbnPoCG8ZW_7vm_core15domain_services29adaptive_optimization_serviceNtB6_33AdaptiveOptimizationDomainService25analyze_performance_trends0_0Ba_
FNDA:0,_RNCNvMs_NtNtCsbkbnPoCG8ZW_7vm_core15domain_services29adaptive_optimization_serviceNtB6_33AdaptiveOptimizationDomainService25analyze_performance_trends1_0Ba_
FNDA:0,_RNCNvMs_NtNtCsbkbnPoCG8ZW_7vm_core15domain_services29adaptive_optimization_serviceNtB6_33AdaptiveOptimizationDomainService25analyze_performance_trends2_0Ba_
FNDA:0,_RNCNvMs_NtNtCsbkbnPoCG8ZW_7vm_core15domain_services29adaptive_optimization_serviceNtB6_33AdaptiveOptimizationDomainService25analyze_performance_trends_0Ba_
FNDA:0,_RNCNvMs_NtNtCsbkbnPoCG8ZW_7vm_core15domain_services29adaptive_optimization_serviceNtB6_33AdaptiveOptimizationDomainService25analyze_performance_trend0Ba_
FNDA:0,_RNCNvMs_NtNtCsbkbnPoCG8ZW_7vm_core15domain_services29adaptive_optimization_serviceNtB6_33AdaptiveOptimizationDomainService15detect_hotspotss0_0Ba_
FNF:6
FNH:0
DA:337,0
DA:338,0
DA:339,0
DA:340,0
DA:341,0
DA:402,0
DA:403,0
DA:404,0
DA:413,0
DA:416,0
DA:421,0
DA:423,0
BRF:0
BRH:0
LF:12
LH:0
end_of_record
SF:/Users/didi/Desktop/vm/vm-core/src/domain_services/config/base.rs
FN:76,_RNvMNtNtNtCsbkbnPoCG8ZW_7vm_core15domain_services6config4baseNtB2_17BaseServiceConfig14with_event_bus
FN:86,_RNvMNtNtNtCsbkbnPoCG8ZW_7vm_core15domain_services6config4baseNtB2_17BaseServiceConfig17without_event_bus
FN:52,_RNvMNtNtNtCsbkbnPoCG8ZW_7vm_core15domain_services6config4baseNtB2_17BaseServiceConfig3new
FN:99,_RNvXs_NtNtNtCsbkbnPoCG8ZW_7vm_core15domain_services6config4baseNtB4_17BaseServiceConfigNtB4_13ServiceConfig13set_event_bus
FN:94,_RNvXs_NtNtNtCsbkbnPoCG8ZW_7vm_core15domain_services6config4baseNtB4_17BaseServiceConfigNtB4_13ServiceConfig9event_bus
FNDA:0,_RNvMNtNtNtCsbkbnPoCG8ZW_7vm_core15domain_services6config4baseNtB2_17BaseServiceConfig14with_event_bus
FNDA:0,_RNvMNtNtNtCsbkbnPoCG8ZW_7vm_core15domain_services6config4baseNtB2_17BaseServiceConfig17without_event_bus
FNDA:0,_RNvMNtNtNtCsbkbnPoCG8ZW_7vm_core15domain_services6config4baseNtB2_17BaseServiceConfig3new
FNDA:0,_RNvXs_NtNtNtCsbkbnPoCG8ZW_7vm_core15domain_services6config4baseNtB4_17BaseServiceConfigNtB4_13ServiceConfig13set_event_bus
FNDA:0,_RNvXs_NtNtNtCsbkbnPoCG8ZW_7vm_core15domain_services6config4baseNtB4_17BaseServiceConfigNtB4_13ServiceConfig9event_bus
FNF:5
FNH:0
DA:52,0
DA:53,0
DA:54,0
DA:76,0
DA:77,0
DA:78,0
DA:79,0
DA:86,0
DA:87,0
DA:88,0
DA:89,0
DA:94,0
DA:95,0
DA:96,0
DA:99,0
DA:100,0
DA:101,0
BRF:0
BRH:0
LF:17
LH:0
end_of_record
SF:/Users/didi/Desktop/vm/vm-core/src/domain_services/cross_architecture_translation_service.rs
FN:357,_RNCNvMNtNtCsbkbnPoCG8ZW_7vm_core15domain_services38cross_architecture_translation_serviceNtB4_41CrossArchitectureTranslationDomainService29validate_instruction_encoding0B8_
FNDA:0,_RNCNvMNtNtCsbkbnPoCG8ZW_7vm_core15domain_services38cross_architecture_translation_serviceNtB4_41CrossArchitectureTranslationDomainService29validate_instruction_encoding0B8_
FNF:1
FNH:0
DA:357,0
BRF:0
BRH:0
LF:1
LH:0
end_of_record
SF:/Users/didi/Desktop/vm/vm-core/src/domain_services/event_store.rs
FN:143,_RNCNvXs0_NtNtCsbkbnPoCG8ZW_7vm_core15domain_services11event_storeNtB7_18InMemoryEventStoreNtB7_10EventStore5query0Bb_
FN:134,_RNCNvXs0_NtNtCsbkbnPoCG8ZW_7vm_core15domain_services11event_storeNtB7_18InMemoryEventStoreNtB7_10EventStore6replay0Bb_
FNDA:0,_RNCNvXs0_NtNtCsbkbnPoCG8ZW_7vm_core15domain_services11event_storeNtB7_18InMemoryEventStoreNtB7_10EventStore5query0Bb_
FNDA:0,_RNCNvXs0_NtNtCsbkbnPoCG8ZW_7vm_core15domain_services11event_storeNtB7_18InMemoryEventStoreNtB7_10EventStore6replay0Bb_
FNF:2
FNH:0
DA:134,0
DA:143,0
DA:145,0
DA:146,0
DA:147,0
DA:149,0
DA:150,0
DA:151,0
DA:154,0
DA:155,0
DA:156,0
DA:157,0
DA:159,0
DA:161,0
DA:162,0
BRF:0
BRH:0
LF:15
LH:0
end_of_record
SF:/Users/didi/Desktop/vm/vm-core/src/domain_services/execution_manager_service.rs
FN:288,_RNCNvMs2_NtNtCsbkbnPoCG8ZW_7vm_core15domain_services25execution_manager_serviceNtB7_29ExecutionManagerDomainService12next_context0Bb_
FN:352,_RNCNvMs2_NtNtCsbkbnPoCG8ZW_7vm_core15domain_services25execution_manager_serviceNtB7_29ExecutionManagerDomainService13pause_context0Bb_
FN:330,_RNCNvMs2_NtNtCsbkbnPoCG8ZW_7vm_core15domain_services25execution_manager_serviceNtB7_29ExecutionManagerDomainService14fail_execution0Bb_
FN:368,_RNCNvMs2_NtNtCsbkbnPoCG8ZW_7vm_core15domain_services25execution_manager_serviceNtB7_29ExecutionManagerDomainService14resume_context0Bb_
FN:300,_RNCNvMs2_NtNtCsbkbnPoCG8ZW_7vm_core15domain_services25execution_manager_serviceNtB7_29ExecutionManagerDomainService18complete_execution0Bb_
FN:267,_RNCNvMs2_NtNtCsbkbnPoCG8ZW_7vm_core15domain_services25execution_manager_serviceNtB7_29ExecutionManagerDomainService8schedules0_0Bb_
FN:36,_RNvMNtNtCsbkbnPoCG8ZW_7vm_core15domain_services25execution_manager_serviceNtB2_14ExecutionState11is_terminal
FN:32,_RNvMNtNtCsbkbnPoCG8ZW_7vm_core15domain_services25execution_manager_serviceNtB2_14ExecutionState9is_active
FN:105,_RNvMs0_NtNtCsbkbnPoCG8ZW_7vm_core15domain_services25execution_manager_serviceNtB5_17ExecutionPriority10from_level
FN:114,_RNvMs0_NtNtCsbkbnPoCG8ZW_7vm_core15domain_services25execution_manager_serviceNtB5_17ExecutionPriority8as_level
FN:147,_RNvMs1_NtNtCsbkbnPoCG8ZW_7vm_core15domain_services25execution_manager_serviceNtB5_19ExecutionStatistics12failure_rate
FN:139,_RNvMs1_NtNtCsbkbnPoCG8ZW_7vm_core15domain_services25execution_manager_serviceNtB5_19ExecutionStatistics12success_rate
FN:155,_RNvMs1_NtNtCsbkbnPoCG8ZW_7vm_core15domain_services25execution_manager_serviceNtB5_19ExecutionStatistics30avg_instructions_per_execution
FN:222,_RNvMs2_NtNtCsbkbnPoCG8ZW_7vm_core15domain_services25execution_manager_serviceNtB5_29ExecutionManagerDomainService11get_context
FN:282,_RNvMs2_NtNtCsbkbnPoCG8ZW_7vm_core15domain_services25execution_manager_serviceNtB5_29ExecutionManagerDomainService12next_context
FN:351,_RNvMs2_NtNtCsbkbnPoCG8ZW_7vm_core15domain_services25execution_manager_serviceNtB5_29ExecutionManagerDomainService13pause_context
FN:412,_RNvMs2_NtNtCsbkbnPoCG8ZW_7vm_core15domain_services25execution_manager_serviceNtB5_29ExecutionManagerDomainService13publish_event
FN:193,_RNvMs2_NtNtCsbkbnPoCG8ZW_7vm_core15domain_services25execution_manager_serviceNtB5_29ExecutionManagerDomainService13set_event_bus
FN:198,_RNvMs2_NtNtCsbkbnPoCG8ZW_7vm_core15domain_services25execution_manager_serviceNtB5_29ExecutionManagerDomainService14create_context
FN:232,_RNvMs2_NtNtCsbkbnPoCG8ZW_7vm_core15domain_services25execution_manager_serviceNtB5_29ExecutionManagerDomainService14delete_context
FN:329,_RNvMs2_NtNtCsbkbnPoCG8ZW_7vm_core15domain_services25execution_manager_serviceNtB5_29ExecutionManagerDomainService14fail_execution
FN:385,_RNvMs2_NtNtCsbkbnPoCG8ZW_7vm_core15domain_services25execution_manager_serviceNtB5_29ExecutionManagerDomainService14get_statistics
FN:367,_RNvMs2_NtNtCsbkbnPoCG8ZW_7vm_core15domain_services25execution_manager_serviceNtB5_29ExecutionManagerDomainService14resume_context
FN:227,_RNvMs2_NtNtCsbkbnPoCG8ZW_7vm_core15domain_services25execution_manager_serviceNtB5_29ExecutionManagerDomainService15get_context_mut
FN:299,_RNvMs2_NtNtCsbkbnPoCG8ZW_7vm_core15domain_services25execution_manager_serviceNtB5_29ExecutionManagerDomainService18complete_execution
FN:395,_RNvMs2_NtNtCsbkbnPoCG8ZW_7vm_core15domain_services25execution_manager_serviceNtB5_29ExecutionManagerDomainService21count_active_contexts
FN:390,_RNvMs2_NtNtCsbkbnPoCG8ZW_7vm_core15domain_services25execution_manager_serviceNtB5_29ExecutionManagerDomainService23set_max_active_contexts
FN:403,_RNvMs2_NtNtCsbkbnPoCG8ZW_7vm_core15domain_services25execution_manager_serviceNtB5_29ExecutionManagerDomainService25update_avg_execution_time
FN:182,_RNvMs2_NtNtCsbkbnPoCG8ZW_7vm_core15domain_services25execution_manager_serviceNtB5_29ExecutionManagerDomainService3new
FN:254,_RNvMs2_NtNtCsbkbnPoCG8ZW_7vm_core15domain_services25execution_manager_serviceNtB5_29ExecutionManagerDomainService8schedule
FN:82,_RNvMs_NtNtCsbkbnPoCG8ZW_7vm_core15domain_services25execution_manager_serviceNtB4_16ExecutionContext18add_execution_time
FN:86,_RNvMs_NtNtCsbkbnPoCG8ZW_7vm_core15domain_services25execution_manager_serviceNtB4_16ExecutionContext22increment_instructions
FN:63,_RNvMs_NtNtCsbkbnPoCG8ZW_7vm_core15domain_services25execution_manager_serviceNtB4_16ExecutionContext3new
FN:77,_RNvMs_NtNtCsbkbnPoCG8ZW_7vm_core15domain_services25execution_manager_serviceNtB4_16ExecutionContext6update
FN:420,_RNvXs3_NtNtCsbkbnPoCG8ZW_7vm_core15domain_services25execution_manager_serviceNtB5_29ExecutionManagerDomainServiceNtNtCskzPJi2J8k3N_4core7default7Default7default
FN:398,_RNCNvMs2_NtNtCsbkbnPoCG8ZW_7vm_core15domain_services25execution_manager_serviceNtB7_29ExecutionManagerDomainService21count_active_contexts0Bb_
FN:234,_RNCNvMs2_NtNtCsbkbnPoCG8ZW_7vm_core15domain_services25execution_manager_serviceNtB7_29ExecutionManagerDomainService14delete_context0Bb_
FN:263,_RNCNvMs2_NtNtCsbkbnPoCG8ZW_7vm_core15domain_services25execution_manager_serviceNtB7_29ExecutionManagerDomainService8schedule0Bb_
FN:210,_RNCNvMs2_NtNtCsbkbnPoCG8ZW_7vm_core15domain_services25execution_manager_serviceNtB7_29ExecutionManagerDomainService14create_context0Bb_
FN:377,_RNCNvMs2_NtNtCsbkbnPoCG8ZW_7vm_core15domain_services25execution_manager_serviceNtB7_29ExecutionManagerDomainService14resume_contexts_0Bb_
FN:265,_RNCNvMs2_NtNtCsbkbnPoCG8ZW_7vm_core15domain_services25execution_manager_serviceNtB7_29ExecutionManagerDomainService8schedules_0Bb_
FNDA:0,_RNCNvMs2_NtNtCsbkbnPoCG8ZW_7vm_core15domain_services25execution_manager_serviceNtB7_29ExecutionManagerDomainService12next_context0Bb_
FNDA:0,_RNCNvMs2_NtNtCsbkbnPoCG8ZW_7vm_core15domain_services25execution_manager_serviceNtB7_29ExecutionManagerDomainService13pause_context0Bb_
FNDA:0,_RNCNvMs2_NtNtCsbkbnPoCG8ZW_7vm_core15domain_services25execution_manager_serviceNtB7_29ExecutionManagerDomainService14fail_execution0Bb_
FNDA:0,_RNCNvMs2_NtNtCsbkbnPoCG8ZW_7vm_core15domain_services25execution_manager_serviceNtB7_29ExecutionManagerDomainService14resume_context0Bb_
FNDA:0,_RNCNvMs2_NtNtCsbkbnPoCG8ZW_7vm_core15domain_services25execution_manager_serviceNtB7_29ExecutionManagerDomainService18complete_execution0Bb_
FNDA:0,_RNCNvMs2_NtNtCsbkbnPoCG8ZW_7vm_core15domain_services25execution_manager_serviceNtB7_29ExecutionManagerDomainService8schedules0_0Bb_
FNDA:0,_RNvMNtNtCsbkbnPoCG8ZW_7vm_core15domain_services25execution_manager_serviceNtB2_14ExecutionState11is_terminal
FNDA:0,_RNvMNtNtCsbkbnPoCG8ZW_7vm_core15domain_services25execution_manager_serviceNtB2_14ExecutionState9is_active
FNDA:0,_RNvMs0_NtNtCsbkbnPoCG8ZW_7vm_core15domain_services25execution_manager_serviceNtB5_17ExecutionPriority10from_level
FNDA:0,_RNvMs0_NtNtCsbkbnPoCG8ZW_7vm_core15domain_services25execution_manager_serviceNtB5_17ExecutionPriority8as_level
FNDA:0,_RNvMs1_NtNtCsbkbnPoCG8ZW_7vm_core15domain_services25execution_manager_serviceNtB5_19ExecutionStatistics12failure_rate
FNDA:0,_RNvMs1_NtNtCsbkbnPoCG8ZW_7vm_core15domain_services25execution_manager_serviceNtB5_19ExecutionStatistics12success_rate
FNDA:0,_RNvMs1_NtNtCsbkbnPoCG8ZW_7vm_core15domain_services25execution_manager_serviceNtB5_19ExecutionStatistics30avg_instructions_per_execution
FNDA:0,_RNvMs2_NtNtCsbkbnPoCG8ZW_7vm_core15domain_services25execution_manager_serviceNtB5_29ExecutionManagerDomainService11get_context
FNDA:0,_RNvMs2_NtNtCsbkbnPoCG8ZW_7vm_core15domain_services25execution_manager_serviceNtB5_29ExecutionManagerDomainService12next_context
FNDA:0,_RNvMs2_NtNtCsbkbnPoCG8ZW_7vm_core15domain_services25execution_manager_serviceNtB5_29ExecutionManagerDomainService13pause_context
FNDA:0,_RNvMs2_NtNtCsbkbnPoCG8ZW_7vm_core15domain_services25execution_manager_serviceNtB5_29ExecutionManagerDomainService13publish_event
FNDA:0,_RNvMs2_NtNtCsbkbnPoCG8ZW_7vm_core15domain_services25execution_manager_serviceNtB5_29ExecutionManagerDomainService13set_event_bus
FNDA:0,_RNvMs2_NtNtCsbkbnPoCG8ZW_7vm_core15domain_services25execution_manager_serviceNtB5_29ExecutionManagerDomainService14create_context
FNDA:0,_RNvMs2_NtNtCsbkbnPoCG8ZW_7vm_core15domain_services25execution_manager_serviceNtB5_29ExecutionManagerDomainService14delete_context
FNDA:0,_RNvMs2_NtNtCsbkbnPoCG8ZW_7vm_core15domain_services25execution_manager_serviceNtB5_29ExecutionManagerDomainService14fail_execution
FNDA:0,_RNvMs2_NtNtCsbkbnPoCG8ZW_7vm_core15domain_services25execution_manager_serviceNtB5_29ExecutionManagerDomainService14get_statistics
FNDA:0,_RNvMs2_NtNtCsbkbnPoCG8ZW_7vm_core15domain_services25execution_manager_serviceNtB5_29ExecutionManagerDomainService14resume_context
FNDA:0,_RNvMs2_NtNtCsbkbnPoCG8ZW_7vm_core15domain_services25execution_manager_serviceNtB5_29ExecutionManagerDomainService15get_context_mut
FNDA:0,_RNvMs2_NtNtCsbkbnPoCG8ZW_7vm_core15domain_services25execution_manager_serviceNtB5_29ExecutionManagerDomainService18complete_execution
FNDA:0,_RNvMs2_NtNtCsbkbnPoCG8ZW_7vm_core15domain_services25execution_manager_serviceNtB5_29ExecutionManagerDomainService21count_active_contexts
FNDA:0,_RNvMs2_NtNtCsbkbnPoCG8ZW_7vm_core15domain_services25execution_manager_serviceNtB5_29ExecutionManagerDomainService23set_max_active_contexts
FNDA:0,_RNvMs2_NtNtCsbkbnPoCG8ZW_7vm_core15domain_services25execution_manager_serviceNtB5_29ExecutionManagerDomainService25update_avg_execution_time
FNDA:0,_RNvMs2_NtNtCsbkbnPoCG8ZW_7vm_core15domain_services25execution_manager_serviceNtB5_29ExecutionManagerDomainService3new
FNDA:0,_RNvMs2_NtNtCsbkbnPoCG8ZW_7vm_core15domain_services25execution_manager_serviceNtB5_29ExecutionManagerDomainService8schedule
FNDA:0,_RNvMs_NtNtCsbkbnPoCG8ZW_7vm_core15domain_services25execution_manager_serviceNtB4_16ExecutionContext18add_execution_time
FNDA:0,_RNvMs_NtNtCsbkbnPoCG8ZW_7vm_core15domain_services25execution_manager_serviceNtB4_16ExecutionContext22increment_instructions
FNDA:0,_RNvMs_NtNtCsbkbnPoCG8ZW_7vm_core15domain_services25execution_manager_serviceNtB4_16ExecutionContext3new
FNDA:0,_RNvMs_NtNtCsbkbnPoCG8ZW_7vm_core15domain_services25execution_manager_serviceNtB4_16ExecutionContext6update
FNDA:0,_RNvXs3_NtNtCsbkbnPoCG8ZW_7vm_core15domain_services25execution_manager_serviceNtB5_29ExecutionManagerDomainServiceNtNtCskzPJi2J8k3N_4core7default7Default7default
FNDA:0,_RNCNvMs2_NtNtCsbkbnPoCG8ZW_7vm_core15domain_services25execution_manager_serviceNtB7_29ExecutionManagerDomainService21count_active_contexts0Bb_
FNDA:0,_RNCNvMs2_NtNtCsbkbnPoCG8ZW_7vm_core15domain_services25execution_manager_serviceNtB7_29ExecutionManagerDomainService14delete_context0Bb_
FNDA:0,_RNCNvMs2_NtNtCsbkbnPoCG8ZW_7vm_core15domain_services25execution_manager_serviceNtB7_29ExecutionManagerDomainService8schedule0Bb_
FNDA:0,_RNCNvMs2_NtNtCsbkbnPoCG8ZW_7vm_core15domain_services25execution_manager_serviceNtB7_29ExecutionManagerDomainService14create_context0Bb_
FNDA:0,_RNCNvMs2_NtNtCsbkbnPoCG8ZW_7vm_core15domain_services25execution_manager_serviceNtB7_29ExecutionManagerDomainService14resume_contexts_0Bb_
FNDA:0,_RNCNvMs2_NtNtCsbkbnPoCG8ZW_7vm_core15domain_services25execution_manager_serviceNtB7_29ExecutionManagerDomainService8schedules_0Bb_
FNF:41
FNH:0
DA:32,0
DA:33,0
DA:34,0
DA:36,0
DA:37,0
DA:38,0
DA:63,0
DA:64,0
DA:65,0
DA:66,0
DA:67,0
DA:68,0
DA:69,0
DA:70,0
DA:71,0
DA:72,0
DA:73,0
DA:74,0
DA:75,0
DA:77,0
DA:78,0
DA:79,0
DA:80,0
DA:82,0
DA:83,0
DA:84,0
DA:86,0
DA:87,0
DA:88,0
DA:105,0
DA:106,0
DA:107,0
DA:108,0
DA:109,0
DA:110,0
DA:112,0
DA:114,0
DA:115,0
DA:116,0
DA:139,0
DA:140,0
DA:141,0
DA:143,0
DA:145,0
DA:147,0
DA:148,0
DA:149,0
DA:151,0
DA:153,0
DA:155,0
DA:156,0
DA:157,0
DA:159,0
DA:161,0
DA:182,0
DA:183,0
DA:184,0
DA:185,0
DA:186,0
DA:187,0
DA:188,0
DA:189,0
DA:190,0
DA:193,0
DA:194,0
DA:195,0
DA:198,0
DA:199,0
DA:200,0
DA:201,0
DA:202,0
DA:203,0
DA:204,0
DA:205,0
DA:207,0
DA:208,0
DA:209,0
DA:210,0
DA:212,0
DA:213,0
DA:214,0
DA:215,0
DA:216,0
DA:218,0
DA:219,0
DA:222,0
DA:223,0
DA:224,0
DA:227,0
DA:228,0
DA:229,0
DA:232,0
DA:233,0
DA:234,0
DA:236,0
DA:237,0
DA:238,0
DA:239,0
DA:240,0
DA:241,0
DA:243,0
DA:245,0
DA:246,0
DA:247,0
DA:248,0
DA:249,0
DA:251,0
DA:254,0
DA:255,0
DA:256,0
DA:257,0
DA:258,0
DA:259,0
DA:260,0
DA:261,0
DA:263,0
DA:264,0
DA:265,0
DA:267,0
DA:268,0
DA:269,0
DA:270,0
DA:271,0
DA:272,0
DA:273,0
DA:274,0
DA:276,0
DA:278,0
DA:279,0
DA:282,0
DA:283,0
DA:284,0
DA:285,0
DA:286,0
DA:288,0
DA:289,0
DA:290,0
DA:291,0
DA:292,0
DA:293,0
DA:294,0
DA:295,0
DA:296,0
DA:299,0
DA:300,0
DA:301,0
DA:302,0
DA:303,0
DA:304,0
DA:305,0
DA:306,0
DA:307,0
DA:308,0
DA:309,0
DA:310,0
DA:311,0
DA:314,0
DA:315,0
DA:317,0
DA:319,0
DA:320,0
DA:321,0
DA:322,0
DA:323,0
DA:325,0
DA:326,0
DA:329,0
DA:330,0
DA:331,0
DA:332,0
DA:333,0
DA:334,0
DA:335,0
DA:336,0
DA:337,0
DA:338,0
DA:339,0
DA:340,0
DA:342,0
DA:343,0
DA:344,0
DA:345,0
DA:347,0
DA:348,0
DA:351,0
DA:352,0
DA:353,0
DA:354,0
DA:355,0
DA:356,0
DA:357,0
DA:358,0
DA:359,0
DA:361,0
DA:363,0
DA:364,0
DA:367,0
DA:368,0
DA:369,0
DA:370,0
DA:371,0
DA:372,0
DA:373,0
DA:374,0
DA:375,0
DA:376,0
DA:377,0
DA:379,0
DA:381,0
DA:382,0
DA:385,0
DA:386,0
DA:387,0
DA:390,0
DA:391,0
DA:392,0
DA:395,0
DA:396,0
DA:397,0
DA:398,0
DA:399,0
DA:400,0
DA:403,0
DA:404,0
DA:405,0
DA:406,0
DA:407,0
DA:408,0
DA:409,0
DA:412,0
DA:413,0
DA:414,0
DA:415,0
DA:416,0
DA:420,0
DA:421,0
DA:422,0
BRF:0
BRH:0
LF:254
LH:0
end_of_record
SF:/Users/didi/Desktop/vm/vm-core/src/domain_services/optimization_pipeline_service.rs
FN:42,_RNvMNtNtCsbkbnPoCG8ZW_7vm_core15domain_services29optimization_pipeline_serviceNtB2_17OptimizationStage4name
FN:177,_RNvMs1_NtNtCsbkbnPoCG8ZW_7vm_core15domain_services29optimization_pipeline_serviceNtB5_33OptimizationPipelineDomainService13set_event_bus
FN:184,_RNvMs1_NtNtCsbkbnPoCG8ZW_7vm_core15domain_services29optimization_pipeline_serviceNtB5_33OptimizationPipelineDomainService16execute_pipeline
FN:172,_RNvMs1_NtNtCsbkbnPoCG8ZW_7vm_core15domain_services29optimization_pipeline_serviceNtB5_33OptimizationPipelineDomainService17add_business_rule
FN:287,_RNvMs1_NtNtCsbkbnPoCG8ZW_7vm_core15domain_services29optimization_pipeline_serviceNtB5_33OptimizationPipelineDomainService18optimization_level
FN:294,_RNvMs1_NtNtCsbkbnPoCG8ZW_7vm_core15domain_services29optimization_pipeline_serviceNtB5_33OptimizationPipelineDomainService21supports_optimization
FN:299,_RNvMs1_NtNtCsbkbnPoCG8ZW_7vm_core15domain_services29optimization_pipeline_serviceNtB5_33OptimizationPipelineDomainService26publish_optimization_event
FN:153,_RNvMs1_NtNtCsbkbnPoCG8ZW_7vm_core15domain_services29optimization_pipeline_serviceNtB5_33OptimizationPipelineDomainService3new
FN:69,_RNvMs_NtNtCsbkbnPoCG8ZW_7vm_core15domain_services29optimization_pipeline_serviceNtB4_26OptimizationPipelineConfig3new
FN:111,_RNvXs0_NtNtCsbkbnPoCG8ZW_7vm_core15domain_services29optimization_pipeline_serviceNtB5_26OptimizationPipelineConfigNtNtCskzPJi2J8k3N_4core7default7Default7default
FNDA:0,_RNvMNtNtCsbkbnPoCG8ZW_7vm_core15domain_services29optimization_pipeline_serviceNtB2_17OptimizationStage4name
FNDA:0,_RNvMs1_NtNtCsbkbnPoCG8ZW_7vm_core15domain_services29optimization_pipeline_serviceNtB5_33OptimizationPipelineDomainService13set_event_bus
FNDA:0,_RNvMs1_NtNtCsbkbnPoCG8ZW_7vm_core15domain_services29optimization_pipeline_serviceNtB5_33OptimizationPipelineDomainService16execute_pipeline
FNDA:0,_RNvMs1_NtNtCsbkbnPoCG8ZW_7vm_core15domain_services29optimization_pipeline_serviceNtB5_33OptimizationPipelineDomainService17add_business_rule
FNDA:0,_RNvMs1_NtNtCsbkbnPoCG8ZW_7vm_core15domain_services29optimization_pipeline_serviceNtB5_33OptimizationPipelineDomainService18optimization_level
FNDA:0,_RNvMs1_NtNtCsbkbnPoCG8ZW_7vm_core15domain_services29optimization_pipeline_serviceNtB5_33OptimizationPipelineDomainService21supports_optimization
FNDA:0,_RNvMs1_NtNtCsbkbnPoCG8ZW_7vm_core15domain_services29optimization_pipeline_serviceNtB5_33OptimizationPipelineDomainService26publish_optimization_event
FNDA:0,_RNvMs1_NtNtCsbkbnPoCG8ZW_7vm_core15domain_services29optimization_pipeline_serviceNtB5_33OptimizationPipelineDomainService3new
FNDA:0,_RNvMs_NtNtCsbkbnPoCG8ZW_7vm_core15domain_services29optimization_pipeline_serviceNtB4_26OptimizationPipelineConfig3new
FNDA:0,_RNvXs0_NtNtCsbkbnPoCG8ZW_7vm_core15domain_services29optimization_pipeline_serviceNtB5_26OptimizationPipelineConfigNtNtCskzPJi2J8k3N_4core7default7Default7default
FNF:10
FNH:0
DA:42,0
DA:43,0
DA:44,0
DA:45,0
DA:46,0
DA:47,0
DA:48,0
DA:49,0
DA:51,0
DA:69,0
DA:70,0
DA:71,0
DA:72,0
DA:73,0
DA:74,0
DA:75,0
DA:76,0
DA:77,0
DA:79,0
DA:80,0
DA:81,0
DA:82,0
DA:84,0
DA:85,0
DA:86,0
DA:87,0
DA:88,0
DA:90,0
DA:91,0
DA:92,0
DA:93,0
DA:94,0
DA:95,0
DA:96,0
DA:98,0
DA:101,0
DA:102,0
DA:103,0
DA:104,0
DA:105,0
DA:106,0
DA:107,0
DA:111,0
DA:112,0
DA:113,0
DA:153,0
DA:154,0
DA:155,0
DA:156,0
DA:157,0
DA:158,0
DA:159,0
DA:160,0
DA:161,0
DA:164,0
DA:165,0
DA:166,0
DA:168,0
DA:169,0
DA:172,0
DA:173,0
DA:174,0
DA:177,0
DA:178,0
DA:179,0
DA:184,0
DA:185,0
DA:186,0
DA:187,0
DA:188,0
DA:287,0
DA:288,0
DA:289,0
DA:294,0
DA:295,0
DA:296,0
DA:299,0
DA:300,0
DA:301,0
DA:302,0
DA:303,0
DA:304,0
BRF:0
BRH:0
LF:82
LH:0
end_of_record
SF:/Users/didi/Desktop/vm/vm-core/src/domain_services/performance_optimization_service.rs
FN:1066,_RNCNvMNtNtCsbkbnPoCG8ZW_7vm_core15domain_services32performance_optimization_serviceNtB4_36PerformanceOptimizationDomainService17assess_plan_risks0B8_
FN:855,_RNCNvMNtNtCsbkbnPoCG8ZW_7vm_core15domain_services32performance_optimization_serviceNtB4_36PerformanceOptimizationDomainService21identify_risk_factors0B8_
FN:683,_RNCNvMNtNtCsbkbnPoCG8ZW_7vm_core15domain_services32performance_optimization_serviceNtB4_36PerformanceOptimizationDomainService22strategy_matches_goals0B8_
FN:903,_RNCNvMNtNtCsbkbnPoCG8ZW_7vm_core15domain_services32performance_optimization_serviceNtB4_36PerformanceOptimizationDomainService31group_recommendations_by_domain0B8_
FN:47,_RNvMNtNtCsbkbnPoCG8ZW_7vm_core15domain_services32performance_optimization_serviceNtB2_36PerformanceOptimizationDomainService10with_rules
FN:62,_RNvMNtNtCsbkbnPoCG8ZW_7vm_core15domain_services32performance_optimization_serviceNtB2_36PerformanceOptimizationDomainService14with_event_bus
FN:1042,_RNvMNtNtCsbkbnPoCG8ZW_7vm_core15domain_services32performance_optimization_serviceNtB2_36PerformanceOptimizationDomainService17assess_plan_risks
FN:837,_RNvMNtNtCsbkbnPoCG8ZW_7vm_core15domain_services32performance_optimization_serviceNtB2_36PerformanceOptimizationDomainService21identify_risk_factors
FN:504,_RNvMNtNtCsbkbnPoCG8ZW_7vm_core15domain_services32performance_optimization_serviceNtB2_36PerformanceOptimizationDomainService22analyze_io_bottlenecks
FN:569,_RNvMNtNtCsbkbnPoCG8ZW_7vm_core15domain_services32performance_optimization_serviceNtB2_36PerformanceOptimizationDomainService22prioritize_bottlenecks
FN:678,_RNvMNtNtCsbkbnPoCG8ZW_7vm_core15domain_services32performance_optimization_serviceNtB2_36PerformanceOptimizationDomainService22strategy_matches_goals
FN:390,_RNvMNtNtCsbkbnPoCG8ZW_7vm_core15domain_services32performance_optimization_serviceNtB2_36PerformanceOptimizationDomainService23analyze_cpu_bottlenecks
FN:958,_RNvMNtNtCsbkbnPoCG8ZW_7vm_core15domain_services32performance_optimization_serviceNtB2_36PerformanceOptimizationDomainService23estimate_phase_duration
FN:803,_RNvMNtNtCsbkbnPoCG8ZW_7vm_core15domain_services32performance_optimization_serviceNtB2_36PerformanceOptimizationDomainService24calculate_domain_impacts
FN:208,_RNvMNtNtCsbkbnPoCG8ZW_7vm_core15domain_services32performance_optimization_serviceNtB2_36PerformanceOptimizationDomainService25execute_optimization_plan
FN:1018,_RNvMNtNtCsbkbnPoCG8ZW_7vm_core15domain_services32performance_optimization_serviceNtB2_36PerformanceOptimizationDomainService25validate_plan_feasibility
FN:445,_RNvMNtNtCsbkbnPoCG8ZW_7vm_core15domain_services32performance_optimization_serviceNtB2_36PerformanceOptimizationDomainService26analyze_memory_bottlenecks
FN:820,_RNvMNtNtCsbkbnPoCG8ZW_7vm_core15domain_services32performance_optimization_serviceNtB2_36PerformanceOptimizationDomainService26calculate_confidence_level
FN:1320,_RNvMNtNtCsbkbnPoCG8ZW_7vm_core15domain_services32performance_optimization_serviceNtB2_36PerformanceOptimizationDomainService26calculate_optimization_roi
FN:1084,_RNvMNtNtCsbkbnPoCG8ZW_7vm_core15domain_services32performance_optimization_serviceNtB2_36PerformanceOptimizationDomainService26calculate_phase_complexity
FN:912,_RNvMNtNtCsbkbnPoCG8ZW_7vm_core15domain_services32performance_optimization_serviceNtB2_36PerformanceOptimizationDomainService26create_optimization_phases
FN:1107,_RNvMNtNtCsbkbnPoCG8ZW_7vm_core15domain_services32performance_optimization_serviceNtB2_36PerformanceOptimizationDomainService26execute_optimization_phase
FN:762,_RNvMNtNtCsbkbnPoCG8ZW_7vm_core15domain_services32performance_optimization_serviceNtB2_36PerformanceOptimizationDomainService26prioritize_recommendations
FN:1351,_RNvMNtNtCsbkbnPoCG8ZW_7vm_core15domain_services32performance_optimization_serviceNtB2_36PerformanceOptimizationDomainService26publish_optimization_event
FN:697,_RNvMNtNtCsbkbnPoCG8ZW_7vm_core15domain_services32performance_optimization_serviceNtB2_36PerformanceOptimizationDomainService26strategy_meets_constraints
FN:1182,_RNvMNtNtCsbkbnPoCG8ZW_7vm_core15domain_services32performance_optimization_serviceNtB2_36PerformanceOptimizationDomainService28analyze_domain_effectiveness
FN:1146,_RNvMNtNtCsbkbnPoCG8ZW_7vm_core15domain_services32performance_optimization_serviceNtB2_36PerformanceOptimizationDomainService28compare_performance_profiles
FN:782,_RNvMNtNtCsbkbnPoCG8ZW_7vm_core15domain_services32performance_optimization_serviceNtB2_36PerformanceOptimizationDomainService28estimate_optimization_impact
FN:721,_RNvMNtNtCsbkbnPoCG8ZW_7vm_core15domain_services32performance_optimization_serviceNtB2_36PerformanceOptimizationDomainService29estimate_strategy_improvement
FN:634,_RNvMNtNtCsbkbnPoCG8ZW_7vm_core15domain_services32performance_optimization_serviceNtB2_36PerformanceOptimizationDomainService30calculate_overall_impact_score
FN:997,_RNvMNtNtCsbkbnPoCG8ZW_7vm_core15domain_services32performance_optimization_serviceNtB2_36PerformanceOptimizationDomainService30estimate_optimization_timeline
FN:68,_RNvMNtNtCsbkbnPoCG8ZW_7vm_core15domain_services32performance_optimization_serviceNtB2_36PerformanceOptimizationDomainService31analyze_performance_bottlenecks
FN:525,_RNvMNtNtCsbkbnPoCG8ZW_7vm_core15domain_services32performance_optimization_serviceNtB2_36PerformanceOptimizationDomainService31analyze_translation_bottlenecks
FN:1131,_RNvMNtNtCsbkbnPoCG8ZW_7vm_core15domain_services32performance_optimization_serviceNtB2_36PerformanceOptimizationDomainService31calculate_actual_resource_usage
FN:1241,_RNvMNtNtCsbkbnPoCG8ZW_7vm_core15domain_services32performance_optimization_serviceNtB2_36PerformanceOptimizationDomainService31calculate_overall_effectiveness
FN:643,_RNvMNtNtCsbkbnPoCG8ZW_7vm_core15domain_services32performance_optimization_serviceNtB2_36PerformanceOptimizationDomainService31generate_domain_recommendations
FN:899,_RNvMNtNtCsbkbnPoCG8ZW_7vm_core15domain_services32performance_optimization_serviceNtB2_36PerformanceOptimizationDomainService31group_recommendations_by_domain
FN:167,_RNvMNtNtCsbkbnPoCG8ZW_7vm_core15domain_services32performance_optimization_serviceNtB2_36PerformanceOptimizationDomainService32create_unified_optimization_plan
FN:744,_RNvMNtNtCsbkbnPoCG8ZW_7vm_core15domain_services32performance_optimization_serviceNtB2_36PerformanceOptimizationDomainService33calculate_recommendation_priority
FN:122,_RNvMNtNtCsbkbnPoCG8ZW_7vm_core15domain_services32performance_optimization_serviceNtB2_36PerformanceOptimizationDomainService33recommend_optimization_strategies
FN:300,_RNvMNtNtCsbkbnPoCG8ZW_7vm_core15domain_services32performance_optimization_serviceNtB2_36PerformanceOptimizationDomainService34initialize_optimization_strategies
FN:255,_RNvMNtNtCsbkbnPoCG8ZW_7vm_core15domain_services32performance_optimization_serviceNtB2_36PerformanceOptimizationDomainService34monitor_optimization_effectiveness
FN:876,_RNvMNtNtCsbkbnPoCG8ZW_7vm_core15domain_services32performance_optimization_serviceNtB2_36PerformanceOptimizationDomainService35calculate_implementation_complexity
FN:983,_RNvMNtNtCsbkbnPoCG8ZW_7vm_core15domain_services32performance_optimization_serviceNtB2_36PerformanceOptimizationDomainService36calculate_plan_resource_requirements
FN:1261,_RNvMNtNtCsbkbnPoCG8ZW_7vm_core15domain_services32performance_optimization_serviceNtB2_36PerformanceOptimizationDomainService36generate_improvement_recommendations
FN:969,_RNvMNtNtCsbkbnPoCG8ZW_7vm_core15domain_services32performance_optimization_serviceNtB2_36PerformanceOptimizationDomainService37calculate_phase_resource_requirements
FN:32,_RNvMNtNtCsbkbnPoCG8ZW_7vm_core15domain_services32performance_optimization_serviceNtB2_36PerformanceOptimizationDomainService3new
FN:1703,_RNvMs0_NtNtCsbkbnPoCG8ZW_7vm_core15domain_services32performance_optimization_serviceNtB5_18BottleneckSeverity8priority
FN:1767,_RNvMs1_NtNtCsbkbnPoCG8ZW_7vm_core15domain_services32performance_optimization_serviceNtB5_24ImplementationComplexity15effort_estimate
FN:1759,_RNvMs1_NtNtCsbkbnPoCG8ZW_7vm_core15domain_services32performance_optimization_serviceNtB5_24ImplementationComplexity16complexity_score
FN:1791,_RNvMs2_NtNtCsbkbnPoCG8ZW_7vm_core15domain_services32performance_optimization_serviceNtB5_20ResourceRequirements13within_limits
FN:1785,_RNvMs2_NtNtCsbkbnPoCG8ZW_7vm_core15domain_services32performance_optimization_serviceNtB5_20ResourceRequirements5merge
FN:1362,_RNvXs_NtNtCsbkbnPoCG8ZW_7vm_core15domain_services32performance_optimization_serviceNtB4_36PerformanceOptimizationDomainServiceNtNtCskzPJi2J8k3N_4core7default7Default7default
FN:1094,_RNCNvMNtNtCsbkbnPoCG8ZW_7vm_core15domain_services32performance_optimization_serviceNtB4_36PerformanceOptimizationDomainService26calculate_phase_complexity0B8_
FN:1009,_RNCNvMNtNtCsbkbnPoCG8ZW_7vm_core15domain_services32performance_optimization_serviceNtB4_36PerformanceOptimizationDomainService30estimate_optimization_timelines_0B8_
FN:886,_RNCNvMNtNtCsbkbnPoCG8ZW_7vm_core15domain_services32performance_optimization_serviceNtB4_36PerformanceOptimizationDomainService35calculate_implementation_complexity0B8_
FN:627,_RNCNCNvMNtNtCsbkbnPoCG8ZW_7vm_core15domain_services32performance_optimization_serviceNtB6_36PerformanceOptimizationDomainService22prioritize_bottlenecks00Ba_
FN:771,_RNCNCNvMNtNtCsbkbnPoCG8ZW_7vm_core15domain_services32performance_optimization_serviceNtB6_36PerformanceOptimizationDomainService26prioritize_recommendations00Ba_
FN:623,_RNCNvMNtNtCsbkbnPoCG8ZW_7vm_core15domain_services32performance_optimization_serviceNtB4_36PerformanceOptimizationDomainService22prioritize_bottlenecks0B8_
FN:936,_RNCNvMNtNtCsbkbnPoCG8ZW_7vm_core15domain_services32performance_optimization_serviceNtB4_36PerformanceOptimizationDomainService26create_optimization_phases0B8_
FN:770,_RNCNvMNtNtCsbkbnPoCG8ZW_7vm_core15domain_services32performance_optimization_serviceNtB4_36PerformanceOptimizationDomainService26prioritize_recommendations0B8_
FNDA:0,_RNCNvMNtNtCsbkbnPoCG8ZW_7vm_core15domain_services32performance_optimization_serviceNtB4_36PerformanceOptimizationDomainService17assess_plan_risks0B8_
FNDA:0,_RNCNvMNtNtCsbkbnPoCG8ZW_7vm_core15domain_services32performance_optimization_serviceNtB4_36PerformanceOptimizationDomainService21identify_risk_factors0B8_
FNDA:0,_RNCNvMNtNtCsbkbnPoCG8ZW_7vm_core15domain_services32performance_optimization_serviceNtB4_36PerformanceOptimizationDomainService22strategy_matches_goals0B8_
FNDA:0,_RNCNvMNtNtCsbkbnPoCG8ZW_7vm_core15domain_services32performance_optimization_serviceNtB4_36PerformanceOptimizationDomainService31group_recommendations_by_domain0B8_
FNDA:0,_RNvMNtNtCsbkbnPoCG8ZW_7vm_core15domain_services32performance_optimization_serviceNtB2_36PerformanceOptimizationDomainService10with_rules
FNDA:0,_RNvMNtNtCsbkbnPoCG8ZW_7vm_core15domain_services32performance_optimization_serviceNtB2_36PerformanceOptimizationDomainService14with_event_bus
FNDA:0,_RNvMNtNtCsbkbnPoCG8ZW_7vm_core15domain_services32performance_optimization_serviceNtB2_36PerformanceOptimizationDomainService17assess_plan_risks
FNDA:0,_RNvMNtNtCsbkbnPoCG8ZW_7vm_core15domain_services32performance_optimization_serviceNtB2_36PerformanceOptimizationDomainService21identify_risk_factors
FNDA:0,_RNvMNtNtCsbkbnPoCG8ZW_7vm_core15domain_services32performance_optimization_serviceNtB2_36PerformanceOptimizationDomainService22analyze_io_bottlenecks
FNDA:0,_RNvMNtNtCsbkbnPoCG8ZW_7vm_core15domain_services32performance_optimization_serviceNtB2_36PerformanceOptimizationDomainService22prioritize_bottlenecks
FNDA:0,_RNvMNtNtCsbkbnPoCG8ZW_7vm_core15domain_services32performance_optimization_serviceNtB2_36PerformanceOptimizationDomainService22strategy_matches_goals
FNDA:0,_RNvMNtNtCsbkbnPoCG8ZW_7vm_core15domain_services32performance_optimization_serviceNtB2_36PerformanceOptimizationDomainService23analyze_cpu_bottlenecks
FNDA:0,_RNvMNtNtCsbkbnPoCG8ZW_7vm_core15domain_services32performance_optimization_serviceNtB2_36PerformanceOptimizationDomainService23estimate_phase_duration
FNDA:0,_RNvMNtNtCsbkbnPoCG8ZW_7vm_core15domain_services32performance_optimization_serviceNtB2_36PerformanceOptimizationDomainService24calculate_domain_impacts
FNDA:0,_RNvMNtNtCsbkbnPoCG8ZW_7vm_core15domain_services32performance_optimization_serviceNtB2_36PerformanceOptimizationDomainService25execute_optimization_plan
FNDA:0,_RNvMNtNtCsbkbnPoCG8ZW_7vm_core15domain_services32performance_optimization_serviceNtB2_36PerformanceOptimizationDomainService25validate_plan_feasibility
FNDA:0,_RNvMNtNtCsbkbnPoCG8ZW_7vm_core15domain_services32performance_optimization_serviceNtB2_36PerformanceOptimizationDomainService26analyze_memory_bottlenecks
FNDA:0,_RNvMNtNtCsbkbnPoCG8ZW_7vm_core15domain_services32performance_optimization_serviceNtB2_36PerformanceOptimizationDomainService26calculate_confidence_level
FNDA:0,_RNvMNtNtCsbkbnPoCG8ZW_7vm_core15domain_services32performance_optimization_serviceNtB2_36PerformanceOptimizationDomainService26calculate_optimization_roi
FNDA:0,_RNvMNtNtCsbkbnPoCG8ZW_7vm_core15domain_services32performance_optimization_serviceNtB2_36PerformanceOptimizationDomainService26calculate_phase_complexity
FNDA:0,_RNvMNtNtCsbkbnPoCG8ZW_7vm_core15domain_services32performance_optimization_serviceNtB2_36PerformanceOptimizationDomainService26create_optimization_phases
FNDA:0,_RNvMNtNtCsbkbnPoCG8ZW_7vm_core15domain_services32performance_optimization_serviceNtB2_36PerformanceOptimizationDomainService26execute_optimization_phase
FNDA:0,_RNvMNtNtCsbkbnPoCG8ZW_7vm_core15domain_services32performance_optimization_serviceNtB2_36PerformanceOptimizationDomainService26prioritize_recommendations
FNDA:0,_RNvMNtNtCsbkbnPoCG8ZW_7vm_core15domain_services32performance_optimization_serviceNtB2_36PerformanceOptimizationDomainService26publish_optimization_event
FNDA:0,_RNvMNtNtCsbkbnPoCG8ZW_7vm_core15domain_services32performance_optimization_serviceNtB2_36PerformanceOptimizationDomainService26strategy_meets_constraints
FNDA:0,_RNvMNtNtCsbkbnPoCG8ZW_7vm_core15domain_services32performance_optimization_serviceNtB2_36PerformanceOptimizationDomainService28analyze_domain_effectiveness
FNDA:0,_RNvMNtNtCsbkbnPoCG8ZW_7vm_core15domain_services32performance_optimization_serviceNtB2_36PerformanceOptimizationDomainService28compare_performance_profiles
FNDA:0,_RNvMNtNtCsbkbnPoCG8ZW_7vm_core15domain_services32performance_optimization_serviceNtB2_36PerformanceOptimizationDomainService28estimate_optimization_impact
FNDA:0,_RNvMNtNtCsbkbnPoCG8ZW_7vm_core15domain_services32performance_optimization_serviceNtB2_36PerformanceOptimizationDomainService29estimate_strategy_improvement
FNDA:0,_RNvMNtNtCsbkbnPoCG8ZW_7vm_core15domain_services32performance_optimization_serviceNtB2_36PerformanceOptimizationDomainService30calculate_overall_impact_score
FNDA:0,_RNvMNtNtCsbkbnPoCG8ZW_7vm_core15domain_services32performance_optimization_serviceNtB2_36PerformanceOptimizationDomainService30estimate_optimization_timeline
FNDA:0,_RNvMNtNtCsbkbnPoCG8ZW_7vm_core15domain_services32performance_optimization_serviceNtB2_36PerformanceOptimizationDomainService31analyze_performance_bottlenecks
FNDA:0,_RNvMNtNtCsbkbnPoCG8ZW_7vm_core15domain_services32performance_optimization_serviceNtB2_36PerformanceOptimizationDomainService31analyze_translation_bottlenecks
FNDA:0,_RNvMNtNtCsbkbnPoCG8ZW_7vm_core15domain_services32performance_optimization_serviceNtB2_36PerformanceOptimizationDomainService31calculate_actual_resource_usage
FNDA:0,_RNvMNtNtCsbkbnPoCG8ZW_7vm_core15domain_services32performance_optimization_serviceNtB2_36PerformanceOptimizationDomainService31calculate_overall_effectiveness
FNDA:0,_RNvMNtNtCsbkbnPoCG8ZW_7vm_core15domain_services32performance_optimization_serviceNtB2_36PerformanceOptimizationDomainService31generate_domain_recommendations
FNDA:0,_RNvMNtNtCsbkbnPoCG8ZW_7vm_core15domain_services32performance_optimization_serviceNtB2_36PerformanceOptimizationDomainService31group_recommendations_by_domain
FNDA:0,_RNvMNtNtCsbkbnPoCG8ZW_7vm_core15domain_services32performance_optimization_serviceNtB2_36PerformanceOptimizationDomainService32create_unified_optimization_plan
FNDA:0,_RNvMNtNtCsbkbnPoCG8ZW_7vm_core15domain_services32performance_optimization_serviceNtB2_36PerformanceOptimizationDomainService33calculate_recommendation_priority
FNDA:0,_RNvMNtNtCsbkbnPoCG8ZW_7vm_core15domain_services32performance_optimization_serviceNtB2_36PerformanceOptimizationDomainService33recommend_optimization_strategies
FNDA:0,_RNvMNtNtCsbkbnPoCG8ZW_7vm_core15domain_services32performance_optimization_serviceNtB2_36PerformanceOptimizationDomainService34initialize_optimization_strategies
FNDA:0,_RNvMNtNtCsbkbnPoCG8ZW_7vm_core15domain_services32performance_optimization_serviceNtB2_36PerformanceOptimizationDomainService34monitor_optimization_effectiveness
FNDA:0,_RNvMNtNtCsbkbnPoCG8ZW_7vm_core15domain_services32performance_optimization_serviceNtB2_36PerformanceOptimizationDomainService35calculate_implementation_complexity
FNDA:0,_RNvMNtNtCsbkbnPoCG8ZW_7vm_core15domain_services32performance_optimization_serviceNtB2_36PerformanceOptimizationDomainService36calculate_plan_resource_requirements
FNDA:0,_RNvMNtNtCsbkbnPoCG8ZW_7vm_core15domain_services32performance_optimization_serviceNtB2_36PerformanceOptimizationDomainService36generate_improvement_recommendations
FNDA:0,_RNvMNtNtCsbkbnPoCG8ZW_7vm_core15domain_services32performance_optimization_serviceNtB2_36PerformanceOptimizationDomainService37calculate_phase_resource_requirements
FNDA:0,_RNvMNtNtCsbkbnPoCG8ZW_7vm_core15domain_services32performance_optimization_serviceNtB2_36PerformanceOptimizationDomainService3new
FNDA:0,_RNvMs0_NtNtCsbkbnPoCG8ZW_7vm_core15domain_services32performance_optimization_serviceNtB5_18BottleneckSeverity8priority
FNDA:0,_RNvMs1_NtNtCsbkbnPoCG8ZW_7vm_core15domain_services32performance_optimization_serviceNtB5_24ImplementationComplexity15effort_estimate
FNDA:0,_RNvMs1_NtNtCsbkbnPoCG8ZW_7vm_core15domain_services32performance_optimization_serviceNtB5_24ImplementationComplexity16complexity_score
FNDA:0,_RNvMs2_NtNtCsbkbnPoCG8ZW_7vm_core15domain_services32performance_optimization_serviceNtB5_20ResourceRequirements13within_limits
FNDA:0,_RNvMs2_NtNtCsbkbnPoCG8ZW_7vm_core15domain_services32performance_optimization_serviceNtB5_20ResourceRequirements5merge
FNDA:0,_RNvXs_NtNtCsbkbnPoCG8ZW_7vm_core15domain_services32performance_optimization_serviceNtB4_36PerformanceOptimizationDomainServiceNtNtCskzPJi2J8k3N_4core7default7Default7default
FNDA:0,_RNCNvMNtNtCsbkbnPoCG8ZW_7vm_core15domain_services32performance_optimization_serviceNtB4_36PerformanceOptimizationDomainService26calculate_phase_complexity0B8_
FNDA:0,_RNCNvMNtNtCsbkbnPoCG8ZW_7vm_core15domain_services32performance_optimization_serviceNtB4_36PerformanceOptimizationDomainService30estimate_optimization_timelines_0B8_
FNDA:0,_RNCNvMNtNtCsbkbnPoCG8ZW_7vm_core15domain_services32performance_optimization_serviceNtB4_36PerformanceOptimizationDomainService35calculate_implementation_complexity0B8_
FNDA:0,_RNCNCNvMNtNtCsbkbnPoCG8ZW_7vm_core15domain_services32performance_optimization_serviceNtB6_36PerformanceOptimizationDomainService22prioritize_bottlenecks00Ba_
FNDA:0,_RNCNCNvMNtNtCsbkbnPoCG8ZW_7vm_core15domain_services32performance_optimization_serviceNtB6_36PerformanceOptimizationDomainService26prioritize_recommendations00Ba_
FNDA:0,_RNCNvMNtNtCsbkbnPoCG8ZW_7vm_core15domain_services32performance_optimization_serviceNtB4_36PerformanceOptimizationDomainService22prioritize_bottlenecks0B8_
FNDA:0,_RNCNvMNtNtCsbkbnPoCG8ZW_7vm_core15domain_services32performance_optimization_serviceNtB4_36PerformanceOptimizationDomainService26create_optimization_phases0B8_
FNDA:0,_RNCNvMNtNtCsbkbnPoCG8ZW_7vm_core15domain_services32performance_optimization_serviceNtB4_36PerformanceOptimizationDomainService26prioritize_recommendations0B8_
FNF:61
FNH:0
DA:32,0
DA:33,0
DA:34,0
DA:35,0
DA:36,0
DA:37,0
DA:38,0
DA:41,0
DA:43,0
DA:44,0
DA:47,0
DA:48,0
DA:49,0
DA:50,0
DA:51,0
DA:52,0
DA:53,0
DA:56,0
DA:58,0
DA:59,0
DA:62,0
DA:63,0
DA:64,0
DA:65,0
DA:68,0
DA:69,0
DA:70,0
DA:71,0
DA:72,0
DA:74,0
DA:75,0
DA:79,0
DA:82,0
DA:85,0
DA:88,0
DA:91,0
DA:92,0
DA:93,0
DA:94,0
DA:95,0
DA:96,0
DA:98,0
DA:99,0
DA:100,0
DA:101,0
DA:102,0
DA:103,0
DA:104,0
DA:105,0
DA:106,0
DA:109,0
DA:110,0
DA:111,0
DA:112,0
DA:113,0
DA:114,0
DA:115,0
DA:116,0
DA:118,0
DA:119,0
DA:122,0
DA:123,0
DA:124,0
DA:125,0
DA:126,0
DA:127,0
DA:129,0
DA:131,0
DA:132,0
DA:133,0
DA:135,0
DA:139,0
DA:140,0
DA:143,0
DA:144,0
DA:146,0
DA:147,0
DA:148,0
DA:149,0
DA:150,0
DA:151,0
DA:152,0
DA:153,0
DA:156,0
DA:157,0
DA:158,0
DA:159,0
DA:160,0
DA:161,0
DA:163,0
DA:164,0
DA:167,0
DA:168,0
DA:169,0
DA:170,0
DA:171,0
DA:173,0
DA:176,0
DA:179,0
DA:182,0
DA:185,0
DA:187,0
DA:188,0
DA:189,0
DA:190,0
DA:191,0
DA:192,0
DA:193,0
DA:194,0
DA:197,0
DA:198,0
DA:199,0
DA:200,0
DA:201,0
DA:202,0
DA:204,0
DA:205,0
DA:208,0
DA:209,0
DA:210,0
DA:211,0
DA:212,0
DA:213,0
DA:214,0
DA:215,0
DA:218,0
DA:219,0
DA:221,0
DA:222,0
DA:223,0
DA:225,0
DA:226,0
DA:229,0
DA:230,0
DA:231,0
DA:232,0
DA:233,0
DA:234,0
DA:235,0
DA:236,0
DA:238,0
DA:240,0
DA:244,0
DA:245,0
DA:246,0
DA:247,0
DA:248,0
DA:249,0
DA:251,0
DA:252,0
DA:255,0
DA:256,0
DA:257,0
DA:258,0
DA:259,0
DA:261,0
DA:262,0
DA:263,0
DA:264,0
DA:267,0
DA:268,0
DA:271,0
DA:272,0
DA:275,0
DA:276,0
DA:278,0
DA:279,0
DA:280,0
DA:281,0
DA:282,0
DA:283,0
DA:284,0
DA:285,0
DA:286,0
DA:289,0
DA:290,0
DA:291,0
DA:292,0
DA:293,0
DA:294,0
DA:296,0
DA:297,0
DA:300,0
DA:302,0
DA:303,0
DA:304,0
DA:305,0
DA:306,0
DA:307,0
DA:308,0
DA:309,0
DA:310,0
DA:311,0
DA:312,0
DA:313,0
DA:314,0
DA:315,0
DA:316,0
DA:317,0
DA:318,0
DA:319,0
DA:320,0
DA:321,0
DA:322,0
DA:323,0
DA:324,0
DA:325,0
DA:326,0
DA:331,0
DA:332,0
DA:333,0
DA:334,0
DA:335,0
DA:336,0
DA:337,0
DA:338,0
DA:339,0
DA:340,0
DA:341,0
DA:342,0
DA:343,0
DA:344,0
DA:345,0
DA:346,0
DA:347,0
DA:348,0
DA:349,0
DA:350,0
DA:351,0
DA:352,0
DA:353,0
DA:354,0
DA:355,0
DA:360,0
DA:361,0
DA:362,0
DA:363,0
DA:364,0
DA:365,0
DA:366,0
DA:367,0
DA:368,0
DA:369,0
DA:370,0
DA:371,0
DA:372,0
DA:373,0
DA:374,0
DA:375,0
DA:376,0
DA:377,0
DA:378,0
DA:379,0
DA:380,0
DA:381,0
DA:382,0
DA:383,0
DA:384,0
DA:387,0
DA:390,0
DA:391,0
DA:394,0
DA:395,0
DA:396,0
DA:397,0
DA:398,0
DA:400,0
DA:402,0
DA:403,0
DA:405,0
DA:408,0
DA:409,0
DA:410,0
DA:411,0
DA:412,0
DA:414,0
DA:416,0
DA:417,0
DA:418,0
DA:420,0
DA:422,0
DA:425,0
DA:426,0
DA:427,0
DA:428,0
DA:429,0
DA:431,0
DA:433,0
DA:434,0
DA:435,0
DA:437,0
DA:439,0
DA:441,0
DA:442,0
DA:445,0
DA:446,0
DA:447,0
DA:448,0
DA:449,0
DA:452,0
DA:453,0
DA:454,0
DA:455,0
DA:456,0
DA:458,0
DA:460,0
DA:461,0
DA:463,0
DA:466,0
DA:467,0
DA:468,0
DA:469,0
DA:470,0
DA:472,0
DA:474,0
DA:475,0
DA:476,0
DA:478,0
DA:480,0
DA:483,0
DA:485,0
DA:486,0
DA:487,0
DA:488,0
DA:490,0
DA:492,0
DA:493,0
DA:496,0
DA:498,0
DA:500,0
DA:501,0
DA:504,0
DA:505,0
DA:508,0
DA:509,0
DA:510,0
DA:511,0
DA:512,0
DA:514,0
DA:516,0
DA:517,0
DA:519,0
DA:521,0
DA:522,0
DA:525,0
DA:526,0
DA:527,0
DA:528,0
DA:529,0
DA:532,0
DA:533,0
DA:534,0
DA:535,0
DA:536,0
DA:538,0
DA:540,0
DA:541,0
DA:542,0
DA:544,0
DA:546,0
DA:549,0
DA:550,0
DA:551,0
DA:552,0
DA:553,0
DA:555,0
DA:557,0
DA:558,0
DA:559,0
DA:561,0
DA:563,0
DA:565,0
DA:566,0
DA:569,0
DA:570,0
DA:571,0
DA:572,0
DA:573,0
DA:574,0
DA:575,0
DA:576,0
DA:579,0
DA:580,0
DA:581,0
DA:582,0
DA:583,0
DA:584,0
DA:585,0
DA:586,0
DA:587,0
DA:590,0
DA:591,0
DA:592,0
DA:593,0
DA:594,0
DA:595,0
DA:596,0
DA:597,0
DA:598,0
DA:601,0
DA:602,0
DA:603,0
DA:604,0
DA:605,0
DA:606,0
DA:607,0
DA:608,0
DA:609,0
DA:612,0
DA:613,0
DA:614,0
DA:615,0
DA:616,0
DA:617,0
DA:618,0
DA:619,0
DA:620,0
DA:623,0
DA:624,0
DA:625,0
DA:626,0
DA:627,0
DA:628,0
DA:630,0
DA:631,0
DA:634,0
DA:635,0
DA:636,0
DA:637,0
DA:639,0
DA:640,0
DA:643,0
DA:644,0
DA:645,0
DA:646,0
DA:647,0
DA:648,0
DA:649,0
DA:652,0
DA:653,0
DA:655,0
DA:657,0
DA:658,0
DA:659,0
DA:660,0
DA:661,0
DA:662,0
DA:663,0
DA:664,0
DA:665,0
DA:666,0
DA:667,0
DA:668,0
DA:669,0
DA:670,0
DA:672,0
DA:674,0
DA:675,0
DA:678,0
DA:679,0
DA:680,0
DA:681,0
DA:682,0
DA:683,0
DA:684,0
DA:685,0
DA:686,0
DA:688,0
DA:691,0
DA:693,0
DA:694,0
DA:697,0
DA:698,0
DA:699,0
DA:700,0
DA:701,0
DA:703,0
DA:704,0
DA:706,0
DA:707,0
DA:710,0
DA:711,0
DA:712,0
DA:714,0
DA:715,0
DA:717,0
DA:718,0
DA:721,0
DA:722,0
DA:723,0
DA:724,0
DA:725,0
DA:726,0
DA:727,0
DA:728,0
DA:729,0
DA:733,0
DA:734,0
DA:735,0
DA:736,0
DA:737,0
DA:740,0
DA:741,0
DA:744,0
DA:745,0
DA:746,0
DA:747,0
DA:748,0
DA:749,0
DA:750,0
DA:751,0
DA:752,0
DA:755,0
DA:758,0
DA:759,0
DA:762,0
DA:763,0
DA:764,0
DA:765,0
DA:766,0
DA:767,0
DA:770,0
DA:771,0
DA:772,0
DA:773,0
DA:774,0
DA:775,0
DA:776,0
DA:778,0
DA:779,0
DA:782,0
DA:783,0
DA:784,0
DA:785,0
DA:786,0
DA:787,0
DA:788,0
DA:789,0
DA:790,0
DA:792,0
DA:794,0
DA:795,0
DA:796,0
DA:797,0
DA:798,0
DA:799,0
DA:800,0
DA:803,0
DA:804,0
DA:805,0
DA:806,0
DA:807,0
DA:809,0
DA:810,0
DA:811,0
DA:812,0
DA:813,0
DA:814,0
DA:816,0
DA:817,0
DA:820,0
DA:821,0
DA:822,0
DA:823,0
DA:824,0
DA:825,0
DA:826,0
DA:827,0
DA:830,0
DA:831,0
DA:833,0
DA:834,0
DA:837,0
DA:838,0
DA:839,0
DA:840,0
DA:841,0
DA:844,0
DA:845,0
DA:846,0
DA:847,0
DA:848,0
DA:849,0
DA:850,0
DA:851,0
DA:855,0
DA:856,0
DA:857,0
DA:858,0
DA:859,0
DA:860,0
DA:862,0
DA:863,0
DA:864,0
DA:865,0
DA:866,0
DA:867,0
DA:868,0
DA:869,0
DA:872,0
DA:873,0
DA:876,0
DA:877,0
DA:878,0
DA:879,0
DA:880,0
DA:881,0
DA:882,0
DA:884,0
DA:885,0
DA:886,0
DA:887,0
DA:889,0
DA:891,0
DA:892,0
DA:893,0
DA:894,0
DA:896,0
DA:899,0
DA:900,0
DA:901,0
DA:902,0
DA:903,0
DA:904,0
DA:905,0
DA:906,0
DA:907,0
DA:908,0
DA:909,0
DA:912,0
DA:913,0
DA:914,0
DA:915,0
DA:916,0
DA:917,0
DA:920,0
DA:921,0
DA:922,0
DA:923,0
DA:925,0
DA:926,0
DA:927,0
DA:928,0
DA:929,0
DA:930,0
DA:931,0
DA:932,0
DA:936,0
DA:937,0
DA:938,0
DA:939,0
DA:940,0
DA:941,0
DA:942,0
DA:944,0
DA:945,0
DA:946,0
DA:947,0
DA:948,0
DA:949,0
DA:951,0
DA:952,0
DA:954,0
DA:955,0
DA:958,0
DA:959,0
DA:960,0
DA:961,0
DA:962,0
DA:965,0
DA:966,0
DA:969,0
DA:970,0
DA:971,0
DA:972,0
DA:973,0
DA:975,0
DA:976,0
DA:977,0
DA:979,0
DA:980,0
DA:983,0
DA:984,0
DA:985,0
DA:986,0
DA:987,0
DA:989,0
DA:990,0
DA:991,0
DA:993,0
DA:994,0
DA:997,0
DA:998,0
DA:999,0
DA:1000,0
DA:1001,0
DA:1004,0
DA:1005,0
DA:1006,0
DA:1007,0
DA:1008,0
DA:1009,0
DA:1010,0
DA:1011,0
DA:1012,0
DA:1013,0
DA:1015,0
DA:1018,0
DA:1019,0
DA:1020,0
DA:1021,0
DA:1022,0
DA:1024,0
DA:1026,0
DA:1027,0
DA:1029,0
DA:1030,0
DA:1031,0
DA:1032,0
DA:1033,0
DA:1034,0
DA:1035,0
DA:1036,0
DA:1038,0
DA:1039,0
DA:1042,0
DA:1043,0
DA:1046,0
DA:1047,0
DA:1049,0
DA:1050,0
DA:1051,0
DA:1052,0
DA:1053,0
DA:1054,0
DA:1055,0
DA:1056,0
DA:1057,0
DA:1058,0
DA:1059,0
DA:1063,0
DA:1064,0
DA:1065,0
DA:1066,0
DA:1067,0
DA:1068,0
DA:1069,0
DA:1071,0
DA:1072,0
DA:1073,0
DA:1074,0
DA:1075,0
DA:1076,0
DA:1077,0
DA:1078,0
DA:1080,0
DA:1081,0
DA:1084,0
DA:1085,0
DA:1086,0
DA:1087,0
DA:1088,0
DA:1089,0
DA:1090,0
DA:1092,0
DA:1093,0
DA:1094,0
DA:1095,0
DA:1097,0
DA:1099,0
DA:1100,0
DA:1101,0
DA:1102,0
DA:1104,0
DA:1107,0
DA:1108,0
DA:1109,0
DA:1110,0
DA:1111,0
DA:1116,0
DA:1117,0
DA:1119,0
DA:1120,0
DA:1121,0
DA:1122,0
DA:1123,0
DA:1125,0
DA:1126,0
DA:1128,0
DA:1131,0
DA:1132,0
DA:1133,0
DA:1134,0
DA:1135,0
DA:1136,0
DA:1138,0
DA:1139,0
DA:1140,0
DA:1141,0
DA:1142,0
DA:1143,0
DA:1146,0
DA:1147,0
DA:1148,0
DA:1149,0
DA:1150,0
DA:1151,0
DA:1152,0
DA:1154,0
DA:1157,0
DA:1158,0
DA:1160,0
DA:1163,0
DA:1164,0
DA:1165,0
DA:1167,0
DA:1170,0
DA:1171,0
DA:1173,0
DA:1174,0
DA:1175,0
DA:1176,0
DA:1177,0
DA:1178,0
DA:1179,0
DA:1182,0
DA:1183,0
DA:1184,0
DA:1185,0
DA:1186,0
DA:1187,0
DA:1190,0
DA:1191,0
DA:1193,0
DA:1194,0
DA:1195,0
DA:1196,0
DA:1197,0
DA:1198,0
DA:1200,0
DA:1206,0
DA:1207,0
DA:1209,0
DA:1210,0
DA:1211,0
DA:1212,0
DA:1213,0
DA:1214,0
DA:1216,0
DA:1222,0
DA:1223,0
DA:1225,0
DA:1226,0
DA:1227,0
DA:1228,0
DA:1229,0
DA:1230,0
DA:1232,0
DA:1237,0
DA:1238,0
DA:1241,0
DA:1242,0
DA:1243,0
DA:1244,0
DA:1245,0
DA:1246,0
DA:1247,0
DA:1248,0
DA:1249,0
DA:1251,0
DA:1253,0
DA:1254,0
DA:1256,0
DA:1258,0
DA:1261,0
DA:1262,0
DA:1263,0
DA:1264,0
DA:1265,0
DA:1266,0
DA:1269,0
DA:1270,0
DA:1271,0
DA:1272,0
DA:1273,0
DA:1274,0
DA:1275,0
DA:1276,0
DA:1277,0
DA:1278,0
DA:1279,0
DA:1280,0
DA:1284,0
DA:1285,0
DA:1286,0
DA:1287,0
DA:1288,0
DA:1289,0
DA:1290,0
DA:1291,0
DA:1292,0
DA:1294,0
DA:1295,0
DA:1296,0
DA:1297,0
DA:1298,0
DA:1299,0
DA:1300,0
DA:1301,0
DA:1302,0
DA:1303,0
DA:1305,0
DA:1306,0
DA:1307,0
DA:1308,0
DA:1309,0
DA:1310,0
DA:1311,0
DA:1312,0
DA:1313,0
DA:1314,0
DA:1316,0
DA:1317,0
DA:1320,0
DA:1321,0
DA:1322,0
DA:1323,0
DA:1324,0
DA:1326,0
DA:1329,0
DA:1332,0
DA:1333,0
DA:1335,0
DA:1339,0
DA:1340,0
DA:1341,0
DA:1342,0
DA:1343,0
DA:1345,0
DA:1348,0
DA:1351,0
DA:1352,0
DA:1353,0
DA:1354,0
DA:1355,0
DA:1356,0
DA:1357,0
DA:1362,0
DA:1363,0
DA:1364,0
DA:1703,0
DA:1704,0
DA:1705,0
DA:1706,0
DA:1707,0
DA:1708,0
DA:1710,0
DA:1759,0
DA:1760,0
DA:1761,0
DA:1762,0
DA:1763,0
DA:1765,0
DA:1767,0
DA:1768,0
DA:1769,0
DA:1770,0
DA:1771,0
DA:1773,0
DA:1785,0
DA:1786,0
DA:1787,0
DA:1788,0
DA:1789,0
DA:1791,0
DA:1792,0
DA:1793,0
DA:1794,0
DA:1795,0
BRF:0
BRH:0
LF:990
LH:0
end_of_record
SF:/Users/didi/Desktop/vm/vm-core/src/domain_services/resource_management_service.rs
FN:617,_RNCNvMs0_NtNtCsbkbnPoCG8ZW_7vm_core15domain_services27resource_management_serviceNtB7_31ResourceManagementDomainService17release_resources0Bb_
FN:544,_RNCNvMs0_NtNtCsbkbnPoCG8ZW_7vm_core15domain_services27resource_management_serviceNtB7_31ResourceManagementDomainService18allocate_resources0Bb_
FN:565,_RNCNvMs0_NtNtCsbkbnPoCG8ZW_7vm_core15domain_services27resource_management_serviceNtB7_31ResourceManagementDomainService18allocate_resourcess_0Bb_
FN:297,_RNvMNtNtCsbkbnPoCG8ZW_7vm_core15domain_services27resource_management_serviceNtB2_18ResourceConstraint12is_exhausted
FN:287,_RNvMNtNtCsbkbnPoCG8ZW_7vm_core15domain_services27resource_management_serviceNtB2_18ResourceConstraint16is_warning_level
FN:292,_RNvMNtNtCsbkbnPoCG8ZW_7vm_core15domain_services27resource_management_serviceNtB2_18ResourceConstraint17is_critical_level
FN:278,_RNvMNtNtCsbkbnPoCG8ZW_7vm_core15domain_services27resource_management_serviceNtB2_18ResourceConstraint17utilization_ratio
FN:260,_RNvMNtNtCsbkbnPoCG8ZW_7vm_core15domain_services27resource_management_serviceNtB2_18ResourceConstraint3new
FN:501,_RNvMs0_NtNtCsbkbnPoCG8ZW_7vm_core15domain_services27resource_management_serviceNtB5_31ResourceManagementDomainService13set_event_bus
FN:496,_RNvMs0_NtNtCsbkbnPoCG8ZW_7vm_core15domain_services27resource_management_serviceNtB5_31ResourceManagementDomainService17add_business_rule
FN:608,_RNvMs0_NtNtCsbkbnPoCG8ZW_7vm_core15domain_services27resource_management_serviceNtB5_31ResourceManagementDomainService17release_resources
FN:640,_RNvMs0_NtNtCsbkbnPoCG8ZW_7vm_core15domain_services27resource_management_serviceNtB5_31ResourceManagementDomainService17should_trigger_gc
FN:532,_RNvMs0_NtNtCsbkbnPoCG8ZW_7vm_core15domain_services27resource_management_serviceNtB5_31ResourceManagementDomainService18allocate_resources
FN:795,_RNvMs0_NtNtCsbkbnPoCG8ZW_7vm_core15domain_services27resource_management_serviceNtB5_31ResourceManagementDomainService22create_pipeline_config
FN:649,_RNvMs0_NtNtCsbkbnPoCG8ZW_7vm_core15domain_services27resource_management_serviceNtB5_31ResourceManagementDomainService24get_resource_utilization
FN:807,_RNvMs0_NtNtCsbkbnPoCG8ZW_7vm_core15domain_services27resource_management_serviceNtB5_31ResourceManagementDomainService26publish_optimization_event
FN:699,_RNvMs0_NtNtCsbkbnPoCG8ZW_7vm_core15domain_services27resource_management_serviceNtB5_31ResourceManagementDomainService28allocate_optimization_budget
FN:657,_RNvMs0_NtNtCsbkbnPoCG8ZW_7vm_core15domain_services27resource_management_serviceNtB5_31ResourceManagementDomainService29update_performance_thresholds
FN:506,_RNvMs0_NtNtCsbkbnPoCG8ZW_7vm_core15domain_services27resource_management_serviceNtB5_31ResourceManagementDomainService29validate_resource_constraints
FN:484,_RNvMs0_NtNtCsbkbnPoCG8ZW_7vm_core15domain_services27resource_management_serviceNtB5_31ResourceManagementDomainService3new
FN:391,_RNvXs_NtNtCsbkbnPoCG8ZW_7vm_core15domain_services27resource_management_serviceNtB4_24ResourceManagementConfigNtNtCskzPJi2J8k3N_4core7default7Default7default
FN:519,_RNCNvMs0_NtNtCsbkbnPoCG8ZW_7vm_core15domain_services27resource_management_serviceNtB7_31ResourceManagementDomainService29validate_resource_constraints0Bb_
FN:652,_RNCNvMs0_NtNtCsbkbnPoCG8ZW_7vm_core15domain_services27resource_management_serviceNtB7_31ResourceManagementDomainService24get_resource_utilization0Bb_
FNDA:0,_RNCNvMs0_NtNtCsbkbnPoCG8ZW_7vm_core15domain_services27resource_management_serviceNtB7_31ResourceManagementDomainService17release_resources0Bb_
FNDA:0,_RNCNvMs0_NtNtCsbkbnPoCG8ZW_7vm_core15domain_services27resource_management_serviceNtB7_31ResourceManagementDomainService18allocate_resources0Bb_
FNDA:0,_RNCNvMs0_NtNtCsbkbnPoCG8ZW_7vm_core15domain_services27resource_management_serviceNtB7_31ResourceManagementDomainService18allocate_resourcess_0Bb_
FNDA:0,_RNvMNtNtCsbkbnPoCG8ZW_7vm_core15domain_services27resource_management_serviceNtB2_18ResourceConstraint12is_exhausted
FNDA:0,_RNvMNtNtCsbkbnPoCG8ZW_7vm_core15domain_services27resource_management_serviceNtB2_18ResourceConstraint16is_warning_level
FNDA:0,_RNvMNtNtCsbkbnPoCG8ZW_7vm_core15domain_services27resource_management_serviceNtB2_18ResourceConstraint17is_critical_level
FNDA:0,_RNvMNtNtCsbkbnPoCG8ZW_7vm_core15domain_services27resource_management_serviceNtB2_18ResourceConstraint17utilization_ratio
FNDA:0,_RNvMNtNtCsbkbnPoCG8ZW_7vm_core15domain_services27resource_management_serviceNtB2_18ResourceConstraint3new
FNDA:0,_RNvMs0_NtNtCsbkbnPoCG8ZW_7vm_core15domain_services27resource_management_serviceNtB5_31ResourceManagementDomainService13set_event_bus
FNDA:0,_RNvMs0_NtNtCsbkbnPoCG8ZW_7vm_core15domain_services27resource_management_serviceNtB5_31ResourceManagementDomainService17add_business_rule
FNDA:0,_RNvMs0_NtNtCsbkbnPoCG8ZW_7vm_core15domain_services27resource_management_serviceNtB5_31ResourceManagementDomainService17release_resources
FNDA:0,_RNvMs0_NtNtCsbkbnPoCG8ZW_7vm_core15domain_services27resource_management_serviceNtB5_31ResourceManagementDomainService17should_trigger_gc
FNDA:0,_RNvMs0_NtNtCsbkbnPoCG8ZW_7vm_core15domain_services27resource_management_serviceNtB5_31ResourceManagementDomainService18allocate_resources
FNDA:0,_RNvMs0_NtNtCsbkbnPoCG8ZW_7vm_core15domain_services27resource_management_serviceNtB5_31ResourceManagementDomainService22create_pipeline_config
FNDA:0,_RNvMs0_NtNtCsbkbnPoCG8ZW_7vm_core15domain_services27resource_management_serviceNtB5_31ResourceManagementDomainService24get_resource_utilization
FNDA:0,_RNvMs0_NtNtCsbkbnPoCG8ZW_7vm_core15domain_services27resource_management_serviceNtB5_31ResourceManagementDomainService26publish_optimization_event
FNDA:0,_RNvMs0_NtNtCsbkbnPoCG8ZW_7vm_core15domain_services27resource_management_serviceNtB5_31ResourceManagementDomainService28allocate_optimization_budget
FNDA:0,_RNvMs0_NtNtCsbkbnPoCG8ZW_7vm_core15domain_services27resource_management_serviceNtB5_31ResourceManagementDomainService29update_performance_thresholds
FNDA:0,_RNvMs0_NtNtCsbkbnPoCG8ZW_7vm_core15domain_services27resource_management_serviceNtB5_31ResourceManagementDomainService29validate_resource_constraints
FNDA:0,_RNvMs0_NtNtCsbkbnPoCG8ZW_7vm_core15domain_services27resource_management_serviceNtB5_31ResourceManagementDomainService3new
FNDA:0,_RNvXs_NtNtCsbkbnPoCG8ZW_7vm_core15domain_services27resource_management_serviceNtB4_24ResourceManagementConfigNtNtCskzPJi2J8k3N_4core7default7Default7default
FNDA:0,_RNCNvMs0_NtNtCsbkbnPoCG8ZW_7vm_core15domain_services27resource_management_serviceNtB7_31ResourceManagementDomainService29validate_resource_constraints0Bb_
FNDA:0,_RNCNvMs0_NtNtCsbkbnPoCG8ZW_7vm_core15domain_services27resource_management_serviceNtB7_31ResourceManagementDomainService24get_resource_utilization0Bb_
FNF:23
FNH:0
DA:260,0
DA:261,0
DA:262,0
DA:263,0
DA:264,0
DA:265,0
DA:266,0
DA:267,0
DA:268,0
DA:269,0
DA:270,0
DA:271,0
DA:272,0
DA:273,0
DA:274,0
DA:275,0
DA:278,0
DA:279,0
DA:280,0
DA:282,0
DA:284,0
DA:287,0
DA:288,0
DA:289,0
DA:292,0
DA:293,0
DA:294,0
DA:297,0
DA:298,0
DA:299,0
DA:391,0
DA:392,0
DA:395,0
DA:396,0
DA:397,0
DA:398,0
DA:399,0
DA:402,0
DA:407,0
DA:408,0
DA:409,0
DA:413,0
DA:414,0
DA:415,0
DA:416,0
DA:417,0
DA:420,0
DA:424,0
DA:427,0
DA:428,0
DA:429,0
DA:430,0
DA:431,0
DA:432,0
DA:433,0
DA:434,0
DA:435,0
DA:439,0
DA:440,0
DA:441,0
DA:442,0
DA:443,0
DA:444,0
DA:445,0
DA:446,0
DA:447,0
DA:450,0
DA:451,0
DA:452,0
DA:453,0
DA:454,0
DA:455,0
DA:456,0
DA:457,0
DA:458,0
DA:459,0
DA:460,0
DA:461,0
DA:462,0
DA:463,0
DA:484,0
DA:485,0
DA:487,0
DA:488,0
DA:489,0
DA:490,0
DA:491,0
DA:492,0
DA:493,0
DA:496,0
DA:497,0
DA:498,0
DA:501,0
DA:502,0
DA:503,0
DA:506,0
DA:507,0
DA:509,0
DA:510,0
DA:511,0
DA:512,0
DA:516,0
DA:517,0
DA:518,0
DA:519,0
DA:520,0
DA:522,0
DA:523,0
DA:524,0
DA:525,0
DA:526,0
DA:528,0
DA:529,0
DA:532,0
DA:533,0
DA:534,0
DA:535,0
DA:537,0
DA:538,0
DA:541,0
DA:542,0
DA:543,0
DA:544,0
DA:545,0
DA:546,0
DA:547,0
DA:548,0
DA:549,0
DA:550,0
DA:551,0
DA:552,0
DA:554,0
DA:555,0
DA:556,0
DA:558,0
DA:559,0
DA:560,0
DA:562,0
DA:563,0
DA:564,0
DA:565,0
DA:566,0
DA:567,0
DA:568,0
DA:569,0
DA:570,0
DA:571,0
DA:572,0
DA:573,0
DA:574,0
DA:575,0
DA:577,0
DA:580,0
DA:581,0
DA:582,0
DA:583,0
DA:584,0
DA:585,0
DA:586,0
DA:587,0
DA:588,0
DA:589,0
DA:591,0
DA:596,0
DA:597,0
DA:598,0
DA:599,0
DA:600,0
DA:601,0
DA:602,0
DA:604,0
DA:605,0
DA:608,0
DA:609,0
DA:610,0
DA:611,0
DA:612,0
DA:613,0
DA:614,0
DA:615,0
DA:616,0
DA:617,0
DA:618,0
DA:619,0
DA:620,0
DA:621,0
DA:622,0
DA:625,0
DA:626,0
DA:629,0
DA:630,0
DA:631,0
DA:632,0
DA:633,0
DA:634,0
DA:636,0
DA:637,0
DA:640,0
DA:641,0
DA:642,0
DA:644,0
DA:646,0
DA:649,0
DA:650,0
DA:651,0
DA:652,0
DA:653,0
DA:654,0
DA:657,0
DA:658,0
DA:659,0
DA:660,0
DA:661,0
DA:662,0
DA:663,0
DA:664,0
DA:665,0
DA:666,0
DA:669,0
DA:670,0
DA:671,0
DA:672,0
DA:673,0
DA:674,0
DA:675,0
DA:676,0
DA:677,0
DA:678,0
DA:679,0
DA:682,0
DA:683,0
DA:684,0
DA:687,0
DA:688,0
DA:689,0
DA:690,0
DA:691,0
DA:692,0
DA:693,0
DA:695,0
DA:696,0
DA:699,0
DA:700,0
DA:701,0
DA:702,0
DA:703,0
DA:704,0
DA:706,0
DA:707,0
DA:708,0
DA:709,0
DA:710,0
DA:711,0
DA:712,0
DA:713,0
DA:714,0
DA:715,0
DA:716,0
DA:717,0
DA:718,0
DA:719,0
DA:720,0
DA:721,0
DA:722,0
DA:723,0
DA:724,0
DA:725,0
DA:726,0
DA:727,0
DA:728,0
DA:729,0
DA:730,0
DA:731,0
DA:732,0
DA:733,0
DA:734,0
DA:735,0
DA:736,0
DA:737,0
DA:738,0
DA:739,0
DA:740,0
DA:741,0
DA:742,0
DA:743,0
DA:744,0
DA:745,0
DA:746,0
DA:747,0
DA:748,0
DA:749,0
DA:750,0
DA:751,0
DA:752,0
DA:753,0
DA:754,0
DA:755,0
DA:756,0
DA:759,0
DA:760,0
DA:761,0
DA:764,0
DA:765,0
DA:766,0
DA:767,0
DA:768,0
DA:771,0
DA:772,0
DA:773,0
DA:774,0
DA:775,0
DA:776,0
DA:778,0
DA:779,0
DA:780,0
DA:781,0
DA:782,0
DA:784,0
DA:785,0
DA:786,0
DA:791,0
DA:792,0
DA:795,0
DA:796,0
DA:797,0
DA:800,0
DA:801,0
DA:802,0
DA:804,0
DA:807,0
DA:808,0
DA:809,0
DA:810,0
DA:811,0
DA:812,0
DA:813,0
BRF:0
BRH:0
LF:344
LH:0
end_of_record
SF:/Users/didi/Desktop/vm/vm-core/src/domain_services/target_optimization_service.rs
FN:1162,_RNCNvMs_NtNtCsbkbnPoCG8ZW_7vm_core15domain_services27target_optimization_serviceNtB6_31TargetOptimizationDomainService32estimate_performance_improvement0Ba_
FNDA:0,_RNCNvMs_NtNtCsbkbnPoCG8ZW_7vm_core15domain_services27target_optimization_serviceNtB6_31TargetOptimizationDomainService32estimate_performance_improvement0Ba_
FNF:1
FNH:0
DA:1162,0
BRF:0
BRH:0
LF:1
LH:0
end_of_record
SF:/Users/didi/Desktop/vm/vm-core/src/domain_type_safety.rs
FN:37,_RNvXNtCsbkbnPoCG8ZW_7vm_core18domain_type_safetyNtB4_9GuestAddrNtB2_12GuestAddrExt10align_down
FN:33,_RNvXNtCsbkbnPoCG8ZW_7vm_core18domain_type_safetyNtB4_9GuestAddrNtB2_12GuestAddrExt10is_aligned
FN:58,_RNvXNtCsbkbnPoCG8ZW_7vm_core18domain_type_safetyNtB4_9GuestAddrNtB2_12GuestAddrExt10page_index
FN:19,_RNvXNtCsbkbnPoCG8ZW_7vm_core18domain_type_safetyNtB4_9GuestAddrNtB2_12GuestAddrExt11checked_add
FN:26,_RNvXNtCsbkbnPoCG8ZW_7vm_core18domain_type_safetyNtB4_9GuestAddrNtB2_12GuestAddrExt11checked_sub
FN:62,_RNvXNtCsbkbnPoCG8ZW_7vm_core18domain_type_safetyNtB4_9GuestAddrNtB2_12GuestAddrExt11page_offset
FN:41,_RNvXNtCsbkbnPoCG8ZW_7vm_core18domain_type_safetyNtB4_9GuestAddrNtB2_12GuestAddrExt8align_up
FN:81,_RNvXs_NtCsbkbnPoCG8ZW_7vm_core18domain_type_safetyNtB6_13GuestPhysAddrNtB4_16GuestPhysAddrExt10align_down
FN:77,_RNvXs_NtCsbkbnPoCG8ZW_7vm_core18domain_type_safetyNtB6_13GuestPhysAddrNtB4_16GuestPhysAddrExt10is_aligned
FN:102,_RNvXs_NtCsbkbnPoCG8ZW_7vm_core18domain_type_safetyNtB6_13GuestPhysAddrNtB4_16GuestPhysAddrExt10page_index
FN:106,_RNvXs_NtCsbkbnPoCG8ZW_7vm_core18domain_type_safetyNtB6_13GuestPhysAddrNtB4_16GuestPhysAddrExt11page_offset
FN:85,_RNvXs_NtCsbkbnPoCG8ZW_7vm_core18domain_type_safetyNtB6_13GuestPhysAddrNtB4_16GuestPhysAddrExt8align_up
FNDA:0,_RNvXNtCsbkbnPoCG8ZW_7vm_core18domain_type_safetyNtB4_9GuestAddrNtB2_12GuestAddrExt10align_down
FNDA:0,_RNvXNtCsbkbnPoCG8ZW_7vm_core18domain_type_safetyNtB4_9GuestAddrNtB2_12GuestAddrExt10is_aligned
FNDA:0,_RNvXNtCsbkbnPoCG8ZW_7vm_core18domain_type_safetyNtB4_9GuestAddrNtB2_12GuestAddrExt10page_index
FNDA:0,_RNvXNtCsbkbnPoCG8ZW_7vm_core18domain_type_safetyNtB4_9GuestAddrNtB2_12GuestAddrExt11checked_add
FNDA:0,_RNvXNtCsbkbnPoCG8ZW_7vm_core18domain_type_safetyNtB4_9GuestAddrNtB2_12GuestAddrExt11checked_sub
FNDA:0,_RNvXNtCsbkbnPoCG8ZW_7vm_core18domain_type_safetyNtB4_9GuestAddrNtB2_12GuestAddrExt11page_offset
FNDA:0,_RNvXNtCsbkbnPoCG8ZW_7vm_core18domain_type_safetyNtB4_9GuestAddrNtB2_12GuestAddrExt8align_up
FNDA:0,_RNvXs_NtCsbkbnPoCG8ZW_7vm_core18domain_type_safetyNtB6_13GuestPhysAddrNtB4_16GuestPhysAddrExt10align_down
FNDA:0,_RNvXs_NtCsbkbnPoCG8ZW_7vm_core18domain_type_safetyNtB6_13GuestPhysAddrNtB4_16GuestPhysAddrExt10is_aligned
FNDA:0,_RNvXs_NtCsbkbnPoCG8ZW_7vm_core18domain_type_safetyNtB6_13GuestPhysAddrNtB4_16GuestPhysAddrExt10page_index
FNDA:0,_RNvXs_NtCsbkbnPoCG8ZW_7vm_core18domain_type_safetyNtB6_13GuestPhysAddrNtB4_16GuestPhysAddrExt11page_offset
FNDA:0,_RNvXs_NtCsbkbnPoCG8ZW_7vm_core18domain_type_safetyNtB6_13GuestPhysAddrNtB4_16GuestPhysAddrExt8align_up
FNF:12
FNH:0
DA:19,0
DA:20,0
DA:21,0
DA:22,0
DA:23,0
DA:24,0
DA:26,0
DA:27,0
DA:28,0
DA:29,0
DA:30,0
DA:31,0
DA:33,0
DA:34,0
DA:35,0
DA:37,0
DA:38,0
DA:39,0
DA:41,0
DA:42,0
DA:43,0
DA:44,0
DA:45,0
DA:46,0
DA:47,0
DA:48,0
DA:49,0
DA:50,0
DA:51,0
DA:52,0
DA:53,0
DA:54,0
DA:55,0
DA:56,0
DA:58,0
DA:59,0
DA:60,0
DA:62,0
DA:63,0
DA:64,0
DA:77,0
DA:78,0
DA:79,0
DA:81,0
DA:82,0
DA:83,0
DA:85,0
DA:86,0
DA:87,0
DA:88,0
DA:89,0
DA:90,0
DA:91,0
DA:92,0
DA:93,0
DA:94,0
DA:95,0
DA:96,0
DA:97,0
DA:98,0
DA:99,0
DA:100,0
DA:102,0
DA:103,0
DA:104,0
DA:106,0
DA:107,0
DA:108,0
BRF:0
BRH:0
LF:68
LH:0
end_of_record
SF:/Users/didi/Desktop/vm/vm-core/src/error.rs
FN:998,_RNvMsn_NtCsbkbnPoCG8ZW_7vm_core5errorNtB5_14ErrorCollector10has_errors
FN:1018,_RNvMsn_NtCsbkbnPoCG8ZW_7vm_core5errorNtB5_14ErrorCollector13into_vm_error
FN:1003,_RNvMsn_NtCsbkbnPoCG8ZW_7vm_core5errorNtB5_14ErrorCollector3len
FN:977,_RNvMsn_NtCsbkbnPoCG8ZW_7vm_core5errorNtB5_14ErrorCollector3new
FN:982,_RNvMsn_NtCsbkbnPoCG8ZW_7vm_core5errorNtB5_14ErrorCollector4push
FN:1030,_RNvMsn_NtCsbkbnPoCG8ZW_7vm_core5errorNtB5_14ErrorCollector5clear
FN:1013,_RNvMsn_NtCsbkbnPoCG8ZW_7vm_core5errorNtB5_14ErrorCollector6errors
FN:1008,_RNvMsn_NtCsbkbnPoCG8ZW_7vm_core5errorNtB5_14ErrorCollector8is_empty
FN:1057,_RNvMso_NtCsbkbnPoCG8ZW_7vm_core5errorNtB5_11ErrorLogger11log_warning
FN:1062,_RNvMso_NtCsbkbnPoCG8ZW_7vm_core5errorNtB5_11ErrorLogger9log_debug
FN:1040,_RNvMso_NtCsbkbnPoCG8ZW_7vm_core5errorNtB5_11ErrorLogger9log_error
FN:372,_RNvXNtCsbkbnPoCG8ZW_7vm_core5errorNtB2_7VmErrorNtNtCskzPJi2J8k3N_4core3fmt7Display3fmt
FN:456,_RNvXs0_NtCsbkbnPoCG8ZW_7vm_core5errorNtB5_11MemoryErrorNtNtCskzPJi2J8k3N_4core3fmt7Display3fmt
FN:504,_RNvXs1_NtCsbkbnPoCG8ZW_7vm_core5errorNtB5_14ExecutionErrorNtNtCskzPJi2J8k3N_4core3fmt7Display3fmt
FN:536,_RNvXs2_NtCsbkbnPoCG8ZW_7vm_core5errorNtB5_11DeviceErrorNtNtCskzPJi2J8k3N_4core3fmt7Display3fmt
FN:594,_RNvXs3_NtCsbkbnPoCG8ZW_7vm_core5errorNtB5_13PlatformErrorNtNtCskzPJi2J8k3N_4core3fmt7Display3fmt
FN:671,_RNvXs4_NtCsbkbnPoCG8ZW_7vm_core5errorNtB5_7VmErrorNtNtCskzPJi2J8k3N_4core5error5Error6source
FN:393,_RNvXs_NtCsbkbnPoCG8ZW_7vm_core5errorNtB4_9CoreErrorNtNtCskzPJi2J8k3N_4core3fmt7Display3fmt
FN:696,_RNvXsa_NtCsbkbnPoCG8ZW_7vm_core5errorNtB5_7VmErrorINtNtCskzPJi2J8k3N_4core7convert4FromNtB5_9CoreErrorE4from
FN:702,_RNvXsb_NtCsbkbnPoCG8ZW_7vm_core5errorNtB5_7VmErrorINtNtCskzPJi2J8k3N_4core7convert4FromNtB5_11MemoryErrorE4from
FN:708,_RNvXsc_NtCsbkbnPoCG8ZW_7vm_core5errorNtB5_7VmErrorINtNtCskzPJi2J8k3N_4core7convert4FromNtB5_14ExecutionErrorE4from
FN:714,_RNvXsd_NtCsbkbnPoCG8ZW_7vm_core5errorNtB5_7VmErrorINtNtCskzPJi2J8k3N_4core7convert4FromNtB5_11DeviceErrorE4from
FN:720,_RNvXse_NtCsbkbnPoCG8ZW_7vm_core5errorNtB5_7VmErrorINtNtCskzPJi2J8k3N_4core7convert4FromNtB5_13PlatformErrorE4from
FN:726,_RNvXsf_NtCsbkbnPoCG8ZW_7vm_core5errorNtB5_7VmErrorINtNtCskzPJi2J8k3N_4core7convert4FromNtNtNtCsiThrkg7suPy_3std2io5error5ErrorE4from
FN:732,_RNvXsg_NtCsbkbnPoCG8ZW_7vm_core5errorNtB5_7VmErrorINtNtCskzPJi2J8k3N_4core7convert4FromNtB7_5FaultE4from
FN:738,_RNvXsh_NtCsbkbnPoCG8ZW_7vm_core5errorNtB5_7VmErrorINtNtCskzPJi2J8k3N_4core7convert4FromNtNtCsganj50Cd8Gx_5alloc6string6StringE4from
FN:747,_RNvXsi_NtCsbkbnPoCG8ZW_7vm_core5errorNtB5_7VmErrorNtNtCskzPJi2J8k3N_4core3cmp9PartialEq2eq
FN:774,_RNvXsj_NtCsbkbnPoCG8ZW_7vm_core5errorNtB5_7VmErrorINtNtCskzPJi2J8k3N_4core7convert4FromReE4from
FN:889,_RNvXsm_NtCsbkbnPoCG8ZW_7vm_core5errorNtB5_7VmErrorNtB5_13ErrorRecovery12is_retryable
FN:902,_RNvXsm_NtCsbkbnPoCG8ZW_7vm_core5errorNtB5_7VmErrorNtB5_13ErrorRecovery15suggested_delay
FN:1083,_RNvXsp_NtCsbkbnPoCG8ZW_7vm_core5errorNtB5_7VmErrorNtB5_11IntoVmError13into_vm_error
FN:1105,_RNvXsr_NtCsbkbnPoCG8ZW_7vm_core5errorReNtB5_11IntoVmError13into_vm_error
FNDA:0,_RNvMsn_NtCsbkbnPoCG8ZW_7vm_core5errorNtB5_14ErrorCollector10has_errors
FNDA:0,_RNvMsn_NtCsbkbnPoCG8ZW_7vm_core5errorNtB5_14ErrorCollector13into_vm_error
FNDA:0,_RNvMsn_NtCsbkbnPoCG8ZW_7vm_core5errorNtB5_14ErrorCollector3len
FNDA:0,_RNvMsn_NtCsbkbnPoCG8ZW_7vm_core5errorNtB5_14ErrorCollector3new
FNDA:0,_RNvMsn_NtCsbkbnPoCG8ZW_7vm_core5errorNtB5_14ErrorCollector4push
FNDA:0,_RNvMsn_NtCsbkbnPoCG8ZW_7vm_core5errorNtB5_14ErrorCollector5clear
FNDA:0,_RNvMsn_NtCsbkbnPoCG8ZW_7vm_core5errorNtB5_14ErrorCollector6errors
FNDA:0,_RNvMsn_NtCsbkbnPoCG8ZW_7vm_core5errorNtB5_14ErrorCollector8is_empty
FNDA:0,_RNvMso_NtCsbkbnPoCG8ZW_7vm_core5errorNtB5_11ErrorLogger11log_warning
FNDA:0,_RNvMso_NtCsbkbnPoCG8ZW_7vm_core5errorNtB5_11ErrorLogger9log_debug
FNDA:0,_RNvMso_NtCsbkbnPoCG8ZW_7vm_core5errorNtB5_11ErrorLogger9log_error
FNDA:0,_RNvXNtCsbkbnPoCG8ZW_7vm_core5errorNtB2_7VmErrorNtNtCskzPJi2J8k3N_4core3fmt7Display3fmt
FNDA:0,_RNvXs0_NtCsbkbnPoCG8ZW_7vm_core5errorNtB5_11MemoryErrorNtNtCskzPJi2J8k3N_4core3fmt7Display3fmt
FNDA:0,_RNvXs1_NtCsbkbnPoCG8ZW_7vm_core5errorNtB5_14ExecutionErrorNtNtCskzPJi2J8k3N_4core3fmt7Display3fmt
FNDA:0,_RNvXs2_NtCsbkbnPoCG8ZW_7vm_core5errorNtB5_11DeviceErrorNtNtCskzPJi2J8k3N_4core3fmt7Display3fmt
FNDA:0,_RNvXs3_NtCsbkbnPoCG8ZW_7vm_core5errorNtB5_13PlatformErrorNtNtCskzPJi2J8k3N_4core3fmt7Display3fmt
FNDA:0,_RNvXs4_NtCsbkbnPoCG8ZW_7vm_core5errorNtB5_7VmErrorNtNtCskzPJi2J8k3N_4core5error5Error6source
FNDA:0,_RNvXs_NtCsbkbnPoCG8ZW_7vm_core5errorNtB4_9CoreErrorNtNtCskzPJi2J8k3N_4core3fmt7Display3fmt
FNDA:0,_RNvXsa_NtCsbkbnPoCG8ZW_7vm_core5errorNtB5_7VmErrorINtNtCskzPJi2J8k3N_4core7convert4FromNtB5_9CoreErrorE4from
FNDA:0,_RNvXsb_NtCsbkbnPoCG8ZW_7vm_core5errorNtB5_7VmErrorINtNtCskzPJi2J8k3N_4core7convert4FromNtB5_11MemoryErrorE4from
FNDA:0,_RNvXsc_NtCsbkbnPoCG8ZW_7vm_core5errorNtB5_7VmErrorINtNtCskzPJi2J8k3N_4core7convert4FromNtB5_14ExecutionErrorE4from
FNDA:0,_RNvXsd_NtCsbkbnPoCG8ZW_7vm_core5errorNtB5_7VmErrorINtNtCskzPJi2J8k3N_4core7convert4FromNtB5_11DeviceErrorE4from
FNDA:0,_RNvXse_NtCsbkbnPoCG8ZW_7vm_core5errorNtB5_7VmErrorINtNtCskzPJi2J8k3N_4core7convert4FromNtB5_13PlatformErrorE4from
FNDA:0,_RNvXsf_NtCsbkbnPoCG8ZW_7vm_core5errorNtB5_7VmErrorINtNtCskzPJi2J8k3N_4core7convert4FromNtNtNtCsiThrkg7suPy_3std2io5error5ErrorE4from
FNDA:0,_RNvXsg_NtCsbkbnPoCG8ZW_7vm_core5errorNtB5_7VmErrorINtNtCskzPJi2J8k3N_4core7convert4FromNtB7_5FaultE4from
FNDA:0,_RNvXsh_NtCsbkbnPoCG8ZW_7vm_core5errorNtB5_7VmErrorINtNtCskzPJi2J8k3N_4core7convert4FromNtNtCsganj50Cd8Gx_5alloc6string6StringE4from
FNDA:0,_RNvXsi_NtCsbkbnPoCG8ZW_7vm_core5errorNtB5_7VmErrorNtNtCskzPJi2J8k3N_4core3cmp9PartialEq2eq
FNDA:0,_RNvXsj_NtCsbkbnPoCG8ZW_7vm_core5errorNtB5_7VmErrorINtNtCskzPJi2J8k3N_4core7convert4FromReE4from
FNDA:0,_RNvXsm_NtCsbkbnPoCG8ZW_7vm_core5errorNtB5_7VmErrorNtB5_13ErrorRecovery12is_retryable
FNDA:0,_RNvXsm_NtCsbkbnPoCG8ZW_7vm_core5errorNtB5_7VmErrorNtB5_13ErrorRecovery15suggested_delay
FNDA:0,_RNvXsp_NtCsbkbnPoCG8ZW_7vm_core5errorNtB5_7VmErrorNtB5_11IntoVmError13into_vm_error
FNDA:0,_RNvXsr_NtCsbkbnPoCG8ZW_7vm_core5errorReNtB5_11IntoVmError13into_vm_error
FNF:32
FNH:0
DA:372,0
DA:373,0
DA:374,0
DA:375,0
DA:376,0
DA:377,0
DA:378,0
DA:379,0
DA:380,0
DA:381,0
DA:382,0
DA:383,0
DA:384,0
DA:386,0
DA:389,0
DA:393,0
DA:394,0
DA:395,0
DA:396,0
DA:397,0
DA:399,0
DA:400,0
DA:403,0
DA:404,0
DA:405,0
DA:407,0
DA:408,0
DA:409,0
DA:413,0
DA:414,0
DA:417,0
DA:418,0
DA:419,0
DA:420,0
DA:421,0
DA:422,0
DA:424,0
DA:425,0
DA:427,0
DA:428,0
DA:431,0
DA:432,0
DA:433,0
DA:435,0
DA:436,0
DA:437,0
DA:441,0
DA:442,0
DA:445,0
DA:446,0
DA:447,0
DA:449,0
DA:452,0
DA:456,0
DA:457,0
DA:459,0
DA:460,0
DA:461,0
DA:462,0
DA:463,0
DA:464,0
DA:466,0
DA:467,0
DA:468,0
DA:469,0
DA:470,0
DA:472,0
DA:473,0
DA:474,0
DA:476,0
DA:477,0
DA:479,0
DA:481,0
DA:482,0
DA:483,0
DA:485,0
DA:486,0
DA:487,0
DA:491,0
DA:492,0
DA:493,0
DA:495,0
DA:496,0
DA:497,0
DA:500,0
DA:504,0
DA:505,0
DA:506,0
DA:507,0
DA:508,0
DA:510,0
DA:511,0
DA:512,0
DA:515,0
DA:516,0
DA:518,0
DA:519,0
DA:520,0
DA:525,0
DA:526,0
DA:527,0
DA:528,0
DA:529,0
DA:532,0
DA:536,0
DA:537,0
DA:539,0
DA:540,0
DA:542,0
DA:545,0
DA:546,0
DA:548,0
DA:549,0
DA:550,0
DA:555,0
DA:556,0
DA:557,0
DA:559,0
DA:560,0
DA:561,0
DA:566,0
DA:567,0
DA:568,0
DA:570,0
DA:571,0
DA:572,0
DA:576,0
DA:577,0
DA:580,0
DA:581,0
DA:583,0
DA:584,0
DA:585,0
DA:590,0
DA:594,0
DA:595,0
DA:596,0
DA:597,0
DA:599,0
DA:600,0
DA:601,0
DA:603,0
DA:604,0
DA:605,0
DA:606,0
DA:608,0
DA:612,0
DA:613,0
DA:615,0
DA:616,0
DA:617,0
DA:621,0
DA:622,0
DA:623,0
DA:625,0
DA:626,0
DA:627,0
DA:629,0
DA:630,0
DA:631,0
DA:633,0
DA:634,0
DA:635,0
DA:637,0
DA:638,0
DA:639,0
DA:643,0
DA:644,0
DA:645,0
DA:646,0
DA:647,0
DA:649,0
DA:650,0
DA:652,0
DA:653,0
DA:656,0
DA:657,0
DA:658,0
DA:660,0
DA:661,0
DA:662,0
DA:667,0
DA:671,0
DA:672,0
DA:673,0
DA:674,0
DA:675,0
DA:676,0
DA:677,0
DA:678,0
DA:679,0
DA:680,0
DA:682,0
DA:696,0
DA:697,0
DA:698,0
DA:702,0
DA:703,0
DA:704,0
DA:708,0
DA:709,0
DA:710,0
DA:714,0
DA:715,0
DA:716,0
DA:720,0
DA:721,0
DA:722,0
DA:726,0
DA:727,0
DA:728,0
DA:732,0
DA:733,0
DA:734,0
DA:738,0
DA:739,0
DA:740,0
DA:741,0
DA:742,0
DA:743,0
DA:747,0
DA:748,0
DA:749,0
DA:750,0
DA:751,0
DA:752,0
DA:753,0
DA:754,0
DA:757,0
DA:758,0
DA:762,0
DA:763,0
DA:766,0
DA:767,0
DA:768,0
DA:770,0
DA:774,0
DA:775,0
DA:776,0
DA:777,0
DA:778,0
DA:779,0
DA:889,0
DA:890,0
DA:891,0
DA:892,0
DA:893,0
DA:894,0
DA:895,0
DA:897,0
DA:898,0
DA:900,0
DA:902,0
DA:903,0
DA:904,0
DA:905,0
DA:906,0
DA:907,0
DA:909,0
DA:977,0
DA:978,0
DA:979,0
DA:982,0
DA:983,0
DA:984,0
DA:998,0
DA:999,0
DA:1000,0
DA:1003,0
DA:1004,0
DA:1005,0
DA:1008,0
DA:1009,0
DA:1010,0
DA:1013,0
DA:1014,0
DA:1015,0
DA:1018,0
DA:1019,0
DA:1020,0
DA:1021,0
DA:1023,0
DA:1025,0
DA:1027,0
DA:1030,0
DA:1031,0
DA:1032,0
DA:1040,0
DA:1041,0
DA:1044,0
DA:1045,0
DA:1046,0
DA:1047,0
DA:1048,0
DA:1049,0
DA:1050,0
DA:1051,0
DA:1052,0
DA:1054,0
DA:1057,0
DA:1058,0
DA:1059,0
DA:1062,0
DA:1063,0
DA:1064,0
DA:1083,0
DA:1084,0
DA:1085,0
DA:1105,0
DA:1106,0
DA:1107,0
BRF:0
BRH:0
LF:311
LH:0
end_of_record
SF:/Users/didi/Desktop/vm/vm-core/src/foundation/support_utils.rs
FN:216,_RNCNvNtNtNtCsbkbnPoCG8ZW_7vm_core10foundation13support_utils7str_ops13to_camel_case0B9_
FN:202,_RNCNvNtNtNtCsbkbnPoCG8ZW_7vm_core10foundation13support_utils7str_ops13to_snake_case0B9_
FNDA:0,_RNCNvNtNtNtCsbkbnPoCG8ZW_7vm_core10foundation13support_utils7str_ops13to_camel_case0B9_
FNDA:0,_RNCNvNtNtNtCsbkbnPoCG8ZW_7vm_core10foundation13support_utils7str_ops13to_snake_case0B9_
FNF:2
FNH:0
DA:202,0
DA:203,0
DA:204,0
DA:206,0
DA:208,0
DA:216,0
DA:217,0
DA:218,0
DA:220,0
DA:221,0
DA:222,0
DA:223,0
DA:225,0
DA:228,0
BRF:0
BRH:0
LF:14
LH:0
end_of_record
SF:/Users/didi/Desktop/vm/vm-core/src/foundation/validation.rs
FN:50,_RNvMNtNtCsbkbnPoCG8ZW_7vm_core10foundation10validationNtB2_16ValidationResult11add_warning
FN:40,_RNvMNtNtCsbkbnPoCG8ZW_7vm_core10foundation10validationNtB2_16ValidationResult13with_warnings
FN:24,_RNvMNtNtCsbkbnPoCG8ZW_7vm_core10foundation10validationNtB2_16ValidationResult5valid
FN:32,_RNvMNtNtCsbkbnPoCG8ZW_7vm_core10foundation10validationNtB2_16ValidationResult7invalid
FN:45,_RNvMNtNtCsbkbnPoCG8ZW_7vm_core10foundation10validationNtB2_16ValidationResult9add_error
FN:54,_RNvMNtNtCsbkbnPoCG8ZW_7vm_core10foundation10validationNtB2_16ValidationResult9to_result
FN:605,_RNvMs3_NtNtCsbkbnPoCG8ZW_7vm_core10foundation10validationNtB5_18CompositeValidator13add_validator
FN:138,_RNvMs_NtNtCsbkbnPoCG8ZW_7vm_core10foundation10validationNtB4_15ValidationError6format
FN:144,_RNvXs0_NtNtCsbkbnPoCG8ZW_7vm_core10foundation10validationNtB5_15ValidationErrorNtNtCskzPJi2J8k3N_4core3fmt7Display3fmt
FN:204,_RNvXs2_NtNtCsbkbnPoCG8ZW_7vm_core10foundation10validationNtB5_17ValidationWarningNtNtCskzPJi2J8k3N_4core3fmt7Display3fmt
FN:616,_RNvXs4_NtNtCsbkbnPoCG8ZW_7vm_core10foundation10validationNtB5_18CompositeValidatorINtB5_9ValidatorNtNtCsganj50Cd8Gx_5alloc6string6StringE20validate_with_result
FN:612,_RNvXs4_NtNtCsbkbnPoCG8ZW_7vm_core10foundation10validationNtB5_18CompositeValidatorINtB5_9ValidatorNtNtCsganj50Cd8Gx_5alloc6string6StringE8validate
FN:62,_RNCNvMNtNtCsbkbnPoCG8ZW_7vm_core10foundation10validationNtB4_16ValidationResult9to_result0B8_
FNDA:0,_RNvMNtNtCsbkbnPoCG8ZW_7vm_core10foundation10validationNtB2_16ValidationResult11add_warning
FNDA:0,_RNvMNtNtCsbkbnPoCG8ZW_7vm_core10foundation10validationNtB2_16ValidationResult13with_warnings
FNDA:0,_RNvMNtNtCsbkbnPoCG8ZW_7vm_core10foundation10validationNtB2_16ValidationResult5valid
FNDA:0,_RNvMNtNtCsbkbnPoCG8ZW_7vm_core10foundation10validationNtB2_16ValidationResult7invalid
FNDA:0,_RNvMNtNtCsbkbnPoCG8ZW_7vm_core10foundation10validationNtB2_16ValidationResult9add_error
FNDA:0,_RNvMNtNtCsbkbnPoCG8ZW_7vm_core10foundation10validationNtB2_16ValidationResult9to_result
FNDA:0,_RNvMs3_NtNtCsbkbnPoCG8ZW_7vm_core10foundation10validationNtB5_18CompositeValidator13add_validator
FNDA:0,_RNvMs_NtNtCsbkbnPoCG8ZW_7vm_core10foundation10validationNtB4_15ValidationError6format
FNDA:0,_RNvXs0_NtNtCsbkbnPoCG8ZW_7vm_core10foundation10validationNtB5_15ValidationErrorNtNtCskzPJi2J8k3N_4core3fmt7Display3fmt
FNDA:0,_RNvXs2_NtNtCsbkbnPoCG8ZW_7vm_core10foundation10validationNtB5_17ValidationWarningNtNtCskzPJi2J8k3N_4core3fmt7Display3fmt
FNDA:0,_RNvXs4_NtNtCsbkbnPoCG8ZW_7vm_core10foundation10validationNtB5_18CompositeValidatorINtB5_9ValidatorNtNtCsganj50Cd8Gx_5alloc6string6StringE20validate_with_result
FNDA:0,_RNvXs4_NtNtCsbkbnPoCG8ZW_7vm_core10foundation10validationNtB5_18CompositeValidatorINtB5_9ValidatorNtNtCsganj50Cd8Gx_5alloc6string6StringE8validate
FNDA:0,_RNCNvMNtNtCsbkbnPoCG8ZW_7vm_core10foundation10validationNtB4_16ValidationResult9to_result0B8_
FNF:13
FNH:0
DA:24,0
DA:25,0
DA:26,0
DA:27,0
DA:28,0
DA:29,0
DA:30,0
DA:32,0
DA:33,0
DA:34,0
DA:35,0
DA:36,0
DA:37,0
DA:38,0
DA:40,0
DA:41,0
DA:42,0
DA:43,0
DA:45,0
DA:46,0
DA:47,0
DA:48,0
DA:50,0
DA:51,0
DA:52,0
DA:54,0
DA:55,0
DA:56,0
DA:60,0
DA:61,0
DA:62,0
DA:63,0
DA:64,0
DA:66,0
DA:69,0
DA:138,0
DA:139,0
DA:140,0
DA:144,0
DA:145,0
DA:146,0
DA:204,0
DA:205,0
DA:206,0
DA:605,0
DA:606,0
DA:607,0
DA:608,0
DA:612,0
DA:613,0
DA:614,0
DA:616,0
DA:617,0
DA:619,0
DA:620,0
DA:621,0
DA:622,0
DA:623,0
DA:624,0
DA:627,0
DA:628,0
DA:629,0
DA:631,0
DA:632,0
BRF:0
BRH:0
LF:65
LH:0
end_of_record
SF:/Users/didi/Desktop/vm/vm-core/src/gc/concurrent.rs
FN:179,_RNCNvMs0_NtNtCsbkbnPoCG8ZW_7vm_core2gc10concurrentNtB7_12ConcurrentGC3new0Bb_
FN:366,_RNCNCNvMs0_NtNtCsbkbnPoCG8ZW_7vm_core2gc10concurrentNtB9_12ConcurrentGC30collect_references_from_object00Bd_
[...]
DA:791,0
DA:795,0
DA:797,0
DA:798,0
DA:800,0
DA:803,4241
DA:804,4241
DA:805,4241
DA:806,4241
DA:807,4241
DA:808,4241
DA:811,4241
DA:812,4241
DA:813,4964
DA:814,3565
DA:816,3565
DA:817,3503
DA:818,58
DA:819,4
DA:822,3565
DA:823,3565
DA:824,3565
DA:825,3565
DA:826,3565
DA:828,3565
DA:829,3491
DA:830,59
DA:831,15
DA:832,0
DA:833,0
DA:836,3565
DA:838,1390
DA:839,9
DA:841,9
DA:842,9
DA:843,0
DA:844,0
DA:847,9
DA:848,9
DA:849,9
DA:850,9
DA:851,9
DA:853,9
DA:854,9
DA:855,0
DA:856,0
DA:857,0
DA:858,0
DA:861,9
DA:862,9
DA:863,9
DA:864,9
DA:865,9
DA:867,4964
DA:868,4241
DA:869,4241
DA:872,1
DA:873,1
DA:874,1
DA:875,1
DA:876,1
DA:877,1
DA:881,1
DA:882,1
DA:883,50
DA:884,1
DA:885,1
DA:888,50
DA:889,50
DA:890,50
DA:891,50
DA:892,50
DA:893,50
DA:894,50
DA:897,50
DA:900,50
DA:901,50
DA:902,50
DA:903,50
DA:904,50
DA:905,50
DA:908,50
DA:911,50
DA:912,50
DA:913,50
DA:914,50
DA:915,50
DA:917,50
DA:918,50
DA:921,50
DA:922,50
DA:923,50
DA:924,50
DA:925,50
DA:926,50
DA:927,50
DA:929,50
DA:930,0
DA:931,50
DA:934,50
DA:937,50
DA:939,50
DA:940,50
DA:941,50
DA:942,50
DA:943,50
DA:944,50
DA:947,3
DA:948,10
DA:949,7
DA:950,7
DA:951,7
DA:952,3
DA:955,9
DA:956,9
DA:957,9
DA:960,5
DA:961,5
DA:962,5
DA:963,5
DA:965,5
DA:966,5
DA:968,0
DA:970,5
DA:973,7
DA:974,7
DA:975,7
DA:977,7
DA:978,1
DA:980,6
DA:982,7
DA:985,4
DA:986,4
DA:987,4
DA:988,4
DA:992,0
DA:993,0
DA:994,0
DA:1006,1378
DA:1007,1378
DA:1008,1378
DA:1009,1378
DA:1010,1378
DA:1011,1378
DA:1012,1378
DA:1015,1
DA:1016,1
DA:1017,1
DA:1018,1
DA:1021,1
DA:1022,1
DA:1023,1
DA:1025,1
DA:1026,1
DA:1028,1
DA:1029,1
DA:1030,1
DA:1031,1
DA:1034,1
DA:1035,1
DA:1036,1
DA:1038,1
DA:1039,1
DA:1041,1
DA:1042,1
DA:1043,1
DA:1046,1
DA:1047,1
DA:1048,1
DA:1049,1
DA:1050,1
DA:1051,1
DA:1054,1
DA:1055,1
DA:1057,1
DA:1058,1
DA:1059,1
DA:1060,1
DA:1061,1
DA:1062,3
DA:1064,1
DA:1067,1
DA:1068,1
DA:1069,1
DA:1072,1
DA:1073,1
DA:1074,1
DA:1075,1
DA:1077,1
DA:1078,1
DA:1079,1
DA:1080,1
DA:1082,1
DA:1085,1
DA:1086,1
DA:1087,1
DA:1088,1
DA:1089,1
DA:1092,1
DA:1095,1
DA:1096,1
DA:1097,1
DA:1098,1
DA:1100,1
DA:1101,1
DA:1104,1
DA:1105,1
DA:1108,1
DA:1109,1
DA:1112,1
DA:1113,1
DA:1116,1
DA:1117,1
DA:1118,1
DA:1121,1
DA:1122,1
DA:1123,1
DA:1125,1
DA:1126,1
DA:1127,1
DA:1129,1
DA:1130,1
DA:1131,1
DA:1134,1
DA:1135,1
DA:1136,1
DA:1139,1
DA:1140,1
DA:1141,1
DA:1144,1
DA:1147,1
DA:1148,1
DA:1149,1
DA:1156,1
DA:1157,1
DA:1160,1
DA:1161,1
DA:1162,1
DA:1163,1
DA:1164,1
DA:1165,1
DA:1166,1
DA:1167,1
DA:1170,8
DA:1171,7
DA:1172,7
DA:1173,7
DA:1175,7
DA:1176,7
DA:1177,7
DA:1179,1
DA:1182,1
DA:1183,1
DA:1186,1
DA:1187,1
DA:1188,1
DA:1189,1
DA:1190,1
DA:1191,1
DA:1194,6
DA:1195,5
DA:1196,5
DA:1197,5
DA:1199,5
DA:1200,5
DA:1201,5
DA:1203,1
DA:1206,1
DA:1207,1
DA:1210,1
DA:1211,1
DA:1212,1
DA:1213,1
DA:1214,1
DA:1215,1
DA:1216,1
DA:1217,1
DA:1218,1
DA:1221,9
DA:1222,8
DA:1223,8
DA:1224,8
DA:1226,8
DA:1227,8
DA:1228,8
DA:1230,1
DA:1233,1
DA:1234,1
DA:1237,1
DA:1238,1
DA:1239,1
DA:1240,1
DA:1241,1
DA:1242,1
DA:1243,1
DA:1244,1
DA:1245,1
DA:1246,1
DA:1249,10
DA:1250,9
DA:1251,9
DA:1252,9
DA:1254,9
DA:1255,9
DA:1256,9
DA:1258,1
DA:1265,1
DA:1266,1
DA:1269,1
DA:1270,1
DA:1271,1
DA:1272,1
DA:1273,1
DA:1274,1
DA:1275,1
DA:1278,7
DA:1279,6
DA:1280,6
DA:1281,6
DA:1283,6
DA:1284,6
DA:1285,6
DA:1287,1
DA:1290,1
DA:1291,1
DA:1294,1
DA:1295,1
DA:1296,1
DA:1297,1
DA:1298,1
DA:1299,1
DA:1302,6
DA:1303,5
DA:1304,5
DA:1305,5
DA:1307,5
DA:1308,5
DA:1309,5
DA:1311,1
DA:1314,1
DA:1315,1
DA:1318,1
DA:1319,1
DA:1320,1
DA:1321,1
DA:1322,1
DA:1323,1
DA:1324,1
DA:1327,7
DA:1328,6
DA:1329,6
DA:1330,6
DA:1332,6
DA:1333,6
DA:1334,6
DA:1336,1
DA:1339,1
DA:1340,1
DA:1343,1
DA:1344,1
DA:1345,1
DA:1346,1
DA:1347,1
DA:1350,5
DA:1351,4
DA:1352,4
DA:1353,4
DA:1355,4
DA:1356,4
DA:1357,4
DA:1359,1
DA:1362,1
DA:1363,1
DA:1366,1
DA:1368,8
DA:1370,7
DA:1371,7
DA:1372,7
DA:1374,7
DA:1377,7
DA:1378,7
DA:1380,7
DA:1382,7
DA:1384,1
DA:1391,1
DA:1394,1
DA:1397,1
DA:1398,1
DA:1399,1
DA:1400,1
DA:1401,1
DA:1402,1
DA:1403,1
DA:1406,7
DA:1407,6
DA:1408,6
DA:1409,6
DA:1411,1
DA:1414,1
DA:1415,1
DA:1419,1
DA:1421,5
DA:1422,4
DA:1423,4
DA:1426,4
DA:1428,4
DA:1430,4
DA:1432,1
DA:1436,0
DA:1441,0
DA:1444,0
DA:1445,0
DA:1446,0
DA:1447,0
DA:1448,0
DA:1451,0
DA:1452,0
DA:1454,0
DA:1455,0
DA:1456,0
DA:1457,0
DA:1460,0
DA:1463,1
DA:1464,1
DA:1467,1
DA:1469,1
DA:1470,1
DA:1472,1
DA:1473,1
DA:1474,1
DA:1477,1
DA:1478,1
DA:1481,1
DA:1482,1000
DA:1483,1
DA:1485,1
DA:1486,1
DA:1488,1
DA:1489,1
DA:1490,1
DA:1491,1000
DA:1492,0
DA:1494,1
DA:1497,1
DA:1498,1
DA:1501,1
DA:1502,1
DA:1503,1
DA:1504,7
DA:1505,1
DA:1507,1
DA:1508,1
DA:1510,1
DA:1511,1
DA:1512,1
DA:1513,7
DA:1514,0
DA:1516,1
DA:1524,0
DA:1526,0
DA:1529,0
DA:1530,0
DA:1533,0
DA:1534,0
DA:1537,0
DA:1538,0
DA:1539,0
DA:1543,0
DA:1545,0
DA:1548,0
DA:1549,0
DA:1552,0
DA:1553,0
DA:1556,0
DA:1557,0
DA:1558,0
DA:1561,1
DA:1562,1
DA:1565,1
DA:1566,1
DA:1567,1
DA:1570,11
DA:1571,10
DA:1572,10
DA:1573,1
DA:1574,1
DA:1575,1
DA:1578,1
DA:1582,1
DA:1583,1
DA:1586,5
DA:1587,4
DA:1588,4
DA:1589,4
DA:1590,44
DA:1591,40
DA:1592,40
DA:1593,40
DA:1594,40
DA:1596,4
DA:1597,4
DA:1601,5
DA:1602,4
DA:1603,4
DA:1604,1
DA:1611,1
DA:1612,1
DA:1615,1
DA:1618,11
DA:1619,10
DA:1620,10
DA:1621,10
DA:1624,1
DA:1625,1
DA:1627,1
DA:1628,1
DA:1629,1
DA:1632,1
DA:1635,1
DA:1638,1
DA:1639,100
DA:1640,1
DA:1643,1
DA:1644,1
DA:1645,1
DA:1647,1
DA:1648,1
DA:1649,1
DA:1652,1
DA:1654,1
DA:1655,1
DA:1659,0
DA:1660,0
DA:1663,0
DA:1664,0
DA:1666,0
DA:1669,0
DA:1670,0
DA:1671,0
DA:1672,0
DA:1674,0
DA:1675,0
DA:1678,0
DA:1681,0
DA:1682,0
DA:1685,1
DA:1686,1
DA:1689,1
DA:1690,1
DA:1691,1
DA:1692,1
DA:1693,1
DA:1694,1
DA:1695,1
DA:1698,7
DA:1699,6
DA:1701,6
DA:1702,2
DA:1703,0
DA:1704,4
DA:1707,1
DA:1714,1
DA:1715,1
DA:1718,1
DA:1719,1
DA:1720,1
DA:1721,1
DA:1724,4
DA:1725,3
DA:1726,3
DA:1730,1
DA:1731,1
DA:1732,1
DA:1735,3
DA:1736,2
DA:1737,2
DA:1739,1
DA:1742,1
DA:1743,1
DA:1746,1
DA:1754,6
DA:1755,5
DA:1756,5
DA:1757,5
DA:1758,5
DA:1759,5
DA:1762,5
DA:1763,5
DA:1764,5
DA:1766,1
DA:1769,1
DA:1770,1
DA:1773,1
DA:1784,9
DA:1785,8
DA:1786,8
DA:1787,8
DA:1788,8
DA:1789,8
DA:1792,8
DA:1794,1
DA:1797,1
DA:1798,1
DA:1801,1
DA:1808,5
DA:1809,4
DA:1810,4
DA:1811,4
DA:1812,4
DA:1813,4
DA:1816,4
DA:1818,1
DA:1821,1
DA:1822,1
DA:1825,1
DA:1830,3
DA:1831,2
DA:1832,2
DA:1833,2
DA:1834,2
DA:1835,2
DA:1838,2
DA:1840,1
DA:1843,1
DA:1844,1
DA:1847,1
DA:1853,4
DA:1854,3
DA:1855,3
DA:1856,3
DA:1857,3
DA:1858,3
DA:1861,3
DA:1863,1
DA:1866,1
DA:1867,1
DA:1870,1
DA:1877,5
DA:1878,4
DA:1879,4
DA:1880,4
DA:1881,4
DA:1882,4
DA:1885,4
DA:1887,1
DA:1890,1
DA:1891,1
DA:1894,1
DA:1895,1
DA:1898,1
DA:1899,1
DA:1900,1
DA:1901,1
DA:1902,1
DA:1905,1
DA:1906,1
DA:1907,1
DA:1908,1
DA:1909,1
DA:1912,1
DA:1913,1
DA:1920,1
DA:1921,1
DA:1924,1
DA:1925,1
DA:1928,1
DA:1929,1
DA:1930,1
DA:1931,1
DA:1934,1
DA:1935,1
DA:1938,1
DA:1939,1
DA:1940,1
DA:1941,1
DA:1942,1
DA:1944,1
DA:1947,1
DA:1948,1
DA:1951,1
DA:1952,1
DA:1955,1
DA:1956,1
DA:1957,1
DA:1958,1
DA:1959,1
DA:1961,1
DA:1964,1
DA:1965,1
DA:1972,1
DA:1973,1
DA:1976,1
DA:1977,1
DA:1979,1
DA:1980,1
DA:1983,1
DA:1984,1
DA:1987,1
DA:1988,1
DA:1991,1
DA:1992,1
DA:1995,1
DA:1996,1
DA:1999,17
DA:2000,16
DA:2001,16
DA:2003,16
DA:2004,16
DA:2005,0
DA:2007,1
DA:2010,1
DA:2011,1
DA:2014,33
DA:2015,32
DA:2016,32
DA:2018,32
DA:2019,32
DA:2020,0
DA:2022,1
DA:2025,1
DA:2026,1
DA:2029,17
DA:2030,16
DA:2031,16
DA:2032,16
DA:2036,17
DA:2037,16
DA:2038,16
DA:2039,16
DA:2041,1
DA:2044,1
DA:2045,1
DA:2048,1
DA:2049,1
DA:2050,1
DA:2051,1
DA:2052,1
DA:2053,1
DA:2057,6
DA:2058,5
DA:2059,5
DA:2061,1
DA:2062,1
DA:2065,6
DA:2066,5
DA:2067,5
DA:2069,1
DA:2070,1
DA:2071,1
DA:2078,1
DA:2079,1
DA:2082,1
DA:2083,1
DA:2084,1
DA:2085,112
DA:2086,1
DA:2088,1
DA:2089,1
DA:2090,1
DA:2092,1
DA:2093,1
DA:2094,1
DA:2097,1
DA:2098,1
DA:2101,1
DA:2102,1
DA:2103,1
DA:2104,1
DA:2105,1
DA:2108,5
DA:2109,4
DA:2110,4
DA:2111,4
DA:2113,1
DA:2116,1
DA:2121,1
DA:2122,1
DA:2125,9
DA:2126,8
DA:2127,8
DA:2128,8
DA:2129,808
DA:2130,800
DA:2131,800
DA:2132,800
DA:2133,8
DA:2134,8
DA:2138,9
DA:2139,8
DA:2140,8
DA:2143,1
DA:2144,1
DA:2145,1
DA:2146,1
DA:2147,1
DA:2154,1
DA:2157,1
DA:2161,1
DA:2162,1
DA:2163,1
DA:2164,1
DA:2165,1
DA:2166,1
DA:2167,1
DA:2168,1
DA:2170,1
DA:2174,0
DA:2175,1
DA:2176,0
DA:2177,0
DA:2179,1
DA:2182,1
DA:2185,1
DA:2188,1
DA:2189,1
DA:2190,1
DA:2191,1
DA:2192,1
DA:2193,1
DA:2194,1
DA:2195,1
DA:2196,1
DA:2197,1
DA:2198,1
DA:2199,1
DA:2201,1
DA:2203,1
DA:2204,1
DA:2205,1
DA:2206,1
DA:2207,1
DA:2210,1
DA:2213,1
DA:2216,1
DA:2217,1
DA:2218,1
DA:2219,1
DA:2220,1
DA:2221,1
DA:2222,1
DA:2223,1
DA:2225,1
DA:2227,1
DA:2228,1
DA:2231,1
DA:2232,1
DA:2235,1
DA:2236,1
DA:2239,1
DA:2242,1
DA:2245,1
DA:2246,1
DA:2247,1
DA:2248,1
DA:2249,1
DA:2250,1
DA:2251,1
DA:2254,7
DA:2255,6
DA:2256,6
DA:2257,6
DA:2258,6
DA:2259,6
DA:2261,6
DA:2262,6
DA:2263,0
DA:2265,1
DA:2268,1
DA:2271,1
DA:2274,1
DA:2276,1
DA:2277,1
DA:2278,1
DA:2279,1
DA:2283,5
DA:2284,4
DA:2285,4
DA:2286,4
DA:2287,4
DA:2288,4
DA:2290,4
DA:2291,4
DA:2292,0
DA:2294,1
DA:2297,1
DA:2300,1
DA:2303,1
DA:2304,1
DA:2305,1
DA:2306,1
DA:2307,4
DA:2308,4
DA:2309,4
DA:2310,4
DA:2311,4
DA:2313,4
DA:2314,1
DA:2317,1
DA:2319,1
DA:2320,1
DA:2323,1
DA:2324,5
DA:2325,4
DA:2327,1
DA:2330,1
DA:2333,1
DA:2336,4
DA:2337,3
DA:2338,3
DA:2339,3
DA:2340,3
DA:2341,3
DA:2342,3
DA:2343,3
DA:2344,3
DA:2345,3
DA:2346,3
DA:2347,3
DA:2350,1
DA:2351,1
DA:2352,0
DA:2353,1
DA:2361,1
DA:2364,1
DA:2367,1
DA:2368,1
DA:2369,1
DA:2370,1
DA:2371,1
DA:2373,1
DA:2374,1
DA:2376,1
DA:2377,1
DA:2379,1
DA:2380,1
DA:2384,1
DA:2387,1
DA:2390,1
DA:2391,1
DA:2392,1
DA:2393,1
DA:2394,1
DA:2395,1
DA:2396,1
DA:2397,1
DA:2399,1
DA:2400,1
DA:2402,1
DA:2403,1
DA:2405,1
DA:2406,1
DA:2410,1
DA:2413,1
DA:2415,1
DA:2416,1
DA:2417,1
DA:2418,1
DA:2421,4
DA:2422,3
DA:2423,3
DA:2424,3
DA:2425,3
DA:2426,3
DA:2427,3
DA:2428,3
DA:2429,3
DA:2431,3
DA:2432,3
DA:2434,3
DA:2435,3
DA:2436,3
DA:2437,0
DA:2439,1
DA:2443,1
DA:2446,1
DA:2448,1
DA:2449,1
DA:2450,1
DA:2451,1
DA:2454,4
DA:2455,3
DA:2456,3
DA:2457,3
DA:2458,3
DA:2459,3
DA:2460,3
DA:2461,3
DA:2462,3
DA:2464,3
DA:2465,3
DA:2467,3
DA:2468,3
DA:2469,3
DA:2471,1
DA:2475,1
DA:2478,1
DA:2480,1
DA:2487,5
DA:2488,4
DA:2489,4
DA:2490,4
DA:2491,4
DA:2492,4
DA:2493,4
DA:2494,4
DA:2495,4
DA:2497,4
DA:2498,4
DA:2500,4
DA:2501,4
DA:2503,1
DA:2507,1
DA:2510,1
DA:2512,1
DA:2513,1
DA:2514,1
DA:2515,1
DA:2518,4
DA:2519,3
DA:2520,3
DA:2521,3
DA:2522,3
DA:2523,3
DA:2524,3
DA:2525,3
DA:2526,3
DA:2528,3
DA:2529,3
DA:2531,3
DA:2532,3
DA:2533,3
DA:2534,0
DA:2536,1
DA:2540,1
DA:2543,1
DA:2546,1
DA:2547,1
DA:2548,1
DA:2549,1
DA:2550,1
DA:2551,1
DA:2552,1
DA:2553,1
DA:2554,1
DA:2555,1
DA:2556,1
DA:2557,1
DA:2559,1
DA:2560,1
DA:2562,1
DA:2563,1
DA:2564,1
DA:2567,1
DA:2568,1
DA:2569,1
DA:2570,1
DA:2572,0
DA:2574,1
DA:2578,1
DA:2581,1
DA:2583,1
DA:2584,1
DA:2585,1
DA:2588,3
DA:2589,2
DA:2590,2
DA:2591,2
DA:2592,2
DA:2593,2
DA:2595,2
DA:2596,2
DA:2598,2
DA:2599,2
DA:2600,2
DA:2601,0
DA:2603,1
DA:2607,1
DA:2608,1
DA:2611,17
DA:2612,16
DA:2613,16
DA:2614,16
DA:2615,16
DA:2616,16
DA:2617,16
DA:2618,16
DA:2619,16
DA:2621,16
DA:2622,16
DA:2624,16
DA:2625,16
DA:2628,16
DA:2629,0
DA:2631,1
DA:2639,1
DA:2642,1
DA:2645,1
DA:2646,1
DA:2647,1
DA:2648,1
DA:2649,1
DA:2650,1
DA:2651,1
DA:2652,1
DA:2654,1
DA:2658,1
DA:2659,1
DA:2661,1
DA:2664,0
DA:2666,1
DA:2670,1
DA:2673,1
DA:2676,1
DA:2677,1
DA:2678,1
DA:2679,1
DA:2680,1
DA:2681,1
DA:2682,1
DA:2683,1
DA:2685,1
DA:2686,1
DA:2688,1
DA:2689,1
DA:2692,1
DA:2693,1
DA:2694,1
DA:2696,0
DA:2698,1
DA:2702,1
DA:2705,1
DA:2708,1
DA:2710,6
DA:2711,5
DA:2712,5
DA:2713,5
DA:2714,5
DA:2715,5
DA:2716,5
DA:2717,5
DA:2718,5
DA:2719,5
DA:2720,5
DA:2721,5
DA:2722,5
DA:2724,5
DA:2725,5
DA:2727,5
DA:2730,5
DA:2731,5
DA:2732,5
DA:2734,5
DA:2736,0
DA:2739,1
DA:2743,1
DA:2746,1
DA:2749,1
DA:2750,1
DA:2751,1
DA:2752,1
DA:2753,1
DA:2756,5
DA:2757,4
DA:2758,4
DA:2759,4
DA:2760,4
DA:2761,4
DA:2762,4
DA:2763,4
DA:2764,4
DA:2766,4
DA:2769,4
DA:2770,4
DA:2771,4
DA:2772,0
DA:2775,1
DA:2779,1
DA:2780,1
DA:2783,1
DA:2784,1
DA:2785,1
DA:2786,1
DA:2787,1
DA:2790,5
DA:2791,4
DA:2792,4
DA:2793,4
DA:2794,4
DA:2795,4
DA:2798,4
DA:2799,2
DA:2800,2
DA:2801,0
DA:2804,4
DA:2805,4
DA:2807,4
DA:2808,4
DA:2809,4
DA:2811,1
DA:2815,1
DA:2818,1
DA:2821,1
DA:2823,10
DA:2824,9
DA:2825,9
DA:2826,9
DA:2827,9
DA:2828,9
DA:2829,9
DA:2830,9
DA:2831,9
DA:2832,9
DA:2834,9
DA:2837,9
DA:2838,3
DA:2839,6
DA:2842,1
DA:2846,1
DA:2849,1
DA:2852,1
DA:2853,1
DA:2854,1
DA:2855,1
DA:2856,1
DA:2857,1
DA:2858,1
DA:2859,1
DA:2860,1
DA:2861,1
DA:2862,1
DA:2863,1
DA:2864,1
DA:2865,1
DA:2866,1
DA:2867,1
DA:2868,1
DA:2869,1
DA:2870,1
DA:2874,1
DA:2877,1
DA:2879,1
DA:2880,1
DA:2883,4
DA:2884,3
DA:2886,1
DA:2890,1
DA:2893,1
DA:2896,1
DA:2897,1
DA:2898,50
DA:2899,50
DA:2900,50
DA:2901,50
DA:2902,1
DA:2905,1
DA:2906,1
DA:2907,1
DA:2908,1
DA:2911,1
DA:2913,1
DA:2914,1
DA:2917,51
DA:2918,50
DA:2920,1
DA:2924,1
DA:2927,1
DA:2930,1
DA:2931,1
DA:2932,1
DA:2933,1
DA:2934,1
DA:2935,1
DA:2936,1
DA:2937,1
DA:2940,1
DA:2941,1
DA:2944,1
DA:2947,1
DA:2948,1
DA:2951,1
DA:2952,1
DA:2954,1
DA:2955,1
DA:2956,1
DA:2960,1
DA:2963,1
DA:2966,1
DA:2967,1
DA:2968,200
DA:2970,200
DA:2971,200
DA:2972,1
DA:2975,1
DA:2977,1
DA:2979,1
DA:2980,1
DA:2983,201
DA:2984,200
DA:2986,1
DA:2994,1
DA:2997,1
DA:3000,1
DA:3001,1
DA:3002,1
DA:3003,1
DA:3004,1
DA:3005,1
DA:3006,1
DA:3007,1
DA:3008,1
DA:3009,1
DA:3010,1
DA:3011,1
DA:3012,1
DA:3013,1
DA:3014,1
DA:3015,1
DA:3016,1
DA:3017,1
DA:3018,1
DA:3019,1
DA:3020,1
DA:3021,1
DA:3025,1
DA:3028,1
DA:3030,1
DA:3031,0
DA:3032,1
DA:3036,1
DA:3039,1
DA:3042,1
DA:3043,1
DA:3046,11
DA:3047,10
DA:3048,10
DA:3049,10
DA:3050,10
DA:3051,10
DA:3052,10
DA:3053,10
DA:3054,10
DA:3057,1
DA:3058,1
DA:3059,1
DA:3063,1
DA:3066,1
DA:3069,1
DA:3070,1
DA:3073,1
DA:3074,1
DA:3075,1
DA:3076,1
DA:3077,1
DA:3079,6
DA:3080,5
DA:3081,5
DA:3084,1
DA:3085,1
DA:3086,1
DA:3090,1
DA:3095,1
DA:3096,1
DA:3099,21
DA:3100,20
DA:3101,20
DA:3102,1020
DA:3103,1000
DA:3104,1000
DA:3105,1000
DA:3106,1000
DA:3107,1000
DA:3108,1000
DA:3109,1000
DA:3110,1000
DA:3111,1000
DA:3112,1000
DA:3113,1000
DA:3114,1000
DA:3115,1000
DA:3116,20
DA:3117,20
DA:3121,21
DA:3122,20
DA:3123,20
DA:3126,1
DA:3127,1
DA:3128,1
DA:3129,1
DA:3130,1
DA:3134,1
DA:3137,1
DA:3140,1
DA:3141,5
DA:3142,5
DA:3143,5
DA:3144,500
DA:3145,500
DA:3146,500
DA:3147,500
DA:3148,5
DA:3149,5
DA:3150,1
DA:3153,1
DA:3154,1
DA:3155,5
DA:3156,1
DA:3158,1
DA:3160,1
DA:3161,1
DA:3164,5
DA:3165,5
DA:3166,505
DA:3167,500
DA:3170,1
DA:3174,1
DA:3178,1
DA:3180,1
DA:3181,1
DA:3182,1
DA:3183,1
DA:3184,1
DA:3185,1
DA:3186,1
DA:3187,1
DA:3190,11
DA:3191,10
DA:3192,10
DA:3195,1
DA:3196,1001
DA:3197,1000
DA:3198,1000
DA:3199,1
DA:3202,1
DA:3205,1
DA:3206,1
DA:3207,1
DA:3211,1
DA:3214,1
DA:3217,1
DA:3218,1
DA:3219,1
DA:3220,1
DA:3221,1
DA:3222,1
DA:3223,1
DA:3224,1
DA:3225,1
DA:3226,1
DA:3227,1
DA:3228,1
DA:3229,1
DA:3230,1
DA:3231,1
DA:3232,1
DA:3233,1
DA:3234,1
DA:3235,1
DA:3236,1
DA:3237,1
DA:3238,1
DA:3239,1
DA:3240,1
DA:3241,1
DA:3242,1
DA:3243,1
DA:3244,1
DA:3245,1
DA:3246,1
DA:3247,1
DA:3248,1
DA:3249,1
DA:3252,4
DA:3253,3
DA:3254,3
DA:3256,3
DA:3257,3
DA:3258,3
DA:3260,1
DA:3264,1
DA:3267,1
DA:3269,1
DA:3270,1
DA:3271,1
DA:3272,1
DA:3273,1
DA:3276,1
DA:3278,1
DA:3279,1
DA:3280,1
DA:3281,1
DA:3284,1
DA:3287,1
DA:3289,1
DA:3290,1
DA:3291,1
DA:3292,1
DA:3295,1
DA:3298,1
DA:3299,1
DA:3300,1
DA:3301,1
DA:3305,1
DA:3308,1
DA:3310,1
DA:3311,1
DA:3312,1
DA:3313,1
DA:3314,1
DA:3315,1
DA:3316,1
DA:3319,7
DA:3320,6
DA:3321,6
DA:3322,6
DA:3323,6
DA:3324,6
DA:3326,6
DA:3327,6
DA:3328,6
DA:3329,0
DA:3334,6
DA:3335,6
DA:3337,1
DA:3341,1
DA:3344,1
DA:3347,1
DA:3348,6
DA:3349,5
DA:3350,5
DA:3351,5
DA:3352,5
DA:3353,5
DA:3354,5
DA:3355,5
DA:3356,5
DA:3357,5
DA:3358,5
DA:3359,5
DA:3362,1
DA:3363,1
DA:3365,1
DA:3366,1
DA:3368,1
DA:3369,1
DA:3371,1
DA:3372,1
DA:3373,1
DA:3381,1
DA:3384,1
DA:3387,1
DA:3388,1
DA:3389,1
DA:3390,1
DA:3391,1
DA:3392,1
DA:3393,1
DA:3394,1
DA:3395,1
DA:3396,1
DA:3397,1
DA:3398,1
DA:3399,1
DA:3400,1
DA:3401,1
DA:3402,1
DA:3403,1
DA:3404,1
DA:3405,1
DA:3406,1
DA:3407,1
DA:3408,1
DA:3409,1
DA:3411,1
DA:3412,1
DA:3413,1
DA:3414,1
DA:3415,1
DA:3416,1
DA:3417,1
DA:3418,1
DA:3419,1
DA:3420,1
DA:3421,1
DA:3422,1
DA:3423,1
DA:3424,1
DA:3425,1
DA:3426,1
DA:3427,1
DA:3428,1
DA:3429,1
DA:3430,1
DA:3431,1
DA:3432,1
DA:3433,1
DA:3434,1
DA:3435,1
DA:3440,1
DA:3441,1
DA:3442,1
DA:3443,1
DA:3446,1
DA:3448,1
DA:3449,1
DA:3452,1
DA:3453,1
DA:3454,1
DA:3457,4
DA:3458,9
DA:3459,6
DA:3462,1
DA:3466,1
DA:3467,1
DA:3470,1
DA:3471,1
DA:3472,1
DA:3473,1
DA:3474,1
DA:3477,1
DA:3479,1
DA:3480,1
DA:3481,1
DA:3485,1
DA:3488,1
DA:3491,1
DA:3492,1
DA:3493,1
DA:3494,1
DA:3495,1
DA:3496,1
DA:3497,1
DA:3498,1
DA:3499,1
DA:3500,50
DA:3502,50
DA:3503,50
DA:3504,1
DA:3507,1
DA:3508,1
DA:3509,1
DA:3510,1
DA:3513,1
DA:3515,1
DA:3516,1
DA:3517,1
DA:3518,1
DA:3519,1
DA:3520,1
DA:3524,1
DA:3527,1
DA:3529,1
DA:3530,1
DA:3531,1
DA:3532,1
DA:3533,1
DA:3534,1
DA:3535,1
DA:3536,1
DA:3537,1
DA:3538,1
DA:3539,1
DA:3540,1
DA:3541,1
DA:3542,1
DA:3543,1
DA:3544,1
DA:3545,1
DA:3546,1
DA:3548,1
DA:3549,1
DA:3550,1
DA:3551,1
DA:3552,1
DA:3553,1
DA:3554,1
DA:3555,1
DA:3556,1
DA:3560,1
DA:3561,1
DA:3562,1
DA:3563,1
DA:3564,1
DA:3567,1
DA:3568,1
DA:3570,1
DA:3571,1
DA:3572,1
DA:3576,1
DA:3579,1
DA:3581,1
DA:3582,1
DA:3583,1
DA:3584,1
DA:3585,1
DA:3586,1
DA:3590,1
DA:3591,1
DA:3592,1
DA:3593,1
DA:3597,1
DA:3599,1
DA:3600,1
DA:3601,1
DA:3604,1
DA:3605,1
DA:3609,1
DA:3612,1
DA:3615,1
DA:3621,1
DA:3622,1
DA:3623,9
DA:3624,9
DA:3625,9
DA:3626,9
DA:3627,9
DA:3628,9
DA:3629,9
DA:3630,9
DA:3631,9
DA:3632,9
DA:3633,1
DA:3635,1
DA:3636,1
DA:3637,1
DA:3638,1
DA:3641,1
DA:3643,1
DA:3644,1
DA:3647,10
DA:3648,9
DA:3649,9
DA:3651,1
DA:3655,1
DA:3659,1
DA:3662,1
DA:3663,10
DA:3664,10
DA:3665,10
DA:3666,500
DA:3667,500
DA:3668,500
DA:3669,500
DA:3670,10
DA:3671,10
DA:3672,1
DA:3675,1
DA:3676,1
DA:3677,1
DA:3678,1
DA:3679,1
DA:3681,1
DA:3683,1
DA:3686,1
DA:3688,1
DA:3689,1
DA:3691,10
DA:3692,1
DA:3693,1
DA:3697,1
DA:3700,1
DA:3701,1
DA:3703,1
DA:3704,1
DA:3705,1
DA:3706,1
DA:3707,1
DA:3708,1
DA:3709,1
DA:3710,1
DA:3711,1
DA:3712,1
DA:3713,1
DA:3714,1
DA:3715,1
DA:3716,1
DA:3717,1
DA:3718,1
DA:3719,1
DA:3720,1
DA:3722,1
DA:3723,1
DA:3724,1
DA:3725,1
DA:3726,1
DA:3727,1
DA:3728,1
DA:3729,1
DA:3730,1
DA:3735,1
DA:3736,1
DA:3737,1
DA:3738,1
DA:3742,1
DA:3743,3
DA:3744,2
DA:3745,2
DA:3746,2
DA:3749,1
DA:3751,1
DA:3754,1
DA:3756,2
DA:3757,2
DA:3758,0
DA:3760,3
DA:3761,3
DA:3762,0
DA:3763,3
DA:3766,1
DA:3770,1
DA:3771,1
DA:3774,11
DA:3775,10
DA:3776,10
DA:3777,10
DA:3778,10
DA:3779,10
DA:3780,10
DA:3781,10
DA:3782,10
DA:3783,10
DA:3784,10
DA:3785,10
DA:3788,1
DA:3789,1
DA:3792,1
DA:3793,1
DA:3794,1
DA:3798,1
DA:3801,1
DA:3804,1
DA:3805,1
DA:3806,1
DA:3807,1
DA:3808,1
DA:3809,1
DA:3810,1
DA:3811,1
DA:3812,1
DA:3813,1
DA:3814,1
DA:3815,1
DA:3816,1
DA:3817,1
DA:3820,1
DA:3823,1
DA:3824,1
DA:3825,20
DA:3826,20
DA:3827,20
DA:3828,20
DA:3829,1
DA:3831,1
DA:3832,1
DA:3835,1
DA:3836,1
DA:3839,1
DA:3840,1
DA:3843,1
DA:3844,1
DA:3847,1
DA:3850,1
DA:3851,1
DA:3852,1
DA:3853,1
BRF:0
BRH:0
LF:2315
LH:2140
end_of_record
SF:/Users/didi/Desktop/vm/vm-gc/src/adaptive.rs
FN:304,_RNCNvMs2_NtCs4gdf64sH1Y3_5vm_gc8adaptiveNtB7_18PerformanceHistory17problem_frequency0B9_
FNDA:0,_RNCNvMs2_NtCs4gdf64sH1Y3_5vm_gc8adaptiveNtB7_18PerformanceHistory17problem_frequency0B9_
FNF:1
FNH:0
DA:304,0
BRF:0
BRH:0
LF:1
LH:0
end_of_record
SF:/Users/didi/Desktop/vm/vm-gc/src/error.rs
FN:60,_RNvMNtCs4gdf64sH1Y3_5vm_gc5errorNtB2_7GcError13heap_overflow
FNDA:0,_RNvMNtCs4gdf64sH1Y3_5vm_gc5errorNtB2_7GcError13heap_overflow
FNF:1
FNH:0
DA:60,0
DA:61,0
DA:62,0
DA:63,0
DA:64,0
DA:65,0
BRF:0
BRH:0
LF:6
LH:0
end_of_record
SF:/Users/didi/Desktop/vm/vm-gc/src/generational/enhanced.rs
FN:415,_RNCNvMs1_NtNtCs4gdf64sH1Y3_5vm_gc12generational8enhancedNtB7_14GenerationalGC15compact_old_gen0Bb_
FN:266,_RNCNvMs1_NtNtCs4gdf64sH1Y3_5vm_gc12generational8enhancedNtB7_14GenerationalGC8minor_gc0Bb_
FNDA:0,_RNCNvMs1_NtNtCs4gdf64sH1Y3_5vm_gc12generational8enhancedNtB7_14GenerationalGC15compact_old_gen0Bb_
FNDA:0,_RNCNvMs1_NtNtCs4gdf64sH1Y3_5vm_gc12generational8enhancedNtB7_14GenerationalGC8minor_gc0Bb_
FNF:2
FNH:0
DA:266,0
DA:415,0
BRF:0
BRH:0
LF:2
LH:0
end_of_record